<?xml version="1.0" encoding="UTF-8" standalone="no"?>
<!DOCTYPE log SYSTEM "logger.dtd">
<log>
<record>
  <date>2018-11-08T11:00:42</date>
  <millis>1541646042259</millis>
  <sequence>0</sequence>
  <level>START</level>
  <class>com.kms.katalon.core.logging.KeywordLogger</class>
  <method>startSuite</method>
  <thread>1</thread>
  <message>Start Test Suite : Test Suites/ucf88_ts/backoffice/createArena_ts</message>
  <nestedLevel>0</nestedLevel>
  <property name="name">createArena_ts</property>
  <property name="description"></property>
  <property name="id">Test Suites/ucf88_ts/backoffice/createArena_ts</property>
</record>
<record>
  <date>2018-11-08T11:00:42</date>
  <millis>1541646042284</millis>
  <sequence>1</sequence>
  <level>RUN_DATA</level>
  <class>com.kms.katalon.core.logging.KeywordLogger</class>
  <method>logMessage</method>
  <thread>1</thread>
  <message>Logging run data &amp;apos;hostName&amp;apos; with value &amp;apos;janine.bautista - J9&amp;apos;</message>
  <nestedLevel>0</nestedLevel>
  <property name="hostName">janine.bautista - J9</property>
</record>
<record>
  <date>2018-11-08T11:00:42</date>
  <millis>1541646042285</millis>
  <sequence>2</sequence>
  <level>RUN_DATA</level>
  <class>com.kms.katalon.core.logging.KeywordLogger</class>
  <method>logMessage</method>
  <thread>1</thread>
  <message>Logging run data &amp;apos;os&amp;apos; with value &amp;apos;Windows 10 64bit&amp;apos;</message>
  <nestedLevel>0</nestedLevel>
  <property name="os">Windows 10 64bit</property>
</record>
<record>
  <date>2018-11-08T11:00:42</date>
  <millis>1541646042286</millis>
  <sequence>3</sequence>
  <level>RUN_DATA</level>
  <class>com.kms.katalon.core.logging.KeywordLogger</class>
  <method>logMessage</method>
  <thread>1</thread>
  <message>Logging run data &amp;apos;hostAddress&amp;apos; with value &amp;apos;172.16.8.107&amp;apos;</message>
  <nestedLevel>0</nestedLevel>
  <property name="hostAddress">172.16.8.107</property>
</record>
<record>
  <date>2018-11-08T11:00:42</date>
  <millis>1541646042288</millis>
  <sequence>4</sequence>
  <level>RUN_DATA</level>
  <class>com.kms.katalon.core.logging.KeywordLogger</class>
  <method>logMessage</method>
  <thread>1</thread>
  <message>Logging run data &amp;apos;katalonVersion&amp;apos; with value &amp;apos;5.8.6.1&amp;apos;</message>
  <nestedLevel>0</nestedLevel>
  <property name="katalonVersion">5.8.6.1</property>
</record>
<record>
  <date>2018-11-08T11:00:42</date>
  <millis>1541646042538</millis>
  <sequence>5</sequence>
  <level>START</level>
  <class>com.kms.katalon.core.logging.KeywordLogger</class>
  <method>startTest</method>
  <thread>1</thread>
  <message>Start Test Case : Test Cases/ucf88_tc/backoffice/createArena/createArena_tc</message>
  <nestedLevel>1</nestedLevel>
  <property name="name">Test Cases/ucf88_tc/backoffice/createArena/createArena_tc</property>
  <property name="description"></property>
  <property name="id">Test Cases/ucf88_tc/backoffice/createArena/createArena_tc</property>
  <property name="source">C:\\Users\\janine.bautista\\git\\CLICKPLAY\\Test Cases\\ucf88_tc\\backoffice\\createArena\\createArena_tc.tc</property>
  <property name="isOptional">false</property>
</record>
<record>
  <date>2018-11-08T11:00:42</date>
  <millis>1541646042560</millis>
  <sequence>6</sequence>
  <level>INFO</level>
  <class>com.kms.katalon.core.logging.KeywordLogger</class>
  <method>logMessage</method>
  <thread>1</thread>
  <message>Evaluating variables for test case</message>
  <nestedLevel>1</nestedLevel>
</record>
<record>
  <date>2018-11-08T11:00:42</date>
  <millis>1541646042561</millis>
  <sequence>7</sequence>
  <level>INFO</level>
  <class>com.kms.katalon.core.logging.KeywordLogger</class>
  <method>logMessage</method>
  <thread>1</thread>
  <message>Variable &amp;apos;ArenaName&amp;apos; is set to ARENA_TEST</message>
  <nestedLevel>1</nestedLevel>
</record>
<record>
  <date>2018-11-08T11:00:42</date>
  <millis>1541646042563</millis>
  <sequence>8</sequence>
  <level>INFO</level>
  <class>com.kms.katalon.core.logging.KeywordLogger</class>
  <method>logMessage</method>
  <thread>1</thread>
  <message>Variable &amp;apos;EventName&amp;apos; is set to F1</message>
  <nestedLevel>1</nestedLevel>
</record>
<record>
  <date>2018-11-08T11:00:42</date>
  <millis>1541646042565</millis>
  <sequence>9</sequence>
  <level>INFO</level>
  <class>com.kms.katalon.core.logging.KeywordLogger</class>
  <method>logMessage</method>
  <thread>1</thread>
  <message>Variable &amp;apos;Acronym&amp;apos; is set to A1</message>
  <nestedLevel>1</nestedLevel>
</record>
<record>
  <date>2018-11-08T11:00:42</date>
  <millis>1541646042566</millis>
  <sequence>10</sequence>
  <level>INFO</level>
  <class>com.kms.katalon.core.logging.KeywordLogger</class>
  <method>logMessage</method>
  <thread>1</thread>
  <message>Variable &amp;apos;ProfitMargin&amp;apos; is set to 10</message>
  <nestedLevel>1</nestedLevel>
</record>
<record>
  <date>2018-11-08T11:00:42</date>
  <millis>1541646042839</millis>
  <sequence>11</sequence>
  <level>START</level>
  <class>com.kms.katalon.core.logging.KeywordLogger</class>
  <method>startKeyword</method>
  <thread>1</thread>
  <message>Start action : errpack.loginBackoffice.getLogin</message>
  <nestedLevel>1</nestedLevel>
  <property name="startLine">16</property>
  <property name="stepIndex">1</property>
</record>
<record>
  <date>2018-11-08T11:00:43</date>
  <millis>1541646043111</millis>
  <sequence>12</sequence>
  <level>INFO</level>
  <class>com.kms.katalon.core.logging.KeywordLogger</class>
  <method>logMessage</method>
  <thread>1</thread>
  <message>Opening browser</message>
  <nestedLevel>1</nestedLevel>
</record>
<record>
  <date>2018-11-08T11:00:43</date>
  <millis>1541646043118</millis>
  <sequence>13</sequence>
  <level>INFO</level>
  <class>com.kms.katalon.core.logging.KeywordLogger</class>
  <method>logMessage</method>
  <thread>1</thread>
  <message>Starting &amp;apos;Chrome&amp;apos; driver</message>
  <nestedLevel>1</nestedLevel>
</record>
<record>
  <date>2018-11-08T11:00:43</date>
  <millis>1541646043140</millis>
  <sequence>14</sequence>
  <level>INFO</level>
  <class>com.kms.katalon.core.logging.KeywordLogger</class>
  <method>logMessage</method>
  <thread>1</thread>
  <message>Action delay is set to 0 seconds</message>
  <nestedLevel>1</nestedLevel>
</record>
<record>
  <date>2018-11-08T11:00:45</date>
  <millis>1541646045762</millis>
  <sequence>16</sequence>
  <level>RUN_DATA</level>
  <class>com.kms.katalon.core.logging.KeywordLogger</class>
  <method>logMessage</method>
  <thread>1</thread>
  <message>Logging run data &amp;apos;sessionId&amp;apos; with value &amp;apos;5cbeba7d878734ff0482d8a681145d97&amp;apos;</message>
  <nestedLevel>1</nestedLevel>
  <property name="sessionId">5cbeba7d878734ff0482d8a681145d97</property>
</record>
<record>
  <date>2018-11-08T11:00:45</date>
  <millis>1541646045796</millis>
  <sequence>17</sequence>
  <level>RUN_DATA</level>
  <class>com.kms.katalon.core.logging.KeywordLogger</class>
  <method>logMessage</method>
  <thread>1</thread>
  <message>Logging run data &amp;apos;browser&amp;apos; with value &amp;apos;Chrome 70.0.3538.77&amp;apos;</message>
  <nestedLevel>1</nestedLevel>
  <property name="browser">Chrome 70.0.3538.77</property>
</record>
<record>
  <date>2018-11-08T11:00:45</date>
  <millis>1541646045796</millis>
  <sequence>18</sequence>
  <level>RUN_DATA</level>
  <class>com.kms.katalon.core.logging.KeywordLogger</class>
  <method>logMessage</method>
  <thread>1</thread>
  <message>Logging run data &amp;apos;platform&amp;apos; with value &amp;apos;Windows 10&amp;apos;</message>
  <nestedLevel>1</nestedLevel>
  <property name="platform">Windows 10</property>
</record>
<record>
  <date>2018-11-08T11:00:45</date>
  <millis>1541646045798</millis>
  <sequence>19</sequence>
  <level>RUN_DATA</level>
  <class>com.kms.katalon.core.logging.KeywordLogger</class>
  <method>logMessage</method>
  <thread>1</thread>
  <message>Logging run data &amp;apos;seleniumVersion&amp;apos; with value &amp;apos;3.7.1&amp;apos;</message>
  <nestedLevel>1</nestedLevel>
  <property name="seleniumVersion">3.7.1</property>
</record>
<record>
  <date>2018-11-08T11:00:45</date>
  <millis>1541646045799</millis>
  <sequence>20</sequence>
  <level>RUN_DATA</level>
  <class>com.kms.katalon.core.logging.KeywordLogger</class>
  <method>logMessage</method>
  <thread>1</thread>
  <message>Logging run data &amp;apos;proxyInformation&amp;apos; with value &amp;apos;ProxyInformation{proxyOption=NO_PROXY, proxyServerType=HTTP, password=, proxyServerAddress=, proxyServerPort=0}&amp;apos;</message>
  <nestedLevel>1</nestedLevel>
  <property name="proxyInformation">ProxyInformation{proxyOption=NO_PROXY, proxyServerType=HTTP, password=, proxyServerAddress=, proxyServerPort=0}</property>
</record>
<record>
  <date>2018-11-08T11:00:45</date>
  <millis>1541646045800</millis>
  <sequence>21</sequence>
  <level>PASSED</level>
  <class>com.kms.katalon.core.logging.KeywordLogger</class>
  <method>logMessage</method>
  <thread>1</thread>
  <message>Browser is opened with url: &amp;apos;&amp;apos;</message>
  <nestedLevel>1</nestedLevel>
</record>
<record>
  <date>2018-11-08T11:00:45</date>
  <millis>1541646045813</millis>
  <sequence>22</sequence>
  <level>INFO</level>
  <class>com.kms.katalon.core.logging.KeywordLogger</class>
  <method>logMessage</method>
  <thread>1</thread>
  <message>Maximizing current window</message>
  <nestedLevel>1</nestedLevel>
</record>
<record>
  <date>2018-11-08T11:00:46</date>
  <millis>1541646046956</millis>
  <sequence>23</sequence>
  <level>PASSED</level>
  <class>com.kms.katalon.core.logging.KeywordLogger</class>
  <method>logMessage</method>
  <thread>1</thread>
  <message>Current window maximized</message>
  <nestedLevel>1</nestedLevel>
</record>
<record>
  <date>2018-11-08T11:00:46</date>
  <millis>1541646046967</millis>
  <sequence>24</sequence>
  <level>INFO</level>
  <class>com.kms.katalon.core.logging.KeywordLogger</class>
  <method>logMessage</method>
  <thread>1</thread>
  <message>Checking url</message>
  <nestedLevel>1</nestedLevel>
</record>
<record>
  <date>2018-11-08T11:00:46</date>
  <millis>1541646046968</millis>
  <sequence>25</sequence>
  <level>INFO</level>
  <class>com.kms.katalon.core.logging.KeywordLogger</class>
  <method>logMessage</method>
  <thread>1</thread>
  <message>Navigating to &amp;apos;http://dev-admin.ucf88.com/login&amp;apos;</message>
  <nestedLevel>1</nestedLevel>
</record>
<record>
  <date>2018-11-08T11:00:47</date>
  <millis>1541646047682</millis>
  <sequence>26</sequence>
  <level>PASSED</level>
  <class>com.kms.katalon.core.logging.KeywordLogger</class>
  <method>logMessage</method>
  <thread>1</thread>
  <message>Navigate to &amp;apos;http://dev-admin.ucf88.com/login&amp;apos; successfully</message>
  <nestedLevel>1</nestedLevel>
</record>
<record>
  <date>2018-11-08T11:00:47</date>
  <millis>1541646047689</millis>
  <sequence>27</sequence>
  <level>INFO</level>
  <class>com.kms.katalon.core.logging.KeywordLogger</class>
  <method>logMessage</method>
  <thread>1</thread>
  <message>Finding Test Object with id &amp;apos;Object Repository/ucf88_or/backoffice/login_or/input_username_bo&amp;apos;</message>
  <nestedLevel>1</nestedLevel>
</record>
<record>
  <date>2018-11-08T11:00:47</date>
  <millis>1541646047711</millis>
  <sequence>28</sequence>
  <level>INFO</level>
  <class>com.kms.katalon.core.logging.KeywordLogger</class>
  <method>logMessage</method>
  <thread>1</thread>
  <message>Checking object</message>
  <nestedLevel>1</nestedLevel>
</record>
<record>
  <date>2018-11-08T11:00:47</date>
  <millis>1541646047712</millis>
  <sequence>29</sequence>
  <level>INFO</level>
  <class>com.kms.katalon.core.logging.KeywordLogger</class>
  <method>logMessage</method>
  <thread>1</thread>
  <message>Checking text</message>
  <nestedLevel>1</nestedLevel>
</record>
<record>
  <date>2018-11-08T11:00:47</date>
  <millis>1541646047712</millis>
  <sequence>30</sequence>
  <level>INFO</level>
  <class>com.kms.katalon.core.logging.KeywordLogger</class>
  <method>logMessage</method>
  <thread>1</thread>
  <message>Checking timeout</message>
  <nestedLevel>1</nestedLevel>
</record>
<record>
  <date>2018-11-08T11:00:47</date>
  <millis>1541646047720</millis>
  <sequence>31</sequence>
  <level>INFO</level>
  <class>com.kms.katalon.core.logging.KeywordLogger</class>
  <method>logMessage</method>
  <thread>1</thread>
  <message>Finding web element with id: &amp;apos;Object Repository/ucf88_or/backoffice/login_or/input_username_bo&amp;apos; located by &amp;apos;By.xpath: id(\&amp;quot;username\&amp;quot;)[count(. | //input[@type = &amp;apos;text&amp;apos; and @placeholder = &amp;apos;Username&amp;apos; and @name = &amp;apos;name&amp;apos; and @id = &amp;apos;username&amp;apos;]) = count(//input[@type = &amp;apos;text&amp;apos; and @placeholder = &amp;apos;Username&amp;apos; and @name = &amp;apos;name&amp;apos; and @id = &amp;apos;username&amp;apos;])]&amp;apos; in &amp;apos;30&amp;apos; second(s)</message>
  <nestedLevel>1</nestedLevel>
</record>
<record>
  <date>2018-11-08T11:00:47</date>
  <millis>1541646047740</millis>
  <sequence>32</sequence>
  <level>INFO</level>
  <class>com.kms.katalon.core.logging.KeywordLogger</class>
  <method>logMessage</method>
  <thread>1</thread>
  <message>Found 1 web elements with id: &amp;apos;Object Repository/ucf88_or/backoffice/login_or/input_username_bo&amp;apos; located by &amp;apos;By.xpath: id(\&amp;quot;username\&amp;quot;)[count(. | //input[@type = &amp;apos;text&amp;apos; and @placeholder = &amp;apos;Username&amp;apos; and @name = &amp;apos;name&amp;apos; and @id = &amp;apos;username&amp;apos;]) = count(//input[@type = &amp;apos;text&amp;apos; and @placeholder = &amp;apos;Username&amp;apos; and @name = &amp;apos;name&amp;apos; and @id = &amp;apos;username&amp;apos;])]&amp;apos; in &amp;apos;30&amp;apos; second(s)</message>
  <nestedLevel>1</nestedLevel>
</record>
<record>
  <date>2018-11-08T11:00:47</date>
  <millis>1541646047741</millis>
  <sequence>33</sequence>
  <level>INFO</level>
  <class>com.kms.katalon.core.logging.KeywordLogger</class>
  <method>logMessage</method>
  <thread>1</thread>
  <message>Clearing text of object &amp;apos;Object Repository/ucf88_or/backoffice/login_or/input_username_bo&amp;apos;</message>
  <nestedLevel>1</nestedLevel>
</record>
<record>
  <date>2018-11-08T11:00:47</date>
  <millis>1541646047771</millis>
  <sequence>34</sequence>
  <level>INFO</level>
  <class>com.kms.katalon.core.logging.KeywordLogger</class>
  <method>logMessage</method>
  <thread>1</thread>
  <message>Checking timeout</message>
  <nestedLevel>1</nestedLevel>
</record>
<record>
  <date>2018-11-08T11:00:47</date>
  <millis>1541646047771</millis>
  <sequence>35</sequence>
  <level>INFO</level>
  <class>com.kms.katalon.core.logging.KeywordLogger</class>
  <method>logMessage</method>
  <thread>1</thread>
  <message>Finding web element with id: &amp;apos;Object Repository/ucf88_or/backoffice/login_or/input_username_bo&amp;apos; located by &amp;apos;By.xpath: id(\&amp;quot;username\&amp;quot;)[count(. | //input[@type = &amp;apos;text&amp;apos; and @placeholder = &amp;apos;Username&amp;apos; and @name = &amp;apos;name&amp;apos; and @id = &amp;apos;username&amp;apos;]) = count(//input[@type = &amp;apos;text&amp;apos; and @placeholder = &amp;apos;Username&amp;apos; and @name = &amp;apos;name&amp;apos; and @id = &amp;apos;username&amp;apos;])]&amp;apos; in &amp;apos;30&amp;apos; second(s)</message>
  <nestedLevel>1</nestedLevel>
</record>
<record>
  <date>2018-11-08T11:00:47</date>
  <millis>1541646047782</millis>
  <sequence>36</sequence>
  <level>INFO</level>
  <class>com.kms.katalon.core.logging.KeywordLogger</class>
  <method>logMessage</method>
  <thread>1</thread>
  <message>Found 1 web elements with id: &amp;apos;Object Repository/ucf88_or/backoffice/login_or/input_username_bo&amp;apos; located by &amp;apos;By.xpath: id(\&amp;quot;username\&amp;quot;)[count(. | //input[@type = &amp;apos;text&amp;apos; and @placeholder = &amp;apos;Username&amp;apos; and @name = &amp;apos;name&amp;apos; and @id = &amp;apos;username&amp;apos;]) = count(//input[@type = &amp;apos;text&amp;apos; and @placeholder = &amp;apos;Username&amp;apos; and @name = &amp;apos;name&amp;apos; and @id = &amp;apos;username&amp;apos;])]&amp;apos; in &amp;apos;30&amp;apos; second(s)</message>
  <nestedLevel>1</nestedLevel>
</record>
<record>
  <date>2018-11-08T11:00:47</date>
  <millis>1541646047788</millis>
  <sequence>37</sequence>
  <level>INFO</level>
  <class>com.kms.katalon.core.logging.KeywordLogger</class>
  <method>logMessage</method>
  <thread>1</thread>
  <message>Setting text of object &amp;apos;Object Repository/ucf88_or/backoffice/login_or/input_username_bo&amp;apos; to value &amp;apos;errorman&amp;apos;</message>
  <nestedLevel>1</nestedLevel>
</record>
<record>
  <date>2018-11-08T11:00:47</date>
  <millis>1541646047837</millis>
  <sequence>38</sequence>
  <level>PASSED</level>
  <class>com.kms.katalon.core.logging.KeywordLogger</class>
  <method>logMessage</method>
  <thread>1</thread>
  <message>Text &amp;apos;errorman&amp;apos; is set on object &amp;apos;Object Repository/ucf88_or/backoffice/login_or/input_username_bo&amp;apos;</message>
  <nestedLevel>1</nestedLevel>
</record>
<record>
  <date>2018-11-08T11:00:47</date>
  <millis>1541646047838</millis>
  <sequence>39</sequence>
  <level>INFO</level>
  <class>com.kms.katalon.core.logging.KeywordLogger</class>
  <method>logMessage</method>
  <thread>1</thread>
  <message>Finding Test Object with id &amp;apos;Object Repository/ucf88_or/backoffice/login_or/input_password_bo&amp;apos;</message>
  <nestedLevel>1</nestedLevel>
</record>
<record>
  <date>2018-11-08T11:00:47</date>
  <millis>1541646047850</millis>
  <sequence>40</sequence>
  <level>INFO</level>
  <class>com.kms.katalon.core.logging.KeywordLogger</class>
  <method>logMessage</method>
  <thread>1</thread>
  <message>Checking object</message>
  <nestedLevel>1</nestedLevel>
</record>
<record>
  <date>2018-11-08T11:00:47</date>
  <millis>1541646047851</millis>
  <sequence>41</sequence>
  <level>INFO</level>
  <class>com.kms.katalon.core.logging.KeywordLogger</class>
  <method>logMessage</method>
  <thread>1</thread>
  <message>Checking text</message>
  <nestedLevel>1</nestedLevel>
</record>
<record>
  <date>2018-11-08T11:00:47</date>
  <millis>1541646047898</millis>
  <sequence>42</sequence>
  <level>INFO</level>
  <class>com.kms.katalon.core.logging.KeywordLogger</class>
  <method>logMessage</method>
  <thread>1</thread>
  <message>Checking timeout</message>
  <nestedLevel>1</nestedLevel>
</record>
<record>
  <date>2018-11-08T11:00:47</date>
  <millis>1541646047899</millis>
  <sequence>43</sequence>
  <level>INFO</level>
  <class>com.kms.katalon.core.logging.KeywordLogger</class>
  <method>logMessage</method>
  <thread>1</thread>
  <message>Finding web element with id: &amp;apos;Object Repository/ucf88_or/backoffice/login_or/input_password_bo&amp;apos; located by &amp;apos;By.xpath: id(\&amp;quot;password\&amp;quot;)[count(. | //input[@type = &amp;apos;password&amp;apos; and @placeholder = &amp;apos;Password&amp;apos; and @name = &amp;apos;password&amp;apos; and @id = &amp;apos;password&amp;apos;]) = count(//input[@type = &amp;apos;password&amp;apos; and @placeholder = &amp;apos;Password&amp;apos; and @name = &amp;apos;password&amp;apos; and @id = &amp;apos;password&amp;apos;])]&amp;apos; in &amp;apos;30&amp;apos; second(s)</message>
  <nestedLevel>1</nestedLevel>
</record>
<record>
  <date>2018-11-08T11:00:47</date>
  <millis>1541646047919</millis>
  <sequence>44</sequence>
  <level>INFO</level>
  <class>com.kms.katalon.core.logging.KeywordLogger</class>
  <method>logMessage</method>
  <thread>1</thread>
  <message>Found 1 web elements with id: &amp;apos;Object Repository/ucf88_or/backoffice/login_or/input_password_bo&amp;apos; located by &amp;apos;By.xpath: id(\&amp;quot;password\&amp;quot;)[count(. | //input[@type = &amp;apos;password&amp;apos; and @placeholder = &amp;apos;Password&amp;apos; and @name = &amp;apos;password&amp;apos; and @id = &amp;apos;password&amp;apos;]) = count(//input[@type = &amp;apos;password&amp;apos; and @placeholder = &amp;apos;Password&amp;apos; and @name = &amp;apos;password&amp;apos; and @id = &amp;apos;password&amp;apos;])]&amp;apos; in &amp;apos;30&amp;apos; second(s)</message>
  <nestedLevel>1</nestedLevel>
</record>
<record>
  <date>2018-11-08T11:00:47</date>
  <millis>1541646047920</millis>
  <sequence>45</sequence>
  <level>INFO</level>
  <class>com.kms.katalon.core.logging.KeywordLogger</class>
  <method>logMessage</method>
  <thread>1</thread>
  <message>Clearing text of object &amp;apos;Object Repository/ucf88_or/backoffice/login_or/input_password_bo&amp;apos;</message>
  <nestedLevel>1</nestedLevel>
</record>
<record>
  <date>2018-11-08T11:00:47</date>
  <millis>1541646047952</millis>
  <sequence>46</sequence>
  <level>INFO</level>
  <class>com.kms.katalon.core.logging.KeywordLogger</class>
  <method>logMessage</method>
  <thread>1</thread>
  <message>Setting  text of object &amp;apos;Object Repository/ucf88_or/backoffice/login_or/input_password_bo&amp;apos; to value ******</message>
  <nestedLevel>1</nestedLevel>
</record>
<record>
  <date>2018-11-08T11:00:47</date>
  <millis>1541646047987</millis>
  <sequence>47</sequence>
  <level>PASSED</level>
  <class>com.kms.katalon.core.logging.KeywordLogger</class>
  <method>logMessage</method>
  <thread>1</thread>
  <message>Text ****** has been set on object &amp;apos;Object Repository/ucf88_or/backoffice/login_or/input_password_bo&amp;apos;</message>
  <nestedLevel>1</nestedLevel>
</record>
<record>
  <date>2018-11-08T11:00:47</date>
  <millis>1541646047987</millis>
  <sequence>48</sequence>
  <level>INFO</level>
  <class>com.kms.katalon.core.logging.KeywordLogger</class>
  <method>logMessage</method>
  <thread>1</thread>
  <message>Finding Test Object with id &amp;apos;Object Repository/ucf88_or/backoffice/login_or/button_login_bo&amp;apos;</message>
  <nestedLevel>1</nestedLevel>
</record>
<record>
  <date>2018-11-08T11:00:47</date>
  <millis>1541646047999</millis>
  <sequence>49</sequence>
  <level>INFO</level>
  <class>com.kms.katalon.core.logging.KeywordLogger</class>
  <method>logMessage</method>
  <thread>1</thread>
  <message>Checking object</message>
  <nestedLevel>1</nestedLevel>
</record>
<record>
  <date>2018-11-08T11:00:47</date>
  <millis>1541646047999</millis>
  <sequence>50</sequence>
  <level>INFO</level>
  <class>com.kms.katalon.core.logging.KeywordLogger</class>
  <method>logMessage</method>
  <thread>1</thread>
  <message>Checking timeout</message>
  <nestedLevel>1</nestedLevel>
</record>
<record>
  <date>2018-11-08T11:00:48</date>
  <millis>1541646048000</millis>
  <sequence>51</sequence>
  <level>INFO</level>
  <class>com.kms.katalon.core.logging.KeywordLogger</class>
  <method>logMessage</method>
  <thread>1</thread>
  <message>Finding web element with id: &amp;apos;Object Repository/ucf88_or/backoffice/login_or/button_login_bo&amp;apos; located by &amp;apos;By.xpath: //button[@type=&amp;apos;submit&amp;apos;]&amp;apos; in &amp;apos;30&amp;apos; second(s)</message>
  <nestedLevel>1</nestedLevel>
</record>
<record>
  <date>2018-11-08T11:00:48</date>
  <millis>1541646048017</millis>
  <sequence>52</sequence>
  <level>INFO</level>
  <class>com.kms.katalon.core.logging.KeywordLogger</class>
  <method>logMessage</method>
  <thread>1</thread>
  <message>Found 1 web elements with id: &amp;apos;Object Repository/ucf88_or/backoffice/login_or/button_login_bo&amp;apos; located by &amp;apos;By.xpath: //button[@type=&amp;apos;submit&amp;apos;]&amp;apos; in &amp;apos;30&amp;apos; second(s)</message>
  <nestedLevel>1</nestedLevel>
</record>
<record>
  <date>2018-11-08T11:00:48</date>
  <millis>1541646048018</millis>
  <sequence>53</sequence>
  <level>INFO</level>
  <class>com.kms.katalon.core.logging.KeywordLogger</class>
  <method>logMessage</method>
  <thread>1</thread>
  <message>Clicking on object: &amp;apos;Object Repository/ucf88_or/backoffice/login_or/button_login_bo&amp;apos;</message>
  <nestedLevel>1</nestedLevel>
</record>
<record>
  <date>2018-11-08T11:00:50</date>
  <millis>1541646050165</millis>
  <sequence>54</sequence>
  <level>PASSED</level>
  <class>com.kms.katalon.core.logging.KeywordLogger</class>
  <method>logMessage</method>
  <thread>1</thread>
  <message>Object: &amp;apos;Object Repository/ucf88_or/backoffice/login_or/button_login_bo&amp;apos; is clicked on</message>
  <nestedLevel>1</nestedLevel>
</record>
<record>
  <date>2018-11-08T11:00:50</date>
  <millis>1541646050165</millis>
  <sequence>55</sequence>
  <level>PASSED</level>
  <class>com.kms.katalon.core.logging.KeywordLogger</class>
  <method>logMessage</method>
  <thread>1</thread>
  <message>errpack.loginBackoffice.getLogin is PASSED</message>
  <nestedLevel>1</nestedLevel>
</record>
<record>
  <date>2018-11-08T11:00:50</date>
  <millis>1541646050166</millis>
  <sequence>56</sequence>
  <level>END</level>
  <class>com.kms.katalon.core.logging.KeywordLogger</class>
  <method>endKeyword</method>
  <thread>1</thread>
  <message>End action : errpack.loginBackoffice.getLogin</message>
  <nestedLevel>1</nestedLevel>
</record>
<record>
  <date>2018-11-08T11:00:50</date>
  <millis>1541646050166</millis>
  <sequence>57</sequence>
  <level>START</level>
  <class>com.kms.katalon.core.logging.KeywordLogger</class>
  <method>startKeyword</method>
  <thread>1</thread>
  <message>Start action : mouseOver</message>
  <nestedLevel>1</nestedLevel>
  <property name="startLine">18</property>
  <property name="stepIndex">2</property>
</record>
<record>
  <date>2018-11-08T11:00:50</date>
  <millis>1541646050166</millis>
  <sequence>58</sequence>
  <level>INFO</level>
  <class>com.kms.katalon.core.logging.KeywordLogger</class>
  <method>logMessage</method>
  <thread>1</thread>
  <message>Finding Test Object with id &amp;apos;Object Repository/ucf88_or/backoffice/header_or/span_Betting&amp;apos;</message>
  <nestedLevel>1</nestedLevel>
</record>
<record>
  <date>2018-11-08T11:00:50</date>
  <millis>1541646050176</millis>
  <sequence>59</sequence>
  <level>INFO</level>
  <class>com.kms.katalon.core.logging.KeywordLogger</class>
  <method>logMessage</method>
  <thread>1</thread>
  <message>Checking object</message>
  <nestedLevel>1</nestedLevel>
</record>
<record>
  <date>2018-11-08T11:00:50</date>
  <millis>1541646050176</millis>
  <sequence>60</sequence>
  <level>INFO</level>
  <class>com.kms.katalon.core.logging.KeywordLogger</class>
  <method>logMessage</method>
  <thread>1</thread>
  <message>Checking timeout</message>
  <nestedLevel>1</nestedLevel>
</record>
<record>
  <date>2018-11-08T11:00:50</date>
  <millis>1541646050178</millis>
  <sequence>61</sequence>
  <level>INFO</level>
  <class>com.kms.katalon.core.logging.KeywordLogger</class>
  <method>logMessage</method>
  <thread>1</thread>
  <message>Finding web element with id: &amp;apos;Object Repository/ucf88_or/backoffice/header_or/span_Betting&amp;apos; located by &amp;apos;By.xpath: id(\&amp;quot;nav_Betting\&amp;quot;)/span[1][count(. | //span[(text() = &amp;apos;Betting&amp;apos; or . = &amp;apos;Betting&amp;apos;)]) = count(//span[(text() = &amp;apos;Betting&amp;apos; or . = &amp;apos;Betting&amp;apos;)])]&amp;apos; in &amp;apos;30&amp;apos; second(s)</message>
  <nestedLevel>1</nestedLevel>
</record>
<record>
  <date>2018-11-08T11:00:50</date>
  <millis>1541646050225</millis>
  <sequence>62</sequence>
  <level>INFO</level>
  <class>com.kms.katalon.core.logging.KeywordLogger</class>
  <method>logMessage</method>
  <thread>1</thread>
  <message>Found 1 web elements with id: &amp;apos;Object Repository/ucf88_or/backoffice/header_or/span_Betting&amp;apos; located by &amp;apos;By.xpath: id(\&amp;quot;nav_Betting\&amp;quot;)/span[1][count(. | //span[(text() = &amp;apos;Betting&amp;apos; or . = &amp;apos;Betting&amp;apos;)]) = count(//span[(text() = &amp;apos;Betting&amp;apos; or . = &amp;apos;Betting&amp;apos;)])]&amp;apos; in &amp;apos;30&amp;apos; second(s)</message>
  <nestedLevel>1</nestedLevel>
</record>
<record>
  <date>2018-11-08T11:00:50</date>
  <millis>1541646050225</millis>
  <sequence>63</sequence>
  <level>INFO</level>
  <class>com.kms.katalon.core.logging.KeywordLogger</class>
  <method>logMessage</method>
  <thread>1</thread>
  <message>Moving mouse over object: &amp;apos;Object Repository/ucf88_or/backoffice/header_or/span_Betting&amp;apos;</message>
  <nestedLevel>1</nestedLevel>
</record>
<record>
  <date>2018-11-08T11:00:50</date>
  <millis>1541646050284</millis>
  <sequence>64</sequence>
  <level>PASSED</level>
  <class>com.kms.katalon.core.logging.KeywordLogger</class>
  <method>logMessage</method>
  <thread>1</thread>
  <message>Object: &amp;apos;Object Repository/ucf88_or/backoffice/header_or/span_Betting&amp;apos; is hovered</message>
  <nestedLevel>1</nestedLevel>
</record>
<record>
  <date>2018-11-08T11:00:50</date>
  <millis>1541646050284</millis>
  <sequence>65</sequence>
  <level>END</level>
  <class>com.kms.katalon.core.logging.KeywordLogger</class>
  <method>endKeyword</method>
  <thread>1</thread>
  <message>End action : mouseOver</message>
  <nestedLevel>1</nestedLevel>
</record>
<record>
  <date>2018-11-08T11:00:50</date>
  <millis>1541646050285</millis>
  <sequence>66</sequence>
  <level>START</level>
  <class>com.kms.katalon.core.logging.KeywordLogger</class>
  <method>startKeyword</method>
  <thread>1</thread>
  <message>Start action : verifyElementPresent</message>
  <nestedLevel>1</nestedLevel>
  <property name="startLine">20</property>
  <property name="stepIndex">3</property>
</record>
<record>
  <date>2018-11-08T11:00:50</date>
  <millis>1541646050285</millis>
  <sequence>67</sequence>
  <level>INFO</level>
  <class>com.kms.katalon.core.logging.KeywordLogger</class>
  <method>logMessage</method>
  <thread>1</thread>
  <message>Finding Test Object with id &amp;apos;Object Repository/ucf88_or/backoffice/header_or/span_Arena&amp;apos;</message>
  <nestedLevel>1</nestedLevel>
</record>
<record>
  <date>2018-11-08T11:00:50</date>
  <millis>1541646050317</millis>
  <sequence>68</sequence>
  <level>INFO</level>
  <class>com.kms.katalon.core.logging.KeywordLogger</class>
  <method>logMessage</method>
  <thread>1</thread>
  <message>Checking object</message>
  <nestedLevel>1</nestedLevel>
</record>
<record>
  <date>2018-11-08T11:00:50</date>
  <millis>1541646050318</millis>
  <sequence>69</sequence>
  <level>INFO</level>
  <class>com.kms.katalon.core.logging.KeywordLogger</class>
  <method>logMessage</method>
  <thread>1</thread>
  <message>Checking timeout</message>
  <nestedLevel>1</nestedLevel>
</record>
<record>
  <date>2018-11-08T11:00:50</date>
  <millis>1541646050318</millis>
  <sequence>70</sequence>
  <level>INFO</level>
  <class>com.kms.katalon.core.logging.KeywordLogger</class>
  <method>logMessage</method>
  <thread>1</thread>
  <message>Finding web element with id: &amp;apos;Object Repository/ucf88_or/backoffice/header_or/span_Arena&amp;apos; located by &amp;apos;By.xpath: id(\&amp;quot;nav_Arena\&amp;quot;)/span[1][count(. | //span[(text() = &amp;apos;Arena&amp;apos; or . = &amp;apos;Arena&amp;apos;)]) = count(//span[(text() = &amp;apos;Arena&amp;apos; or . = &amp;apos;Arena&amp;apos;)])]&amp;apos; in &amp;apos;2&amp;apos; second(s)</message>
  <nestedLevel>1</nestedLevel>
</record>
<record>
  <date>2018-11-08T11:00:50</date>
  <millis>1541646050335</millis>
  <sequence>71</sequence>
  <level>INFO</level>
  <class>com.kms.katalon.core.logging.KeywordLogger</class>
  <method>logMessage</method>
  <thread>1</thread>
  <message>Found 1 web elements with id: &amp;apos;Object Repository/ucf88_or/backoffice/header_or/span_Arena&amp;apos; located by &amp;apos;By.xpath: id(\&amp;quot;nav_Arena\&amp;quot;)/span[1][count(. | //span[(text() = &amp;apos;Arena&amp;apos; or . = &amp;apos;Arena&amp;apos;)]) = count(//span[(text() = &amp;apos;Arena&amp;apos; or . = &amp;apos;Arena&amp;apos;)])]&amp;apos; in &amp;apos;2&amp;apos; second(s)</message>
  <nestedLevel>1</nestedLevel>
</record>
<record>
  <date>2018-11-08T11:00:50</date>
  <millis>1541646050335</millis>
  <sequence>72</sequence>
  <level>PASSED</level>
  <class>com.kms.katalon.core.logging.KeywordLogger</class>
  <method>logMessage</method>
  <thread>1</thread>
  <message>Object &amp;apos;Object Repository/ucf88_or/backoffice/header_or/span_Arena&amp;apos; is present</message>
  <nestedLevel>1</nestedLevel>
</record>
<record>
  <date>2018-11-08T11:00:50</date>
  <millis>1541646050336</millis>
  <sequence>73</sequence>
  <level>END</level>
  <class>com.kms.katalon.core.logging.KeywordLogger</class>
  <method>endKeyword</method>
  <thread>1</thread>
  <message>End action : verifyElementPresent</message>
  <nestedLevel>1</nestedLevel>
</record>
<record>
  <date>2018-11-08T11:00:50</date>
  <millis>1541646050336</millis>
  <sequence>74</sequence>
  <level>START</level>
  <class>com.kms.katalon.core.logging.KeywordLogger</class>
  <method>startKeyword</method>
  <thread>1</thread>
  <message>Start action : click</message>
  <nestedLevel>1</nestedLevel>
  <property name="startLine">22</property>
  <property name="stepIndex">4</property>
</record>
<record>
  <date>2018-11-08T11:00:50</date>
  <millis>1541646050336</millis>
  <sequence>75</sequence>
  <level>INFO</level>
  <class>com.kms.katalon.core.logging.KeywordLogger</class>
  <method>logMessage</method>
  <thread>1</thread>
  <message>Finding Test Object with id &amp;apos;Object Repository/ucf88_or/backoffice/header_or/span_Arena&amp;apos;</message>
  <nestedLevel>1</nestedLevel>
</record>
<record>
  <date>2018-11-08T11:00:50</date>
  <millis>1541646050340</millis>
  <sequence>76</sequence>
  <level>INFO</level>
  <class>com.kms.katalon.core.logging.KeywordLogger</class>
  <method>logMessage</method>
  <thread>1</thread>
  <message>Checking object</message>
  <nestedLevel>1</nestedLevel>
</record>
<record>
  <date>2018-11-08T11:00:50</date>
  <millis>1541646050341</millis>
  <sequence>77</sequence>
  <level>INFO</level>
  <class>com.kms.katalon.core.logging.KeywordLogger</class>
  <method>logMessage</method>
  <thread>1</thread>
  <message>Checking timeout</message>
  <nestedLevel>1</nestedLevel>
</record>
<record>
  <date>2018-11-08T11:00:50</date>
  <millis>1541646050341</millis>
  <sequence>78</sequence>
  <level>INFO</level>
  <class>com.kms.katalon.core.logging.KeywordLogger</class>
  <method>logMessage</method>
  <thread>1</thread>
  <message>Finding web element with id: &amp;apos;Object Repository/ucf88_or/backoffice/header_or/span_Arena&amp;apos; located by &amp;apos;By.xpath: id(\&amp;quot;nav_Arena\&amp;quot;)/span[1][count(. | //span[(text() = &amp;apos;Arena&amp;apos; or . = &amp;apos;Arena&amp;apos;)]) = count(//span[(text() = &amp;apos;Arena&amp;apos; or . = &amp;apos;Arena&amp;apos;)])]&amp;apos; in &amp;apos;30&amp;apos; second(s)</message>
  <nestedLevel>1</nestedLevel>
</record>
<record>
  <date>2018-11-08T11:00:50</date>
  <millis>1541646050351</millis>
  <sequence>79</sequence>
  <level>INFO</level>
  <class>com.kms.katalon.core.logging.KeywordLogger</class>
  <method>logMessage</method>
  <thread>1</thread>
  <message>Found 1 web elements with id: &amp;apos;Object Repository/ucf88_or/backoffice/header_or/span_Arena&amp;apos; located by &amp;apos;By.xpath: id(\&amp;quot;nav_Arena\&amp;quot;)/span[1][count(. | //span[(text() = &amp;apos;Arena&amp;apos; or . = &amp;apos;Arena&amp;apos;)]) = count(//span[(text() = &amp;apos;Arena&amp;apos; or . = &amp;apos;Arena&amp;apos;)])]&amp;apos; in &amp;apos;30&amp;apos; second(s)</message>
  <nestedLevel>1</nestedLevel>
</record>
<record>
  <date>2018-11-08T11:00:50</date>
  <millis>1541646050351</millis>
  <sequence>80</sequence>
  <level>INFO</level>
  <class>com.kms.katalon.core.logging.KeywordLogger</class>
  <method>logMessage</method>
  <thread>1</thread>
  <message>Clicking on object: &amp;apos;Object Repository/ucf88_or/backoffice/header_or/span_Arena&amp;apos;</message>
  <nestedLevel>1</nestedLevel>
</record>
<record>
  <date>2018-11-08T11:00:51</date>
  <millis>1541646051091</millis>
  <sequence>81</sequence>
  <level>PASSED</level>
  <class>com.kms.katalon.core.logging.KeywordLogger</class>
  <method>logMessage</method>
  <thread>1</thread>
  <message>Object: &amp;apos;Object Repository/ucf88_or/backoffice/header_or/span_Arena&amp;apos; is clicked on</message>
  <nestedLevel>1</nestedLevel>
</record>
<record>
  <date>2018-11-08T11:00:51</date>
  <millis>1541646051092</millis>
  <sequence>82</sequence>
  <level>END</level>
  <class>com.kms.katalon.core.logging.KeywordLogger</class>
  <method>endKeyword</method>
  <thread>1</thread>
  <message>End action : click</message>
  <nestedLevel>1</nestedLevel>
</record>
<record>
  <date>2018-11-08T11:00:51</date>
  <millis>1541646051092</millis>
  <sequence>83</sequence>
  <level>START</level>
  <class>com.kms.katalon.core.logging.KeywordLogger</class>
  <method>startKeyword</method>
  <thread>1</thread>
  <message>Start action : click</message>
  <nestedLevel>1</nestedLevel>
  <property name="startLine">24</property>
  <property name="stepIndex">5</property>
</record>
<record>
  <date>2018-11-08T11:00:51</date>
  <millis>1541646051093</millis>
  <sequence>84</sequence>
  <level>INFO</level>
  <class>com.kms.katalon.core.logging.KeywordLogger</class>
  <method>logMessage</method>
  <thread>1</thread>
  <message>Finding Test Object with id &amp;apos;Object Repository/ucf88_or/backoffice/createArena_or/button_createArena&amp;apos;</message>
  <nestedLevel>1</nestedLevel>
</record>
<record>
  <date>2018-11-08T11:00:51</date>
  <millis>1541646051120</millis>
  <sequence>85</sequence>
  <level>INFO</level>
  <class>com.kms.katalon.core.logging.KeywordLogger</class>
  <method>logMessage</method>
  <thread>1</thread>
  <message>Checking object</message>
  <nestedLevel>1</nestedLevel>
</record>
<record>
  <date>2018-11-08T11:00:51</date>
  <millis>1541646051120</millis>
  <sequence>86</sequence>
  <level>INFO</level>
  <class>com.kms.katalon.core.logging.KeywordLogger</class>
  <method>logMessage</method>
  <thread>1</thread>
  <message>Checking timeout</message>
  <nestedLevel>1</nestedLevel>
</record>
<record>
  <date>2018-11-08T11:00:51</date>
  <millis>1541646051120</millis>
  <sequence>87</sequence>
  <level>INFO</level>
  <class>com.kms.katalon.core.logging.KeywordLogger</class>
  <method>logMessage</method>
  <thread>1</thread>
  <message>Finding web element with id: &amp;apos;Object Repository/ucf88_or/backoffice/createArena_or/button_createArena&amp;apos; located by &amp;apos;By.xpath: id(\&amp;quot;sports\&amp;quot;)/div[@class=\&amp;quot;portlet light\&amp;quot;]/div[@class=\&amp;quot;actions left\&amp;quot;]/button[@class=\&amp;quot;btn btn-success btn-xs btn-circle\&amp;quot;][count(. | //button[@href = &amp;apos;#add-arena&amp;apos; and (text() = &amp;apos;\n                                     Create Arena\n                                &amp;apos; or . = &amp;apos;\n                                     Create Arena\n                                &amp;apos;)]) = count(//button[@href = &amp;apos;#add-arena&amp;apos; and (text() = &amp;apos;\n                                     Create Arena\n                                &amp;apos; or . = &amp;apos;\n                                     Create Arena\n                                &amp;apos;)])]&amp;apos; in &amp;apos;30&amp;apos; second(s)</message>
  <nestedLevel>1</nestedLevel>
</record>
<record>
  <date>2018-11-08T11:00:51</date>
  <millis>1541646051137</millis>
  <sequence>88</sequence>
  <level>INFO</level>
  <class>com.kms.katalon.core.logging.KeywordLogger</class>
  <method>logMessage</method>
  <thread>1</thread>
  <message>Found 1 web elements with id: &amp;apos;Object Repository/ucf88_or/backoffice/createArena_or/button_createArena&amp;apos; located by &amp;apos;By.xpath: id(\&amp;quot;sports\&amp;quot;)/div[@class=\&amp;quot;portlet light\&amp;quot;]/div[@class=\&amp;quot;actions left\&amp;quot;]/button[@class=\&amp;quot;btn btn-success btn-xs btn-circle\&amp;quot;][count(. | //button[@href = &amp;apos;#add-arena&amp;apos; and (text() = &amp;apos;\n                                     Create Arena\n                                &amp;apos; or . = &amp;apos;\n                                     Create Arena\n                                &amp;apos;)]) = count(//button[@href = &amp;apos;#add-arena&amp;apos; and (text() = &amp;apos;\n                                     Create Arena\n                                &amp;apos; or . = &amp;apos;\n                                     Create Arena\n                                &amp;apos;)])]&amp;apos; in &amp;apos;30&amp;apos; second(s)</message>
  <nestedLevel>1</nestedLevel>
</record>
<record>
  <date>2018-11-08T11:00:51</date>
  <millis>1541646051138</millis>
  <sequence>89</sequence>
  <level>INFO</level>
  <class>com.kms.katalon.core.logging.KeywordLogger</class>
  <method>logMessage</method>
  <thread>1</thread>
  <message>Clicking on object: &amp;apos;Object Repository/ucf88_or/backoffice/createArena_or/button_createArena&amp;apos;</message>
  <nestedLevel>1</nestedLevel>
</record>
<record>
  <date>2018-11-08T11:00:51</date>
  <millis>1541646051203</millis>
  <sequence>90</sequence>
  <level>PASSED</level>
  <class>com.kms.katalon.core.logging.KeywordLogger</class>
  <method>logMessage</method>
  <thread>1</thread>
  <message>Object: &amp;apos;Object Repository/ucf88_or/backoffice/createArena_or/button_createArena&amp;apos; is clicked on</message>
  <nestedLevel>1</nestedLevel>
</record>
<record>
  <date>2018-11-08T11:00:51</date>
  <millis>1541646051203</millis>
  <sequence>91</sequence>
  <level>END</level>
  <class>com.kms.katalon.core.logging.KeywordLogger</class>
  <method>endKeyword</method>
  <thread>1</thread>
  <message>End action : click</message>
  <nestedLevel>1</nestedLevel>
</record>
<record>
  <date>2018-11-08T11:00:51</date>
  <millis>1541646051203</millis>
  <sequence>92</sequence>
  <level>START</level>
  <class>com.kms.katalon.core.logging.KeywordLogger</class>
  <method>startKeyword</method>
  <thread>1</thread>
  <message>Start action : delay</message>
  <nestedLevel>1</nestedLevel>
  <property name="startLine">26</property>
  <property name="stepIndex">6</property>
</record>
<record>
  <date>2018-11-08T11:00:51</date>
  <millis>1541646051221</millis>
  <sequence>93</sequence>
  <level>INFO</level>
  <class>com.kms.katalon.core.logging.KeywordLogger</class>
  <method>logMessage</method>
  <thread>1</thread>
  <message>Delaying browser in 1 second(s)</message>
  <nestedLevel>1</nestedLevel>
</record>
<record>
  <date>2018-11-08T11:00:52</date>
  <millis>1541646052222</millis>
  <sequence>94</sequence>
  <level>PASSED</level>
  <class>com.kms.katalon.core.logging.KeywordLogger</class>
  <method>logMessage</method>
  <thread>1</thread>
  <message>Delayed 1 second(s)</message>
  <nestedLevel>1</nestedLevel>
</record>
<record>
  <date>2018-11-08T11:00:52</date>
  <millis>1541646052223</millis>
  <sequence>95</sequence>
  <level>END</level>
  <class>com.kms.katalon.core.logging.KeywordLogger</class>
  <method>endKeyword</method>
  <thread>1</thread>
  <message>End action : delay</message>
  <nestedLevel>1</nestedLevel>
</record>
<record>
  <date>2018-11-08T11:00:52</date>
  <millis>1541646052223</millis>
  <sequence>96</sequence>
  <level>START</level>
  <class>com.kms.katalon.core.logging.KeywordLogger</class>
  <method>startKeyword</method>
  <thread>1</thread>
  <message>Start action : setText</message>
  <nestedLevel>1</nestedLevel>
  <property name="startLine">28</property>
  <property name="stepIndex">7</property>
</record>
<record>
  <date>2018-11-08T11:00:52</date>
  <millis>1541646052224</millis>
  <sequence>97</sequence>
  <level>INFO</level>
  <class>com.kms.katalon.core.logging.KeywordLogger</class>
  <method>logMessage</method>
  <thread>1</thread>
  <message>Finding Test Object with id &amp;apos;Object Repository/ucf88_or/backoffice/createArena_or/input_arenaName&amp;apos;</message>
  <nestedLevel>1</nestedLevel>
</record>
<record>
  <date>2018-11-08T11:00:52</date>
  <millis>1541646052301</millis>
  <sequence>98</sequence>
  <level>INFO</level>
  <class>com.kms.katalon.core.logging.KeywordLogger</class>
  <method>logMessage</method>
  <thread>1</thread>
  <message>Checking object</message>
  <nestedLevel>1</nestedLevel>
</record>
<record>
  <date>2018-11-08T11:00:52</date>
  <millis>1541646052301</millis>
  <sequence>99</sequence>
  <level>INFO</level>
  <class>com.kms.katalon.core.logging.KeywordLogger</class>
  <method>logMessage</method>
  <thread>1</thread>
  <message>Checking text</message>
  <nestedLevel>1</nestedLevel>
</record>
<record>
  <date>2018-11-08T11:00:52</date>
  <millis>1541646052302</millis>
  <sequence>100</sequence>
  <level>INFO</level>
  <class>com.kms.katalon.core.logging.KeywordLogger</class>
  <method>logMessage</method>
  <thread>1</thread>
  <message>Checking timeout</message>
  <nestedLevel>1</nestedLevel>
</record>
<record>
  <date>2018-11-08T11:00:52</date>
  <millis>1541646052302</millis>
  <sequence>101</sequence>
  <level>INFO</level>
  <class>com.kms.katalon.core.logging.KeywordLogger</class>
  <method>logMessage</method>
  <thread>1</thread>
  <message>Finding web element with id: &amp;apos;Object Repository/ucf88_or/backoffice/createArena_or/input_arenaName&amp;apos; located by &amp;apos;By.xpath: id(\&amp;quot;name\&amp;quot;)[count(. | //input[@type = &amp;apos;text&amp;apos; and @name = &amp;apos;name&amp;apos; and @id = &amp;apos;name&amp;apos;]) = count(//input[@type = &amp;apos;text&amp;apos; and @name = &amp;apos;name&amp;apos; and @id = &amp;apos;name&amp;apos;])]&amp;apos; in &amp;apos;30&amp;apos; second(s)</message>
  <nestedLevel>1</nestedLevel>
</record>
<record>
  <date>2018-11-08T11:00:52</date>
  <millis>1541646052319</millis>
  <sequence>102</sequence>
  <level>INFO</level>
  <class>com.kms.katalon.core.logging.KeywordLogger</class>
  <method>logMessage</method>
  <thread>1</thread>
  <message>Found 1 web elements with id: &amp;apos;Object Repository/ucf88_or/backoffice/createArena_or/input_arenaName&amp;apos; located by &amp;apos;By.xpath: id(\&amp;quot;name\&amp;quot;)[count(. | //input[@type = &amp;apos;text&amp;apos; and @name = &amp;apos;name&amp;apos; and @id = &amp;apos;name&amp;apos;]) = count(//input[@type = &amp;apos;text&amp;apos; and @name = &amp;apos;name&amp;apos; and @id = &amp;apos;name&amp;apos;])]&amp;apos; in &amp;apos;30&amp;apos; second(s)</message>
  <nestedLevel>1</nestedLevel>
</record>
<record>
  <date>2018-11-08T11:00:52</date>
  <millis>1541646052319</millis>
  <sequence>103</sequence>
  <level>INFO</level>
  <class>com.kms.katalon.core.logging.KeywordLogger</class>
  <method>logMessage</method>
  <thread>1</thread>
  <message>Clearing text of object &amp;apos;Object Repository/ucf88_or/backoffice/createArena_or/input_arenaName&amp;apos;</message>
  <nestedLevel>1</nestedLevel>
</record>
<record>
  <date>2018-11-08T11:00:52</date>
  <millis>1541646052350</millis>
  <sequence>104</sequence>
  <level>INFO</level>
  <class>com.kms.katalon.core.logging.KeywordLogger</class>
  <method>logMessage</method>
  <thread>1</thread>
  <message>Checking timeout</message>
  <nestedLevel>1</nestedLevel>
</record>
<record>
  <date>2018-11-08T11:00:52</date>
  <millis>1541646052351</millis>
  <sequence>105</sequence>
  <level>INFO</level>
  <class>com.kms.katalon.core.logging.KeywordLogger</class>
  <method>logMessage</method>
  <thread>1</thread>
  <message>Finding web element with id: &amp;apos;Object Repository/ucf88_or/backoffice/createArena_or/input_arenaName&amp;apos; located by &amp;apos;By.xpath: id(\&amp;quot;name\&amp;quot;)[count(. | //input[@type = &amp;apos;text&amp;apos; and @name = &amp;apos;name&amp;apos; and @id = &amp;apos;name&amp;apos;]) = count(//input[@type = &amp;apos;text&amp;apos; and @name = &amp;apos;name&amp;apos; and @id = &amp;apos;name&amp;apos;])]&amp;apos; in &amp;apos;30&amp;apos; second(s)</message>
  <nestedLevel>1</nestedLevel>
</record>
<record>
  <date>2018-11-08T11:00:52</date>
  <millis>1541646052361</millis>
  <sequence>106</sequence>
  <level>INFO</level>
  <class>com.kms.katalon.core.logging.KeywordLogger</class>
  <method>logMessage</method>
  <thread>1</thread>
  <message>Found 1 web elements with id: &amp;apos;Object Repository/ucf88_or/backoffice/createArena_or/input_arenaName&amp;apos; located by &amp;apos;By.xpath: id(\&amp;quot;name\&amp;quot;)[count(. | //input[@type = &amp;apos;text&amp;apos; and @name = &amp;apos;name&amp;apos; and @id = &amp;apos;name&amp;apos;]) = count(//input[@type = &amp;apos;text&amp;apos; and @name = &amp;apos;name&amp;apos; and @id = &amp;apos;name&amp;apos;])]&amp;apos; in &amp;apos;30&amp;apos; second(s)</message>
  <nestedLevel>1</nestedLevel>
</record>
<record>
  <date>2018-11-08T11:00:52</date>
  <millis>1541646052361</millis>
  <sequence>107</sequence>
  <level>INFO</level>
  <class>com.kms.katalon.core.logging.KeywordLogger</class>
  <method>logMessage</method>
  <thread>1</thread>
  <message>Setting text of object &amp;apos;Object Repository/ucf88_or/backoffice/createArena_or/input_arenaName&amp;apos; to value &amp;apos;ARENA_TEST&amp;apos;</message>
  <nestedLevel>1</nestedLevel>
</record>
<record>
  <date>2018-11-08T11:00:52</date>
  <millis>1541646052467</millis>
  <sequence>108</sequence>
  <level>PASSED</level>
  <class>com.kms.katalon.core.logging.KeywordLogger</class>
  <method>logMessage</method>
  <thread>1</thread>
  <message>Text &amp;apos;ARENA_TEST&amp;apos; is set on object &amp;apos;Object Repository/ucf88_or/backoffice/createArena_or/input_arenaName&amp;apos;</message>
  <nestedLevel>1</nestedLevel>
</record>
<record>
  <date>2018-11-08T11:00:52</date>
  <millis>1541646052468</millis>
  <sequence>109</sequence>
  <level>END</level>
  <class>com.kms.katalon.core.logging.KeywordLogger</class>
  <method>endKeyword</method>
  <thread>1</thread>
  <message>End action : setText</message>
  <nestedLevel>1</nestedLevel>
</record>
<record>
  <date>2018-11-08T11:00:52</date>
  <millis>1541646052468</millis>
  <sequence>110</sequence>
  <level>START</level>
  <class>com.kms.katalon.core.logging.KeywordLogger</class>
  <method>startKeyword</method>
  <thread>1</thread>
  <message>Start action : setText</message>
  <nestedLevel>1</nestedLevel>
  <property name="startLine">30</property>
  <property name="stepIndex">8</property>
</record>
<record>
  <date>2018-11-08T11:00:52</date>
  <millis>1541646052469</millis>
  <sequence>111</sequence>
  <level>INFO</level>
  <class>com.kms.katalon.core.logging.KeywordLogger</class>
  <method>logMessage</method>
  <thread>1</thread>
  <message>Finding Test Object with id &amp;apos;Object Repository/ucf88_or/backoffice/createArena_or/input_eventName&amp;apos;</message>
  <nestedLevel>1</nestedLevel>
</record>
<record>
  <date>2018-11-08T11:00:52</date>
  <millis>1541646052486</millis>
  <sequence>112</sequence>
  <level>INFO</level>
  <class>com.kms.katalon.core.logging.KeywordLogger</class>
  <method>logMessage</method>
  <thread>1</thread>
  <message>Checking object</message>
  <nestedLevel>1</nestedLevel>
</record>
<record>
  <date>2018-11-08T11:00:52</date>
  <millis>1541646052487</millis>
  <sequence>113</sequence>
  <level>INFO</level>
  <class>com.kms.katalon.core.logging.KeywordLogger</class>
  <method>logMessage</method>
  <thread>1</thread>
  <message>Checking text</message>
  <nestedLevel>1</nestedLevel>
</record>
<record>
  <date>2018-11-08T11:00:52</date>
  <millis>1541646052487</millis>
  <sequence>114</sequence>
  <level>INFO</level>
  <class>com.kms.katalon.core.logging.KeywordLogger</class>
  <method>logMessage</method>
  <thread>1</thread>
  <message>Checking timeout</message>
  <nestedLevel>1</nestedLevel>
</record>
<record>
  <date>2018-11-08T11:00:52</date>
  <millis>1541646052487</millis>
  <sequence>115</sequence>
  <level>INFO</level>
  <class>com.kms.katalon.core.logging.KeywordLogger</class>
  <method>logMessage</method>
  <thread>1</thread>
  <message>Finding web element with id: &amp;apos;Object Repository/ucf88_or/backoffice/createArena_or/input_eventName&amp;apos; located by &amp;apos;By.xpath: id(\&amp;quot;event_name\&amp;quot;)[count(. | //input[@type = &amp;apos;text&amp;apos; and @name = &amp;apos;event_name&amp;apos; and @id = &amp;apos;event_name&amp;apos;]) = count(//input[@type = &amp;apos;text&amp;apos; and @name = &amp;apos;event_name&amp;apos; and @id = &amp;apos;event_name&amp;apos;])]&amp;apos; in &amp;apos;30&amp;apos; second(s)</message>
  <nestedLevel>1</nestedLevel>
</record>
<record>
  <date>2018-11-08T11:00:52</date>
  <millis>1541646052504</millis>
  <sequence>116</sequence>
  <level>INFO</level>
  <class>com.kms.katalon.core.logging.KeywordLogger</class>
  <method>logMessage</method>
  <thread>1</thread>
  <message>Found 1 web elements with id: &amp;apos;Object Repository/ucf88_or/backoffice/createArena_or/input_eventName&amp;apos; located by &amp;apos;By.xpath: id(\&amp;quot;event_name\&amp;quot;)[count(. | //input[@type = &amp;apos;text&amp;apos; and @name = &amp;apos;event_name&amp;apos; and @id = &amp;apos;event_name&amp;apos;]) = count(//input[@type = &amp;apos;text&amp;apos; and @name = &amp;apos;event_name&amp;apos; and @id = &amp;apos;event_name&amp;apos;])]&amp;apos; in &amp;apos;30&amp;apos; second(s)</message>
  <nestedLevel>1</nestedLevel>
</record>
<record>
  <date>2018-11-08T11:00:52</date>
  <millis>1541646052504</millis>
  <sequence>117</sequence>
  <level>INFO</level>
  <class>com.kms.katalon.core.logging.KeywordLogger</class>
  <method>logMessage</method>
  <thread>1</thread>
  <message>Clearing text of object &amp;apos;Object Repository/ucf88_or/backoffice/createArena_or/input_eventName&amp;apos;</message>
  <nestedLevel>1</nestedLevel>
</record>
<record>
  <date>2018-11-08T11:00:52</date>
  <millis>1541646052534</millis>
  <sequence>118</sequence>
  <level>INFO</level>
  <class>com.kms.katalon.core.logging.KeywordLogger</class>
  <method>logMessage</method>
  <thread>1</thread>
  <message>Checking timeout</message>
  <nestedLevel>1</nestedLevel>
</record>
<record>
  <date>2018-11-08T11:00:52</date>
  <millis>1541646052535</millis>
  <sequence>119</sequence>
  <level>INFO</level>
  <class>com.kms.katalon.core.logging.KeywordLogger</class>
  <method>logMessage</method>
  <thread>1</thread>
  <message>Finding web element with id: &amp;apos;Object Repository/ucf88_or/backoffice/createArena_or/input_eventName&amp;apos; located by &amp;apos;By.xpath: id(\&amp;quot;event_name\&amp;quot;)[count(. | //input[@type = &amp;apos;text&amp;apos; and @name = &amp;apos;event_name&amp;apos; and @id = &amp;apos;event_name&amp;apos;]) = count(//input[@type = &amp;apos;text&amp;apos; and @name = &amp;apos;event_name&amp;apos; and @id = &amp;apos;event_name&amp;apos;])]&amp;apos; in &amp;apos;30&amp;apos; second(s)</message>
  <nestedLevel>1</nestedLevel>
</record>
<record>
  <date>2018-11-08T11:00:52</date>
  <millis>1541646052543</millis>
  <sequence>120</sequence>
  <level>INFO</level>
  <class>com.kms.katalon.core.logging.KeywordLogger</class>
  <method>logMessage</method>
  <thread>1</thread>
  <message>Found 1 web elements with id: &amp;apos;Object Repository/ucf88_or/backoffice/createArena_or/input_eventName&amp;apos; located by &amp;apos;By.xpath: id(\&amp;quot;event_name\&amp;quot;)[count(. | //input[@type = &amp;apos;text&amp;apos; and @name = &amp;apos;event_name&amp;apos; and @id = &amp;apos;event_name&amp;apos;]) = count(//input[@type = &amp;apos;text&amp;apos; and @name = &amp;apos;event_name&amp;apos; and @id = &amp;apos;event_name&amp;apos;])]&amp;apos; in &amp;apos;30&amp;apos; second(s)</message>
  <nestedLevel>1</nestedLevel>
</record>
<record>
  <date>2018-11-08T11:00:52</date>
  <millis>1541646052545</millis>
  <sequence>121</sequence>
  <level>INFO</level>
  <class>com.kms.katalon.core.logging.KeywordLogger</class>
  <method>logMessage</method>
  <thread>1</thread>
  <message>Setting text of object &amp;apos;Object Repository/ucf88_or/backoffice/createArena_or/input_eventName&amp;apos; to value &amp;apos;F1&amp;apos;</message>
  <nestedLevel>1</nestedLevel>
</record>
<record>
  <date>2018-11-08T11:00:52</date>
  <millis>1541646052582</millis>
  <sequence>122</sequence>
  <level>PASSED</level>
  <class>com.kms.katalon.core.logging.KeywordLogger</class>
  <method>logMessage</method>
  <thread>1</thread>
  <message>Text &amp;apos;F1&amp;apos; is set on object &amp;apos;Object Repository/ucf88_or/backoffice/createArena_or/input_eventName&amp;apos;</message>
  <nestedLevel>1</nestedLevel>
</record>
<record>
  <date>2018-11-08T11:00:52</date>
  <millis>1541646052583</millis>
  <sequence>123</sequence>
  <level>END</level>
  <class>com.kms.katalon.core.logging.KeywordLogger</class>
  <method>endKeyword</method>
  <thread>1</thread>
  <message>End action : setText</message>
  <nestedLevel>1</nestedLevel>
</record>
<record>
  <date>2018-11-08T11:00:52</date>
  <millis>1541646052583</millis>
  <sequence>124</sequence>
  <level>START</level>
  <class>com.kms.katalon.core.logging.KeywordLogger</class>
  <method>startKeyword</method>
  <thread>1</thread>
  <message>Start action : setText</message>
  <nestedLevel>1</nestedLevel>
  <property name="startLine">32</property>
  <property name="stepIndex">9</property>
</record>
<record>
  <date>2018-11-08T11:00:52</date>
  <millis>1541646052583</millis>
  <sequence>125</sequence>
  <level>INFO</level>
  <class>com.kms.katalon.core.logging.KeywordLogger</class>
  <method>logMessage</method>
  <thread>1</thread>
  <message>Finding Test Object with id &amp;apos;Object Repository/ucf88_or/backoffice/createArena_or/input_acronym&amp;apos;</message>
  <nestedLevel>1</nestedLevel>
</record>
<record>
  <date>2018-11-08T11:00:52</date>
  <millis>1541646052599</millis>
  <sequence>126</sequence>
  <level>INFO</level>
  <class>com.kms.katalon.core.logging.KeywordLogger</class>
  <method>logMessage</method>
  <thread>1</thread>
  <message>Checking object</message>
  <nestedLevel>1</nestedLevel>
</record>
<record>
  <date>2018-11-08T11:00:52</date>
  <millis>1541646052599</millis>
  <sequence>127</sequence>
  <level>INFO</level>
  <class>com.kms.katalon.core.logging.KeywordLogger</class>
  <method>logMessage</method>
  <thread>1</thread>
  <message>Checking text</message>
  <nestedLevel>1</nestedLevel>
</record>
<record>
  <date>2018-11-08T11:00:52</date>
  <millis>1541646052600</millis>
  <sequence>128</sequence>
  <level>INFO</level>
  <class>com.kms.katalon.core.logging.KeywordLogger</class>
  <method>logMessage</method>
  <thread>1</thread>
  <message>Checking timeout</message>
  <nestedLevel>1</nestedLevel>
</record>
<record>
  <date>2018-11-08T11:00:52</date>
  <millis>1541646052600</millis>
  <sequence>129</sequence>
  <level>INFO</level>
  <class>com.kms.katalon.core.logging.KeywordLogger</class>
  <method>logMessage</method>
  <thread>1</thread>
  <message>Finding web element with id: &amp;apos;Object Repository/ucf88_or/backoffice/createArena_or/input_acronym&amp;apos; located by &amp;apos;By.xpath: id(\&amp;quot;acronym\&amp;quot;)[count(. | //input[@type = &amp;apos;text&amp;apos; and @name = &amp;apos;acronym&amp;apos; and @id = &amp;apos;acronym&amp;apos;]) = count(//input[@type = &amp;apos;text&amp;apos; and @name = &amp;apos;acronym&amp;apos; and @id = &amp;apos;acronym&amp;apos;])]&amp;apos; in &amp;apos;30&amp;apos; second(s)</message>
  <nestedLevel>1</nestedLevel>
</record>
<record>
  <date>2018-11-08T11:00:52</date>
  <millis>1541646052617</millis>
  <sequence>130</sequence>
  <level>INFO</level>
  <class>com.kms.katalon.core.logging.KeywordLogger</class>
  <method>logMessage</method>
  <thread>1</thread>
  <message>Found 1 web elements with id: &amp;apos;Object Repository/ucf88_or/backoffice/createArena_or/input_acronym&amp;apos; located by &amp;apos;By.xpath: id(\&amp;quot;acronym\&amp;quot;)[count(. | //input[@type = &amp;apos;text&amp;apos; and @name = &amp;apos;acronym&amp;apos; and @id = &amp;apos;acronym&amp;apos;]) = count(//input[@type = &amp;apos;text&amp;apos; and @name = &amp;apos;acronym&amp;apos; and @id = &amp;apos;acronym&amp;apos;])]&amp;apos; in &amp;apos;30&amp;apos; second(s)</message>
  <nestedLevel>1</nestedLevel>
</record>
<record>
  <date>2018-11-08T11:00:52</date>
  <millis>1541646052618</millis>
  <sequence>131</sequence>
  <level>INFO</level>
  <class>com.kms.katalon.core.logging.KeywordLogger</class>
  <method>logMessage</method>
  <thread>1</thread>
  <message>Clearing text of object &amp;apos;Object Repository/ucf88_or/backoffice/createArena_or/input_acronym&amp;apos;</message>
  <nestedLevel>1</nestedLevel>
</record>
<record>
  <date>2018-11-08T11:00:52</date>
  <millis>1541646052649</millis>
  <sequence>132</sequence>
  <level>INFO</level>
  <class>com.kms.katalon.core.logging.KeywordLogger</class>
  <method>logMessage</method>
  <thread>1</thread>
  <message>Checking timeout</message>
  <nestedLevel>1</nestedLevel>
</record>
<record>
  <date>2018-11-08T11:00:52</date>
  <millis>1541646052650</millis>
  <sequence>133</sequence>
  <level>INFO</level>
  <class>com.kms.katalon.core.logging.KeywordLogger</class>
  <method>logMessage</method>
  <thread>1</thread>
  <message>Finding web element with id: &amp;apos;Object Repository/ucf88_or/backoffice/createArena_or/input_acronym&amp;apos; located by &amp;apos;By.xpath: id(\&amp;quot;acronym\&amp;quot;)[count(. | //input[@type = &amp;apos;text&amp;apos; and @name = &amp;apos;acronym&amp;apos; and @id = &amp;apos;acronym&amp;apos;]) = count(//input[@type = &amp;apos;text&amp;apos; and @name = &amp;apos;acronym&amp;apos; and @id = &amp;apos;acronym&amp;apos;])]&amp;apos; in &amp;apos;30&amp;apos; second(s)</message>
  <nestedLevel>1</nestedLevel>
</record>
<record>
  <date>2018-11-08T11:00:52</date>
  <millis>1541646052659</millis>
  <sequence>134</sequence>
  <level>INFO</level>
  <class>com.kms.katalon.core.logging.KeywordLogger</class>
  <method>logMessage</method>
  <thread>1</thread>
  <message>Found 1 web elements with id: &amp;apos;Object Repository/ucf88_or/backoffice/createArena_or/input_acronym&amp;apos; located by &amp;apos;By.xpath: id(\&amp;quot;acronym\&amp;quot;)[count(. | //input[@type = &amp;apos;text&amp;apos; and @name = &amp;apos;acronym&amp;apos; and @id = &amp;apos;acronym&amp;apos;]) = count(//input[@type = &amp;apos;text&amp;apos; and @name = &amp;apos;acronym&amp;apos; and @id = &amp;apos;acronym&amp;apos;])]&amp;apos; in &amp;apos;30&amp;apos; second(s)</message>
  <nestedLevel>1</nestedLevel>
</record>
<record>
  <date>2018-11-08T11:00:52</date>
  <millis>1541646052659</millis>
  <sequence>135</sequence>
  <level>INFO</level>
  <class>com.kms.katalon.core.logging.KeywordLogger</class>
  <method>logMessage</method>
  <thread>1</thread>
  <message>Setting text of object &amp;apos;Object Repository/ucf88_or/backoffice/createArena_or/input_acronym&amp;apos; to value &amp;apos;A1&amp;apos;</message>
  <nestedLevel>1</nestedLevel>
</record>
<record>
  <date>2018-11-08T11:00:52</date>
  <millis>1541646052700</millis>
  <sequence>136</sequence>
  <level>PASSED</level>
  <class>com.kms.katalon.core.logging.KeywordLogger</class>
  <method>logMessage</method>
  <thread>1</thread>
  <message>Text &amp;apos;A1&amp;apos; is set on object &amp;apos;Object Repository/ucf88_or/backoffice/createArena_or/input_acronym&amp;apos;</message>
  <nestedLevel>1</nestedLevel>
</record>
<record>
  <date>2018-11-08T11:00:52</date>
  <millis>1541646052700</millis>
  <sequence>137</sequence>
  <level>END</level>
  <class>com.kms.katalon.core.logging.KeywordLogger</class>
  <method>endKeyword</method>
  <thread>1</thread>
  <message>End action : setText</message>
  <nestedLevel>1</nestedLevel>
</record>
<record>
  <date>2018-11-08T11:00:52</date>
  <millis>1541646052701</millis>
  <sequence>138</sequence>
  <level>START</level>
  <class>com.kms.katalon.core.logging.KeywordLogger</class>
  <method>startKeyword</method>
  <thread>1</thread>
  <message>Start action : setText</message>
  <nestedLevel>1</nestedLevel>
  <property name="startLine">34</property>
  <property name="stepIndex">10</property>
</record>
<record>
  <date>2018-11-08T11:00:52</date>
  <millis>1541646052701</millis>
  <sequence>139</sequence>
  <level>INFO</level>
  <class>com.kms.katalon.core.logging.KeywordLogger</class>
  <method>logMessage</method>
  <thread>1</thread>
  <message>Finding Test Object with id &amp;apos;Object Repository/ucf88_or/backoffice/createArena_or/input_profitMargin&amp;apos;</message>
  <nestedLevel>1</nestedLevel>
</record>
<record>
  <date>2018-11-08T11:00:52</date>
  <millis>1541646052706</millis>
  <sequence>140</sequence>
  <level>INFO</level>
  <class>com.kms.katalon.core.logging.KeywordLogger</class>
  <method>logMessage</method>
  <thread>1</thread>
  <message>Checking object</message>
  <nestedLevel>1</nestedLevel>
</record>
<record>
  <date>2018-11-08T11:00:52</date>
  <millis>1541646052707</millis>
  <sequence>141</sequence>
  <level>INFO</level>
  <class>com.kms.katalon.core.logging.KeywordLogger</class>
  <method>logMessage</method>
  <thread>1</thread>
  <message>Checking text</message>
  <nestedLevel>1</nestedLevel>
</record>
<record>
  <date>2018-11-08T11:00:52</date>
  <millis>1541646052707</millis>
  <sequence>142</sequence>
  <level>INFO</level>
  <class>com.kms.katalon.core.logging.KeywordLogger</class>
  <method>logMessage</method>
  <thread>1</thread>
  <message>Checking timeout</message>
  <nestedLevel>1</nestedLevel>
</record>
<record>
  <date>2018-11-08T11:00:52</date>
  <millis>1541646052708</millis>
  <sequence>143</sequence>
  <level>INFO</level>
  <class>com.kms.katalon.core.logging.KeywordLogger</class>
  <method>logMessage</method>
  <thread>1</thread>
  <message>Finding web element with id: &amp;apos;Object Repository/ucf88_or/backoffice/createArena_or/input_profitMargin&amp;apos; located by &amp;apos;By.xpath: id(\&amp;quot;arena_profit\&amp;quot;)[count(. | //input[@type = &amp;apos;text&amp;apos; and @name = &amp;apos;arena_profit&amp;apos; and @id = &amp;apos;arena_profit&amp;apos;]) = count(//input[@type = &amp;apos;text&amp;apos; and @name = &amp;apos;arena_profit&amp;apos; and @id = &amp;apos;arena_profit&amp;apos;])]&amp;apos; in &amp;apos;30&amp;apos; second(s)</message>
  <nestedLevel>1</nestedLevel>
</record>
<record>
  <date>2018-11-08T11:00:52</date>
  <millis>1541646052724</millis>
  <sequence>144</sequence>
  <level>INFO</level>
  <class>com.kms.katalon.core.logging.KeywordLogger</class>
  <method>logMessage</method>
  <thread>1</thread>
  <message>Found 1 web elements with id: &amp;apos;Object Repository/ucf88_or/backoffice/createArena_or/input_profitMargin&amp;apos; located by &amp;apos;By.xpath: id(\&amp;quot;arena_profit\&amp;quot;)[count(. | //input[@type = &amp;apos;text&amp;apos; and @name = &amp;apos;arena_profit&amp;apos; and @id = &amp;apos;arena_profit&amp;apos;]) = count(//input[@type = &amp;apos;text&amp;apos; and @name = &amp;apos;arena_profit&amp;apos; and @id = &amp;apos;arena_profit&amp;apos;])]&amp;apos; in &amp;apos;30&amp;apos; second(s)</message>
  <nestedLevel>1</nestedLevel>
</record>
<record>
  <date>2018-11-08T11:00:52</date>
  <millis>1541646052724</millis>
  <sequence>145</sequence>
  <level>INFO</level>
  <class>com.kms.katalon.core.logging.KeywordLogger</class>
  <method>logMessage</method>
  <thread>1</thread>
  <message>Clearing text of object &amp;apos;Object Repository/ucf88_or/backoffice/createArena_or/input_profitMargin&amp;apos;</message>
  <nestedLevel>1</nestedLevel>
</record>
<record>
  <date>2018-11-08T11:00:52</date>
  <millis>1541646052755</millis>
  <sequence>146</sequence>
  <level>INFO</level>
  <class>com.kms.katalon.core.logging.KeywordLogger</class>
  <method>logMessage</method>
  <thread>1</thread>
  <message>Checking timeout</message>
  <nestedLevel>1</nestedLevel>
</record>
<record>
  <date>2018-11-08T11:00:52</date>
  <millis>1541646052755</millis>
  <sequence>147</sequence>
  <level>INFO</level>
  <class>com.kms.katalon.core.logging.KeywordLogger</class>
  <method>logMessage</method>
  <thread>1</thread>
  <message>Finding web element with id: &amp;apos;Object Repository/ucf88_or/backoffice/createArena_or/input_profitMargin&amp;apos; located by &amp;apos;By.xpath: id(\&amp;quot;arena_profit\&amp;quot;)[count(. | //input[@type = &amp;apos;text&amp;apos; and @name = &amp;apos;arena_profit&amp;apos; and @id = &amp;apos;arena_profit&amp;apos;]) = count(//input[@type = &amp;apos;text&amp;apos; and @name = &amp;apos;arena_profit&amp;apos; and @id = &amp;apos;arena_profit&amp;apos;])]&amp;apos; in &amp;apos;30&amp;apos; second(s)</message>
  <nestedLevel>1</nestedLevel>
</record>
<record>
  <date>2018-11-08T11:00:52</date>
  <millis>1541646052766</millis>
  <sequence>148</sequence>
  <level>INFO</level>
  <class>com.kms.katalon.core.logging.KeywordLogger</class>
  <method>logMessage</method>
  <thread>1</thread>
  <message>Found 1 web elements with id: &amp;apos;Object Repository/ucf88_or/backoffice/createArena_or/input_profitMargin&amp;apos; located by &amp;apos;By.xpath: id(\&amp;quot;arena_profit\&amp;quot;)[count(. | //input[@type = &amp;apos;text&amp;apos; and @name = &amp;apos;arena_profit&amp;apos; and @id = &amp;apos;arena_profit&amp;apos;]) = count(//input[@type = &amp;apos;text&amp;apos; and @name = &amp;apos;arena_profit&amp;apos; and @id = &amp;apos;arena_profit&amp;apos;])]&amp;apos; in &amp;apos;30&amp;apos; second(s)</message>
  <nestedLevel>1</nestedLevel>
</record>
<record>
  <date>2018-11-08T11:00:52</date>
  <millis>1541646052766</millis>
  <sequence>149</sequence>
  <level>INFO</level>
  <class>com.kms.katalon.core.logging.KeywordLogger</class>
  <method>logMessage</method>
  <thread>1</thread>
  <message>Setting text of object &amp;apos;Object Repository/ucf88_or/backoffice/createArena_or/input_profitMargin&amp;apos; to value &amp;apos;10&amp;apos;</message>
  <nestedLevel>1</nestedLevel>
</record>
<record>
  <date>2018-11-08T11:00:52</date>
  <millis>1541646052806</millis>
  <sequence>150</sequence>
  <level>PASSED</level>
  <class>com.kms.katalon.core.logging.KeywordLogger</class>
  <method>logMessage</method>
  <thread>1</thread>
  <message>Text &amp;apos;10&amp;apos; is set on object &amp;apos;Object Repository/ucf88_or/backoffice/createArena_or/input_profitMargin&amp;apos;</message>
  <nestedLevel>1</nestedLevel>
</record>
<record>
  <date>2018-11-08T11:00:52</date>
  <millis>1541646052806</millis>
  <sequence>151</sequence>
  <level>END</level>
  <class>com.kms.katalon.core.logging.KeywordLogger</class>
  <method>endKeyword</method>
  <thread>1</thread>
  <message>End action : setText</message>
  <nestedLevel>1</nestedLevel>
</record>
<record>
  <date>2018-11-08T11:00:52</date>
  <millis>1541646052806</millis>
  <sequence>152</sequence>
  <level>START</level>
  <class>com.kms.katalon.core.logging.KeywordLogger</class>
  <method>startKeyword</method>
  <thread>1</thread>
  <message>Start action : delay</message>
  <nestedLevel>1</nestedLevel>
  <property name="startLine">36</property>
  <property name="stepIndex">11</property>
</record>
<record>
  <date>2018-11-08T11:00:52</date>
  <millis>1541646052807</millis>
  <sequence>153</sequence>
  <level>INFO</level>
  <class>com.kms.katalon.core.logging.KeywordLogger</class>
  <method>logMessage</method>
  <thread>1</thread>
  <message>Delaying browser in 1 second(s)</message>
  <nestedLevel>1</nestedLevel>
</record>
<record>
  <date>2018-11-08T11:00:53</date>
  <millis>1541646053807</millis>
  <sequence>154</sequence>
  <level>PASSED</level>
  <class>com.kms.katalon.core.logging.KeywordLogger</class>
  <method>logMessage</method>
  <thread>1</thread>
  <message>Delayed 1 second(s)</message>
  <nestedLevel>1</nestedLevel>
</record>
<record>
  <date>2018-11-08T11:00:53</date>
  <millis>1541646053808</millis>
  <sequence>155</sequence>
  <level>END</level>
  <class>com.kms.katalon.core.logging.KeywordLogger</class>
  <method>endKeyword</method>
  <thread>1</thread>
  <message>End action : delay</message>
  <nestedLevel>1</nestedLevel>
</record>
<record>
  <date>2018-11-08T11:00:53</date>
  <millis>1541646053808</millis>
  <sequence>156</sequence>
  <level>START</level>
  <class>com.kms.katalon.core.logging.KeywordLogger</class>
  <method>startKeyword</method>
  <thread>1</thread>
  <message>Start action : click</message>
  <nestedLevel>1</nestedLevel>
  <property name="startLine">38</property>
  <property name="stepIndex">12</property>
</record>
<record>
  <date>2018-11-08T11:00:53</date>
  <millis>1541646053808</millis>
  <sequence>157</sequence>
  <level>INFO</level>
  <class>com.kms.katalon.core.logging.KeywordLogger</class>
  <method>logMessage</method>
  <thread>1</thread>
  <message>Finding Test Object with id &amp;apos;Object Repository/ucf88_or/backoffice/createArena_or/button_submitArena&amp;apos;</message>
  <nestedLevel>1</nestedLevel>
</record>
<record>
  <date>2018-11-08T11:00:53</date>
  <millis>1541646053840</millis>
  <sequence>158</sequence>
  <level>INFO</level>
  <class>com.kms.katalon.core.logging.KeywordLogger</class>
  <method>logMessage</method>
  <thread>1</thread>
  <message>Checking object</message>
  <nestedLevel>1</nestedLevel>
</record>
<record>
  <date>2018-11-08T11:00:53</date>
  <millis>1541646053840</millis>
  <sequence>159</sequence>
  <level>INFO</level>
  <class>com.kms.katalon.core.logging.KeywordLogger</class>
  <method>logMessage</method>
  <thread>1</thread>
  <message>Checking timeout</message>
  <nestedLevel>1</nestedLevel>
</record>
<record>
  <date>2018-11-08T11:00:53</date>
  <millis>1541646053840</millis>
  <sequence>160</sequence>
  <level>INFO</level>
  <class>com.kms.katalon.core.logging.KeywordLogger</class>
  <method>logMessage</method>
  <thread>1</thread>
  <message>Finding web element with id: &amp;apos;Object Repository/ucf88_or/backoffice/createArena_or/button_submitArena&amp;apos; located by &amp;apos;By.xpath: id(\&amp;quot;add_arena\&amp;quot;)[count(. | //input[@id = &amp;apos;add_arena&amp;apos; and @type = &amp;apos;submit&amp;apos;]) = count(//input[@id = &amp;apos;add_arena&amp;apos; and @type = &amp;apos;submit&amp;apos;])]&amp;apos; in &amp;apos;30&amp;apos; second(s)</message>
  <nestedLevel>1</nestedLevel>
</record>
<record>
  <date>2018-11-08T11:00:53</date>
  <millis>1541646053857</millis>
  <sequence>161</sequence>
  <level>INFO</level>
  <class>com.kms.katalon.core.logging.KeywordLogger</class>
  <method>logMessage</method>
  <thread>1</thread>
  <message>Found 1 web elements with id: &amp;apos;Object Repository/ucf88_or/backoffice/createArena_or/button_submitArena&amp;apos; located by &amp;apos;By.xpath: id(\&amp;quot;add_arena\&amp;quot;)[count(. | //input[@id = &amp;apos;add_arena&amp;apos; and @type = &amp;apos;submit&amp;apos;]) = count(//input[@id = &amp;apos;add_arena&amp;apos; and @type = &amp;apos;submit&amp;apos;])]&amp;apos; in &amp;apos;30&amp;apos; second(s)</message>
  <nestedLevel>1</nestedLevel>
</record>
<record>
  <date>2018-11-08T11:00:53</date>
  <millis>1541646053857</millis>
  <sequence>162</sequence>
  <level>INFO</level>
  <class>com.kms.katalon.core.logging.KeywordLogger</class>
  <method>logMessage</method>
  <thread>1</thread>
  <message>Clicking on object: &amp;apos;Object Repository/ucf88_or/backoffice/createArena_or/button_submitArena&amp;apos;</message>
  <nestedLevel>1</nestedLevel>
</record>
<record>
  <date>2018-11-08T11:00:54</date>
  <millis>1541646054516</millis>
  <sequence>163</sequence>
  <level>PASSED</level>
  <class>com.kms.katalon.core.logging.KeywordLogger</class>
  <method>logMessage</method>
  <thread>1</thread>
  <message>Object: &amp;apos;Object Repository/ucf88_or/backoffice/createArena_or/button_submitArena&amp;apos; is clicked on</message>
  <nestedLevel>1</nestedLevel>
</record>
<record>
  <date>2018-11-08T11:00:54</date>
  <millis>1541646054516</millis>
  <sequence>164</sequence>
  <level>END</level>
  <class>com.kms.katalon.core.logging.KeywordLogger</class>
  <method>endKeyword</method>
  <thread>1</thread>
  <message>End action : click</message>
  <nestedLevel>1</nestedLevel>
</record>
<record>
  <date>2018-11-08T11:00:54</date>
  <millis>1541646054516</millis>
  <sequence>165</sequence>
  <level>START</level>
  <class>com.kms.katalon.core.logging.KeywordLogger</class>
  <method>startKeyword</method>
  <thread>1</thread>
  <message>Start action : delay</message>
  <nestedLevel>1</nestedLevel>
  <property name="startLine">40</property>
  <property name="stepIndex">13</property>
</record>
<record>
  <date>2018-11-08T11:00:54</date>
  <millis>1541646054517</millis>
  <sequence>166</sequence>
  <level>INFO</level>
  <class>com.kms.katalon.core.logging.KeywordLogger</class>
  <method>logMessage</method>
  <thread>1</thread>
  <message>Delaying browser in 1 second(s)</message>
  <nestedLevel>1</nestedLevel>
</record>
<record>
  <date>2018-11-08T11:00:55</date>
  <millis>1541646055518</millis>
  <sequence>167</sequence>
  <level>PASSED</level>
  <class>com.kms.katalon.core.logging.KeywordLogger</class>
  <method>logMessage</method>
  <thread>1</thread>
  <message>Delayed 1 second(s)</message>
  <nestedLevel>1</nestedLevel>
</record>
<record>
  <date>2018-11-08T11:00:55</date>
  <millis>1541646055519</millis>
  <sequence>168</sequence>
  <level>END</level>
  <class>com.kms.katalon.core.logging.KeywordLogger</class>
  <method>endKeyword</method>
  <thread>1</thread>
  <message>End action : delay</message>
  <nestedLevel>1</nestedLevel>
</record>
<record>
  <date>2018-11-08T11:00:55</date>
  <millis>1541646055519</millis>
  <sequence>169</sequence>
  <level>PASSED</level>
  <class>com.kms.katalon.core.logging.KeywordLogger</class>
  <method>logMessage</method>
  <thread>1</thread>
  <message>Test Cases/ucf88_tc/backoffice/createArena/createArena_tc</message>
  <nestedLevel>1</nestedLevel>
</record>
<record>
  <date>2018-11-08T11:00:55</date>
  <millis>1541646055520</millis>
  <sequence>170</sequence>
  <level>END</level>
  <class>com.kms.katalon.core.logging.KeywordLogger</class>
  <method>endTest</method>
  <thread>1</thread>
  <message>End Test Case : Test Cases/ucf88_tc/backoffice/createArena/createArena_tc</message>
  <nestedLevel>0</nestedLevel>
</record>
<record>
  <date>2018-11-08T11:00:56</date>
  <millis>1541646056367</millis>
  <sequence>171</sequence>
  <level>END</level>
  <class>com.kms.katalon.core.logging.KeywordLogger</class>
  <method>endSuite</method>
  <thread>1</thread>
  <message>End Test Suite : Test Suites/ucf88_ts/backoffice/createArena_ts</message>
  <nestedLevel>0</nestedLevel>
</record>
</log>
