<?xml version="1.0" encoding="UTF-8" standalone="no"?>
<!DOCTYPE log SYSTEM "logger.dtd">
<log>
<record>
  <date>2018-11-22T16:26:22</date>
  <millis>1542875182681</millis>
  <sequence>0</sequence>
  <level>START</level>
  <class>com.kms.katalon.core.logging.KeywordLogger</class>
  <method>startSuite</method>
  <thread>1</thread>
  <message>Start Test Suite : Test Suites/ucf88_ts/frontend/language (P)/language_ts</message>
  <nestedLevel>0</nestedLevel>
  <property name="name">language_ts</property>
  <property name="description"></property>
  <property name="id">Test Suites/ucf88_ts/frontend/language (P)/language_ts</property>
</record>
<record>
  <date>2018-11-22T16:26:22</date>
  <millis>1542875182705</millis>
  <sequence>1</sequence>
  <level>RUN_DATA</level>
  <class>com.kms.katalon.core.logging.KeywordLogger</class>
  <method>logMessage</method>
  <thread>1</thread>
  <message>Logging run data &amp;apos;hostName&amp;apos; with value &amp;apos;janine.bautista - J9&amp;apos;</message>
  <nestedLevel>0</nestedLevel>
  <property name="hostName">janine.bautista - J9</property>
</record>
<record>
  <date>2018-11-22T16:26:22</date>
  <millis>1542875182705</millis>
  <sequence>2</sequence>
  <level>RUN_DATA</level>
  <class>com.kms.katalon.core.logging.KeywordLogger</class>
  <method>logMessage</method>
  <thread>1</thread>
  <message>Logging run data &amp;apos;os&amp;apos; with value &amp;apos;Windows 10 64bit&amp;apos;</message>
  <nestedLevel>0</nestedLevel>
  <property name="os">Windows 10 64bit</property>
</record>
<record>
  <date>2018-11-22T16:26:22</date>
  <millis>1542875182706</millis>
  <sequence>3</sequence>
  <level>RUN_DATA</level>
  <class>com.kms.katalon.core.logging.KeywordLogger</class>
  <method>logMessage</method>
  <thread>1</thread>
  <message>Logging run data &amp;apos;hostAddress&amp;apos; with value &amp;apos;172.16.8.107&amp;apos;</message>
  <nestedLevel>0</nestedLevel>
  <property name="hostAddress">172.16.8.107</property>
</record>
<record>
  <date>2018-11-22T16:26:22</date>
  <millis>1542875182707</millis>
  <sequence>4</sequence>
  <level>RUN_DATA</level>
  <class>com.kms.katalon.core.logging.KeywordLogger</class>
  <method>logMessage</method>
  <thread>1</thread>
  <message>Logging run data &amp;apos;katalonVersion&amp;apos; with value &amp;apos;5.8.6.1&amp;apos;</message>
  <nestedLevel>0</nestedLevel>
  <property name="katalonVersion">5.8.6.1</property>
</record>
<record>
  <date>2018-11-22T16:26:22</date>
  <millis>1542875182922</millis>
  <sequence>5</sequence>
  <level>START</level>
  <class>com.kms.katalon.core.logging.KeywordLogger</class>
  <method>startTest</method>
  <thread>1</thread>
  <message>Start Test Case : Test Cases/ucf88_tc/frontend/language (P)/language</message>
  <nestedLevel>1</nestedLevel>
  <property name="name">Test Cases/ucf88_tc/frontend/language (P)/language</property>
  <property name="description"></property>
  <property name="id">Test Cases/ucf88_tc/frontend/language (P)/language</property>
  <property name="source">C:\\Users\\janine.bautista\\git\\CLICKPLAY\\Test Cases\\ucf88_tc\\frontend\\language (P)\\language.tc</property>
  <property name="isOptional">false</property>
</record>
<record>
  <date>2018-11-22T16:26:22</date>
  <millis>1542875182939</millis>
  <sequence>6</sequence>
  <level>INFO</level>
  <class>com.kms.katalon.core.logging.KeywordLogger</class>
  <method>logMessage</method>
  <thread>1</thread>
  <message>Evaluating variables for test case</message>
  <nestedLevel>1</nestedLevel>
</record>
<record>
  <date>2018-11-22T16:26:23</date>
  <millis>1542875183151</millis>
  <sequence>7</sequence>
  <level>START</level>
  <class>com.kms.katalon.core.logging.KeywordLogger</class>
  <method>startKeyword</method>
  <thread>1</thread>
  <message>Start action : mjpack.loginFrontend.getLogin</message>
  <nestedLevel>1</nestedLevel>
  <property name="startLine">16</property>
  <property name="stepIndex">1</property>
</record>
<record>
  <date>2018-11-22T16:26:23</date>
  <millis>1542875183417</millis>
  <sequence>8</sequence>
  <level>INFO</level>
  <class>com.kms.katalon.core.logging.KeywordLogger</class>
  <method>logMessage</method>
  <thread>1</thread>
  <message>Opening browser</message>
  <nestedLevel>1</nestedLevel>
</record>
<record>
  <date>2018-11-22T16:26:23</date>
  <millis>1542875183423</millis>
  <sequence>9</sequence>
  <level>INFO</level>
  <class>com.kms.katalon.core.logging.KeywordLogger</class>
  <method>logMessage</method>
  <thread>1</thread>
  <message>Starting &amp;apos;Chrome&amp;apos; driver</message>
  <nestedLevel>1</nestedLevel>
</record>
<record>
  <date>2018-11-22T16:26:23</date>
  <millis>1542875183444</millis>
  <sequence>10</sequence>
  <level>INFO</level>
  <class>com.kms.katalon.core.logging.KeywordLogger</class>
  <method>logMessage</method>
  <thread>1</thread>
  <message>Action delay is set to 0 seconds</message>
  <nestedLevel>1</nestedLevel>
</record>
<record>
  <date>2018-11-22T16:26:26</date>
  <millis>1542875186102</millis>
  <sequence>12</sequence>
  <level>RUN_DATA</level>
  <class>com.kms.katalon.core.logging.KeywordLogger</class>
  <method>logMessage</method>
  <thread>1</thread>
  <message>Logging run data &amp;apos;sessionId&amp;apos; with value &amp;apos;cd6bbe45af0456a3c582ac0b7401b701&amp;apos;</message>
  <nestedLevel>1</nestedLevel>
  <property name="sessionId">cd6bbe45af0456a3c582ac0b7401b701</property>
</record>
<record>
  <date>2018-11-22T16:26:26</date>
  <millis>1542875186135</millis>
  <sequence>13</sequence>
  <level>RUN_DATA</level>
  <class>com.kms.katalon.core.logging.KeywordLogger</class>
  <method>logMessage</method>
  <thread>1</thread>
  <message>Logging run data &amp;apos;browser&amp;apos; with value &amp;apos;Chrome 70.0.3538.102&amp;apos;</message>
  <nestedLevel>1</nestedLevel>
  <property name="browser">Chrome 70.0.3538.102</property>
</record>
<record>
  <date>2018-11-22T16:26:26</date>
  <millis>1542875186136</millis>
  <sequence>14</sequence>
  <level>RUN_DATA</level>
  <class>com.kms.katalon.core.logging.KeywordLogger</class>
  <method>logMessage</method>
  <thread>1</thread>
  <message>Logging run data &amp;apos;platform&amp;apos; with value &amp;apos;Windows 10&amp;apos;</message>
  <nestedLevel>1</nestedLevel>
  <property name="platform">Windows 10</property>
</record>
<record>
  <date>2018-11-22T16:26:26</date>
  <millis>1542875186137</millis>
  <sequence>15</sequence>
  <level>RUN_DATA</level>
  <class>com.kms.katalon.core.logging.KeywordLogger</class>
  <method>logMessage</method>
  <thread>1</thread>
  <message>Logging run data &amp;apos;seleniumVersion&amp;apos; with value &amp;apos;3.7.1&amp;apos;</message>
  <nestedLevel>1</nestedLevel>
  <property name="seleniumVersion">3.7.1</property>
</record>
<record>
  <date>2018-11-22T16:26:26</date>
  <millis>1542875186138</millis>
  <sequence>16</sequence>
  <level>RUN_DATA</level>
  <class>com.kms.katalon.core.logging.KeywordLogger</class>
  <method>logMessage</method>
  <thread>1</thread>
  <message>Logging run data &amp;apos;proxyInformation&amp;apos; with value &amp;apos;ProxyInformation{proxyOption=NO_PROXY, proxyServerType=HTTP, password=, proxyServerAddress=, proxyServerPort=0}&amp;apos;</message>
  <nestedLevel>1</nestedLevel>
  <property name="proxyInformation">ProxyInformation{proxyOption=NO_PROXY, proxyServerType=HTTP, password=, proxyServerAddress=, proxyServerPort=0}</property>
</record>
<record>
  <date>2018-11-22T16:26:26</date>
  <millis>1542875186139</millis>
  <sequence>17</sequence>
  <level>PASSED</level>
  <class>com.kms.katalon.core.logging.KeywordLogger</class>
  <method>logMessage</method>
  <thread>1</thread>
  <message>Browser is opened with url: &amp;apos;&amp;apos;</message>
  <nestedLevel>1</nestedLevel>
</record>
<record>
  <date>2018-11-22T16:26:26</date>
  <millis>1542875186149</millis>
  <sequence>18</sequence>
  <level>INFO</level>
  <class>com.kms.katalon.core.logging.KeywordLogger</class>
  <method>logMessage</method>
  <thread>1</thread>
  <message>Maximizing current window</message>
  <nestedLevel>1</nestedLevel>
</record>
<record>
  <date>2018-11-22T16:26:27</date>
  <millis>1542875187269</millis>
  <sequence>19</sequence>
  <level>PASSED</level>
  <class>com.kms.katalon.core.logging.KeywordLogger</class>
  <method>logMessage</method>
  <thread>1</thread>
  <message>Current window maximized</message>
  <nestedLevel>1</nestedLevel>
</record>
<record>
  <date>2018-11-22T16:26:27</date>
  <millis>1542875187277</millis>
  <sequence>20</sequence>
  <level>INFO</level>
  <class>com.kms.katalon.core.logging.KeywordLogger</class>
  <method>logMessage</method>
  <thread>1</thread>
  <message>Checking url</message>
  <nestedLevel>1</nestedLevel>
</record>
<record>
  <date>2018-11-22T16:26:27</date>
  <millis>1542875187278</millis>
  <sequence>21</sequence>
  <level>INFO</level>
  <class>com.kms.katalon.core.logging.KeywordLogger</class>
  <method>logMessage</method>
  <thread>1</thread>
  <message>Navigating to &amp;apos;http://dev-operator.ucf88.com/#/&amp;apos;</message>
  <nestedLevel>1</nestedLevel>
</record>
<record>
  <date>2018-11-22T16:26:29</date>
  <millis>1542875189211</millis>
  <sequence>22</sequence>
  <level>PASSED</level>
  <class>com.kms.katalon.core.logging.KeywordLogger</class>
  <method>logMessage</method>
  <thread>1</thread>
  <message>Navigate to &amp;apos;http://dev-operator.ucf88.com/#/&amp;apos; successfully</message>
  <nestedLevel>1</nestedLevel>
</record>
<record>
  <date>2018-11-22T16:26:29</date>
  <millis>1542875189219</millis>
  <sequence>23</sequence>
  <level>INFO</level>
  <class>com.kms.katalon.core.logging.KeywordLogger</class>
  <method>logMessage</method>
  <thread>1</thread>
  <message>Finding Test Object with id &amp;apos;Object Repository/ucf88_or/frontend/login_or/input_username_fe&amp;apos;</message>
  <nestedLevel>1</nestedLevel>
</record>
<record>
  <date>2018-11-22T16:26:29</date>
  <millis>1542875189238</millis>
  <sequence>24</sequence>
  <level>INFO</level>
  <class>com.kms.katalon.core.logging.KeywordLogger</class>
  <method>logMessage</method>
  <thread>1</thread>
  <message>Checking object</message>
  <nestedLevel>1</nestedLevel>
</record>
<record>
  <date>2018-11-22T16:26:29</date>
  <millis>1542875189238</millis>
  <sequence>25</sequence>
  <level>INFO</level>
  <class>com.kms.katalon.core.logging.KeywordLogger</class>
  <method>logMessage</method>
  <thread>1</thread>
  <message>Checking text</message>
  <nestedLevel>1</nestedLevel>
</record>
<record>
  <date>2018-11-22T16:26:29</date>
  <millis>1542875189239</millis>
  <sequence>26</sequence>
  <level>INFO</level>
  <class>com.kms.katalon.core.logging.KeywordLogger</class>
  <method>logMessage</method>
  <thread>1</thread>
  <message>Checking timeout</message>
  <nestedLevel>1</nestedLevel>
</record>
<record>
  <date>2018-11-22T16:26:29</date>
  <millis>1542875189247</millis>
  <sequence>27</sequence>
  <level>INFO</level>
  <class>com.kms.katalon.core.logging.KeywordLogger</class>
  <method>logMessage</method>
  <thread>1</thread>
  <message>Finding web element with id: &amp;apos;Object Repository/ucf88_or/frontend/login_or/input_username_fe&amp;apos; located by &amp;apos;By.xpath: id(\&amp;quot;root\&amp;quot;)/div[1]/div[@class=\&amp;quot;page\&amp;quot;]/div[@class=\&amp;quot;styles__HeaderWrapper-sc-1cpcgf0-0 hUJbir\&amp;quot;]/div[@class=\&amp;quot;styles__ContainerWrapper-sc-1cpcgf0-1 kdkWci\&amp;quot;]/div[@class=\&amp;quot;styles__LoginWrapper-sc-1n50m2z-0 bIFgQd\&amp;quot;]/div[@class=\&amp;quot;right-sidebar-root\&amp;quot;]/div[@class=\&amp;quot;right-sidebar-content\&amp;quot;]/form[@class=\&amp;quot;sc-bxivhb gVGlWJ\&amp;quot;]/div[@class=\&amp;quot;sc-ifAKCX kfilsK position-relative form-group\&amp;quot;]/input[@class=\&amp;quot;sc-EHOje cnhJKu form-control\&amp;quot;][count(. | //input[@name = &amp;apos;username&amp;apos; and @placeholder = &amp;apos;Username&amp;apos; and @type = &amp;apos;text&amp;apos; and @class = &amp;apos;sc-EHOje cnhJKu form-control&amp;apos;]) = count(//input[@name = &amp;apos;username&amp;apos; and @placeholder = &amp;apos;Username&amp;apos; and @type = &amp;apos;text&amp;apos; and @class = &amp;apos;sc-EHOje cnhJKu form-control&amp;apos;])]&amp;apos; in &amp;apos;30&amp;apos; second(s)</message>
  <nestedLevel>1</nestedLevel>
</record>
<record>
  <date>2018-11-22T16:26:29</date>
  <millis>1542875189265</millis>
  <sequence>28</sequence>
  <level>INFO</level>
  <class>com.kms.katalon.core.logging.KeywordLogger</class>
  <method>logMessage</method>
  <thread>1</thread>
  <message>Found 1 web elements with id: &amp;apos;Object Repository/ucf88_or/frontend/login_or/input_username_fe&amp;apos; located by &amp;apos;By.xpath: id(\&amp;quot;root\&amp;quot;)/div[1]/div[@class=\&amp;quot;page\&amp;quot;]/div[@class=\&amp;quot;styles__HeaderWrapper-sc-1cpcgf0-0 hUJbir\&amp;quot;]/div[@class=\&amp;quot;styles__ContainerWrapper-sc-1cpcgf0-1 kdkWci\&amp;quot;]/div[@class=\&amp;quot;styles__LoginWrapper-sc-1n50m2z-0 bIFgQd\&amp;quot;]/div[@class=\&amp;quot;right-sidebar-root\&amp;quot;]/div[@class=\&amp;quot;right-sidebar-content\&amp;quot;]/form[@class=\&amp;quot;sc-bxivhb gVGlWJ\&amp;quot;]/div[@class=\&amp;quot;sc-ifAKCX kfilsK position-relative form-group\&amp;quot;]/input[@class=\&amp;quot;sc-EHOje cnhJKu form-control\&amp;quot;][count(. | //input[@name = &amp;apos;username&amp;apos; and @placeholder = &amp;apos;Username&amp;apos; and @type = &amp;apos;text&amp;apos; and @class = &amp;apos;sc-EHOje cnhJKu form-control&amp;apos;]) = count(//input[@name = &amp;apos;username&amp;apos; and @placeholder = &amp;apos;Username&amp;apos; and @type = &amp;apos;text&amp;apos; and @class = &amp;apos;sc-EHOje cnhJKu form-control&amp;apos;])]&amp;apos; in &amp;apos;30&amp;apos; second(s)</message>
  <nestedLevel>1</nestedLevel>
</record>
<record>
  <date>2018-11-22T16:26:29</date>
  <millis>1542875189266</millis>
  <sequence>29</sequence>
  <level>INFO</level>
  <class>com.kms.katalon.core.logging.KeywordLogger</class>
  <method>logMessage</method>
  <thread>1</thread>
  <message>Clearing text of object &amp;apos;Object Repository/ucf88_or/frontend/login_or/input_username_fe&amp;apos;</message>
  <nestedLevel>1</nestedLevel>
</record>
<record>
  <date>2018-11-22T16:26:29</date>
  <millis>1542875189293</millis>
  <sequence>30</sequence>
  <level>INFO</level>
  <class>com.kms.katalon.core.logging.KeywordLogger</class>
  <method>logMessage</method>
  <thread>1</thread>
  <message>Checking timeout</message>
  <nestedLevel>1</nestedLevel>
</record>
<record>
  <date>2018-11-22T16:26:29</date>
  <millis>1542875189294</millis>
  <sequence>31</sequence>
  <level>INFO</level>
  <class>com.kms.katalon.core.logging.KeywordLogger</class>
  <method>logMessage</method>
  <thread>1</thread>
  <message>Finding web element with id: &amp;apos;Object Repository/ucf88_or/frontend/login_or/input_username_fe&amp;apos; located by &amp;apos;By.xpath: id(\&amp;quot;root\&amp;quot;)/div[1]/div[@class=\&amp;quot;page\&amp;quot;]/div[@class=\&amp;quot;styles__HeaderWrapper-sc-1cpcgf0-0 hUJbir\&amp;quot;]/div[@class=\&amp;quot;styles__ContainerWrapper-sc-1cpcgf0-1 kdkWci\&amp;quot;]/div[@class=\&amp;quot;styles__LoginWrapper-sc-1n50m2z-0 bIFgQd\&amp;quot;]/div[@class=\&amp;quot;right-sidebar-root\&amp;quot;]/div[@class=\&amp;quot;right-sidebar-content\&amp;quot;]/form[@class=\&amp;quot;sc-bxivhb gVGlWJ\&amp;quot;]/div[@class=\&amp;quot;sc-ifAKCX kfilsK position-relative form-group\&amp;quot;]/input[@class=\&amp;quot;sc-EHOje cnhJKu form-control\&amp;quot;][count(. | //input[@name = &amp;apos;username&amp;apos; and @placeholder = &amp;apos;Username&amp;apos; and @type = &amp;apos;text&amp;apos; and @class = &amp;apos;sc-EHOje cnhJKu form-control&amp;apos;]) = count(//input[@name = &amp;apos;username&amp;apos; and @placeholder = &amp;apos;Username&amp;apos; and @type = &amp;apos;text&amp;apos; and @class = &amp;apos;sc-EHOje cnhJKu form-control&amp;apos;])]&amp;apos; in &amp;apos;30&amp;apos; second(s)</message>
  <nestedLevel>1</nestedLevel>
</record>
<record>
  <date>2018-11-22T16:26:29</date>
  <millis>1542875189305</millis>
  <sequence>32</sequence>
  <level>INFO</level>
  <class>com.kms.katalon.core.logging.KeywordLogger</class>
  <method>logMessage</method>
  <thread>1</thread>
  <message>Found 1 web elements with id: &amp;apos;Object Repository/ucf88_or/frontend/login_or/input_username_fe&amp;apos; located by &amp;apos;By.xpath: id(\&amp;quot;root\&amp;quot;)/div[1]/div[@class=\&amp;quot;page\&amp;quot;]/div[@class=\&amp;quot;styles__HeaderWrapper-sc-1cpcgf0-0 hUJbir\&amp;quot;]/div[@class=\&amp;quot;styles__ContainerWrapper-sc-1cpcgf0-1 kdkWci\&amp;quot;]/div[@class=\&amp;quot;styles__LoginWrapper-sc-1n50m2z-0 bIFgQd\&amp;quot;]/div[@class=\&amp;quot;right-sidebar-root\&amp;quot;]/div[@class=\&amp;quot;right-sidebar-content\&amp;quot;]/form[@class=\&amp;quot;sc-bxivhb gVGlWJ\&amp;quot;]/div[@class=\&amp;quot;sc-ifAKCX kfilsK position-relative form-group\&amp;quot;]/input[@class=\&amp;quot;sc-EHOje cnhJKu form-control\&amp;quot;][count(. | //input[@name = &amp;apos;username&amp;apos; and @placeholder = &amp;apos;Username&amp;apos; and @type = &amp;apos;text&amp;apos; and @class = &amp;apos;sc-EHOje cnhJKu form-control&amp;apos;]) = count(//input[@name = &amp;apos;username&amp;apos; and @placeholder = &amp;apos;Username&amp;apos; and @type = &amp;apos;text&amp;apos; and @class = &amp;apos;sc-EHOje cnhJKu form-control&amp;apos;])]&amp;apos; in &amp;apos;30&amp;apos; second(s)</message>
  <nestedLevel>1</nestedLevel>
</record>
<record>
  <date>2018-11-22T16:26:29</date>
  <millis>1542875189310</millis>
  <sequence>33</sequence>
  <level>INFO</level>
  <class>com.kms.katalon.core.logging.KeywordLogger</class>
  <method>logMessage</method>
  <thread>1</thread>
  <message>Setting text of object &amp;apos;Object Repository/ucf88_or/frontend/login_or/input_username_fe&amp;apos; to value &amp;apos;janine&amp;apos;</message>
  <nestedLevel>1</nestedLevel>
</record>
<record>
  <date>2018-11-22T16:26:29</date>
  <millis>1542875189368</millis>
  <sequence>34</sequence>
  <level>PASSED</level>
  <class>com.kms.katalon.core.logging.KeywordLogger</class>
  <method>logMessage</method>
  <thread>1</thread>
  <message>Text &amp;apos;janine&amp;apos; is set on object &amp;apos;Object Repository/ucf88_or/frontend/login_or/input_username_fe&amp;apos;</message>
  <nestedLevel>1</nestedLevel>
</record>
<record>
  <date>2018-11-22T16:26:29</date>
  <millis>1542875189384</millis>
  <sequence>35</sequence>
  <level>INFO</level>
  <class>com.kms.katalon.core.logging.KeywordLogger</class>
  <method>logMessage</method>
  <thread>1</thread>
  <message>Delaying browser in 1 second(s)</message>
  <nestedLevel>1</nestedLevel>
</record>
<record>
  <date>2018-11-22T16:26:30</date>
  <millis>1542875190385</millis>
  <sequence>36</sequence>
  <level>PASSED</level>
  <class>com.kms.katalon.core.logging.KeywordLogger</class>
  <method>logMessage</method>
  <thread>1</thread>
  <message>Delayed 1 second(s)</message>
  <nestedLevel>1</nestedLevel>
</record>
<record>
  <date>2018-11-22T16:26:30</date>
  <millis>1542875190385</millis>
  <sequence>37</sequence>
  <level>INFO</level>
  <class>com.kms.katalon.core.logging.KeywordLogger</class>
  <method>logMessage</method>
  <thread>1</thread>
  <message>Finding Test Object with id &amp;apos;Object Repository/ucf88_or/frontend/login_or/input_password_fe&amp;apos;</message>
  <nestedLevel>1</nestedLevel>
</record>
<record>
  <date>2018-11-22T16:26:30</date>
  <millis>1542875190396</millis>
  <sequence>38</sequence>
  <level>INFO</level>
  <class>com.kms.katalon.core.logging.KeywordLogger</class>
  <method>logMessage</method>
  <thread>1</thread>
  <message>Checking object</message>
  <nestedLevel>1</nestedLevel>
</record>
<record>
  <date>2018-11-22T16:26:30</date>
  <millis>1542875190398</millis>
  <sequence>39</sequence>
  <level>INFO</level>
  <class>com.kms.katalon.core.logging.KeywordLogger</class>
  <method>logMessage</method>
  <thread>1</thread>
  <message>Checking text</message>
  <nestedLevel>1</nestedLevel>
</record>
<record>
  <date>2018-11-22T16:26:30</date>
  <millis>1542875190439</millis>
  <sequence>40</sequence>
  <level>INFO</level>
  <class>com.kms.katalon.core.logging.KeywordLogger</class>
  <method>logMessage</method>
  <thread>1</thread>
  <message>Checking timeout</message>
  <nestedLevel>1</nestedLevel>
</record>
<record>
  <date>2018-11-22T16:26:30</date>
  <millis>1542875190440</millis>
  <sequence>41</sequence>
  <level>INFO</level>
  <class>com.kms.katalon.core.logging.KeywordLogger</class>
  <method>logMessage</method>
  <thread>1</thread>
  <message>Finding web element with id: &amp;apos;Object Repository/ucf88_or/frontend/login_or/input_password_fe&amp;apos; located by &amp;apos;By.xpath: id(\&amp;quot;root\&amp;quot;)/div[1]/div[@class=\&amp;quot;page\&amp;quot;]/div[@class=\&amp;quot;styles__HeaderWrapper-sc-1cpcgf0-0 hUJbir\&amp;quot;]/div[@class=\&amp;quot;styles__ContainerWrapper-sc-1cpcgf0-1 kdkWci\&amp;quot;]/div[@class=\&amp;quot;styles__LoginWrapper-sc-1n50m2z-0 bIFgQd\&amp;quot;]/div[@class=\&amp;quot;right-sidebar-root\&amp;quot;]/div[@class=\&amp;quot;right-sidebar-content\&amp;quot;]/form[@class=\&amp;quot;sc-bxivhb gVGlWJ\&amp;quot;]/div[@class=\&amp;quot;sc-ifAKCX kfilsK position-relative form-group\&amp;quot;]/input[@class=\&amp;quot;sc-EHOje cnhJKu form-control\&amp;quot;][count(. | //input[@name = &amp;apos;password&amp;apos; and @placeholder = &amp;apos;Password&amp;apos; and @type = &amp;apos;password&amp;apos; and @class = &amp;apos;sc-EHOje cnhJKu form-control&amp;apos;]) = count(//input[@name = &amp;apos;password&amp;apos; and @placeholder = &amp;apos;Password&amp;apos; and @type = &amp;apos;password&amp;apos; and @class = &amp;apos;sc-EHOje cnhJKu form-control&amp;apos;])]&amp;apos; in &amp;apos;30&amp;apos; second(s)</message>
  <nestedLevel>1</nestedLevel>
</record>
<record>
  <date>2018-11-22T16:26:30</date>
  <millis>1542875190457</millis>
  <sequence>42</sequence>
  <level>INFO</level>
  <class>com.kms.katalon.core.logging.KeywordLogger</class>
  <method>logMessage</method>
  <thread>1</thread>
  <message>Found 1 web elements with id: &amp;apos;Object Repository/ucf88_or/frontend/login_or/input_password_fe&amp;apos; located by &amp;apos;By.xpath: id(\&amp;quot;root\&amp;quot;)/div[1]/div[@class=\&amp;quot;page\&amp;quot;]/div[@class=\&amp;quot;styles__HeaderWrapper-sc-1cpcgf0-0 hUJbir\&amp;quot;]/div[@class=\&amp;quot;styles__ContainerWrapper-sc-1cpcgf0-1 kdkWci\&amp;quot;]/div[@class=\&amp;quot;styles__LoginWrapper-sc-1n50m2z-0 bIFgQd\&amp;quot;]/div[@class=\&amp;quot;right-sidebar-root\&amp;quot;]/div[@class=\&amp;quot;right-sidebar-content\&amp;quot;]/form[@class=\&amp;quot;sc-bxivhb gVGlWJ\&amp;quot;]/div[@class=\&amp;quot;sc-ifAKCX kfilsK position-relative form-group\&amp;quot;]/input[@class=\&amp;quot;sc-EHOje cnhJKu form-control\&amp;quot;][count(. | //input[@name = &amp;apos;password&amp;apos; and @placeholder = &amp;apos;Password&amp;apos; and @type = &amp;apos;password&amp;apos; and @class = &amp;apos;sc-EHOje cnhJKu form-control&amp;apos;]) = count(//input[@name = &amp;apos;password&amp;apos; and @placeholder = &amp;apos;Password&amp;apos; and @type = &amp;apos;password&amp;apos; and @class = &amp;apos;sc-EHOje cnhJKu form-control&amp;apos;])]&amp;apos; in &amp;apos;30&amp;apos; second(s)</message>
  <nestedLevel>1</nestedLevel>
</record>
<record>
  <date>2018-11-22T16:26:30</date>
  <millis>1542875190457</millis>
  <sequence>43</sequence>
  <level>INFO</level>
  <class>com.kms.katalon.core.logging.KeywordLogger</class>
  <method>logMessage</method>
  <thread>1</thread>
  <message>Clearing text of object &amp;apos;Object Repository/ucf88_or/frontend/login_or/input_password_fe&amp;apos;</message>
  <nestedLevel>1</nestedLevel>
</record>
<record>
  <date>2018-11-22T16:26:30</date>
  <millis>1542875190486</millis>
  <sequence>44</sequence>
  <level>INFO</level>
  <class>com.kms.katalon.core.logging.KeywordLogger</class>
  <method>logMessage</method>
  <thread>1</thread>
  <message>Setting  text of object &amp;apos;Object Repository/ucf88_or/frontend/login_or/input_password_fe&amp;apos; to value ******</message>
  <nestedLevel>1</nestedLevel>
</record>
<record>
  <date>2018-11-22T16:26:30</date>
  <millis>1542875190534</millis>
  <sequence>45</sequence>
  <level>PASSED</level>
  <class>com.kms.katalon.core.logging.KeywordLogger</class>
  <method>logMessage</method>
  <thread>1</thread>
  <message>Text ****** has been set on object &amp;apos;Object Repository/ucf88_or/frontend/login_or/input_password_fe&amp;apos;</message>
  <nestedLevel>1</nestedLevel>
</record>
<record>
  <date>2018-11-22T16:26:30</date>
  <millis>1542875190535</millis>
  <sequence>46</sequence>
  <level>INFO</level>
  <class>com.kms.katalon.core.logging.KeywordLogger</class>
  <method>logMessage</method>
  <thread>1</thread>
  <message>Delaying browser in 1 second(s)</message>
  <nestedLevel>1</nestedLevel>
</record>
<record>
  <date>2018-11-22T16:26:31</date>
  <millis>1542875191536</millis>
  <sequence>47</sequence>
  <level>PASSED</level>
  <class>com.kms.katalon.core.logging.KeywordLogger</class>
  <method>logMessage</method>
  <thread>1</thread>
  <message>Delayed 1 second(s)</message>
  <nestedLevel>1</nestedLevel>
</record>
<record>
  <date>2018-11-22T16:26:31</date>
  <millis>1542875191537</millis>
  <sequence>48</sequence>
  <level>INFO</level>
  <class>com.kms.katalon.core.logging.KeywordLogger</class>
  <method>logMessage</method>
  <thread>1</thread>
  <message>Finding Test Object with id &amp;apos;Object Repository/ucf88_or/frontend/login_or/button_login_fe&amp;apos;</message>
  <nestedLevel>1</nestedLevel>
</record>
<record>
  <date>2018-11-22T16:26:31</date>
  <millis>1542875191569</millis>
  <sequence>49</sequence>
  <level>INFO</level>
  <class>com.kms.katalon.core.logging.KeywordLogger</class>
  <method>logMessage</method>
  <thread>1</thread>
  <message>Checking object</message>
  <nestedLevel>1</nestedLevel>
</record>
<record>
  <date>2018-11-22T16:26:31</date>
  <millis>1542875191570</millis>
  <sequence>50</sequence>
  <level>INFO</level>
  <class>com.kms.katalon.core.logging.KeywordLogger</class>
  <method>logMessage</method>
  <thread>1</thread>
  <message>Checking timeout</message>
  <nestedLevel>1</nestedLevel>
</record>
<record>
  <date>2018-11-22T16:26:31</date>
  <millis>1542875191572</millis>
  <sequence>51</sequence>
  <level>INFO</level>
  <class>com.kms.katalon.core.logging.KeywordLogger</class>
  <method>logMessage</method>
  <thread>1</thread>
  <message>Finding web element with id: &amp;apos;Object Repository/ucf88_or/frontend/login_or/button_login_fe&amp;apos; located by &amp;apos;By.xpath: id(\&amp;quot;root\&amp;quot;)/div[1]/div[@class=\&amp;quot;page\&amp;quot;]/div[@class=\&amp;quot;styles__HeaderWrapper-sc-1cpcgf0-0 hUJbir\&amp;quot;]/div[@class=\&amp;quot;styles__ContainerWrapper-sc-1cpcgf0-1 kdkWci\&amp;quot;]/div[@class=\&amp;quot;styles__LoginWrapper-sc-1n50m2z-0 bIFgQd\&amp;quot;]/div[@class=\&amp;quot;right-sidebar-root\&amp;quot;]/div[@class=\&amp;quot;right-sidebar-content\&amp;quot;]/form[@class=\&amp;quot;sc-bxivhb gVGlWJ\&amp;quot;]/div[@class=\&amp;quot;sc-ifAKCX kfilsK position-relative form-group\&amp;quot;]/button[@class=\&amp;quot;sc-bZQynM dcIuaL btn btn-primary\&amp;quot;][count(. | //button[@type = &amp;apos;submit&amp;apos; and (text() = &amp;apos;Login&amp;apos; or . = &amp;apos;Login&amp;apos;)]) = count(//button[@type = &amp;apos;submit&amp;apos; and (text() = &amp;apos;Login&amp;apos; or . = &amp;apos;Login&amp;apos;)])]&amp;apos; in &amp;apos;30&amp;apos; second(s)</message>
  <nestedLevel>1</nestedLevel>
</record>
<record>
  <date>2018-11-22T16:26:31</date>
  <millis>1542875191595</millis>
  <sequence>52</sequence>
  <level>INFO</level>
  <class>com.kms.katalon.core.logging.KeywordLogger</class>
  <method>logMessage</method>
  <thread>1</thread>
  <message>Found 1 web elements with id: &amp;apos;Object Repository/ucf88_or/frontend/login_or/button_login_fe&amp;apos; located by &amp;apos;By.xpath: id(\&amp;quot;root\&amp;quot;)/div[1]/div[@class=\&amp;quot;page\&amp;quot;]/div[@class=\&amp;quot;styles__HeaderWrapper-sc-1cpcgf0-0 hUJbir\&amp;quot;]/div[@class=\&amp;quot;styles__ContainerWrapper-sc-1cpcgf0-1 kdkWci\&amp;quot;]/div[@class=\&amp;quot;styles__LoginWrapper-sc-1n50m2z-0 bIFgQd\&amp;quot;]/div[@class=\&amp;quot;right-sidebar-root\&amp;quot;]/div[@class=\&amp;quot;right-sidebar-content\&amp;quot;]/form[@class=\&amp;quot;sc-bxivhb gVGlWJ\&amp;quot;]/div[@class=\&amp;quot;sc-ifAKCX kfilsK position-relative form-group\&amp;quot;]/button[@class=\&amp;quot;sc-bZQynM dcIuaL btn btn-primary\&amp;quot;][count(. | //button[@type = &amp;apos;submit&amp;apos; and (text() = &amp;apos;Login&amp;apos; or . = &amp;apos;Login&amp;apos;)]) = count(//button[@type = &amp;apos;submit&amp;apos; and (text() = &amp;apos;Login&amp;apos; or . = &amp;apos;Login&amp;apos;)])]&amp;apos; in &amp;apos;30&amp;apos; second(s)</message>
  <nestedLevel>1</nestedLevel>
</record>
<record>
  <date>2018-11-22T16:26:31</date>
  <millis>1542875191595</millis>
  <sequence>53</sequence>
  <level>INFO</level>
  <class>com.kms.katalon.core.logging.KeywordLogger</class>
  <method>logMessage</method>
  <thread>1</thread>
  <message>Clicking on object: &amp;apos;Object Repository/ucf88_or/frontend/login_or/button_login_fe&amp;apos;</message>
  <nestedLevel>1</nestedLevel>
</record>
<record>
  <date>2018-11-22T16:26:31</date>
  <millis>1542875191653</millis>
  <sequence>54</sequence>
  <level>PASSED</level>
  <class>com.kms.katalon.core.logging.KeywordLogger</class>
  <method>logMessage</method>
  <thread>1</thread>
  <message>Object: &amp;apos;Object Repository/ucf88_or/frontend/login_or/button_login_fe&amp;apos; is clicked on</message>
  <nestedLevel>1</nestedLevel>
</record>
<record>
  <date>2018-11-22T16:26:31</date>
  <millis>1542875191654</millis>
  <sequence>55</sequence>
  <level>PASSED</level>
  <class>com.kms.katalon.core.logging.KeywordLogger</class>
  <method>logMessage</method>
  <thread>1</thread>
  <message>mjpack.loginFrontend.getLogin is PASSED</message>
  <nestedLevel>1</nestedLevel>
</record>
<record>
  <date>2018-11-22T16:26:31</date>
  <millis>1542875191654</millis>
  <sequence>56</sequence>
  <level>END</level>
  <class>com.kms.katalon.core.logging.KeywordLogger</class>
  <method>endKeyword</method>
  <thread>1</thread>
  <message>End action : mjpack.loginFrontend.getLogin</message>
  <nestedLevel>1</nestedLevel>
</record>
<record>
  <date>2018-11-22T16:26:31</date>
  <millis>1542875191655</millis>
  <sequence>57</sequence>
  <level>START</level>
  <class>com.kms.katalon.core.logging.KeywordLogger</class>
  <method>startKeyword</method>
  <thread>1</thread>
  <message>Start action : verifyElementPresent</message>
  <nestedLevel>1</nestedLevel>
  <property name="startLine">18</property>
  <property name="stepIndex">2</property>
</record>
<record>
  <date>2018-11-22T16:26:31</date>
  <millis>1542875191655</millis>
  <sequence>58</sequence>
  <level>INFO</level>
  <class>com.kms.katalon.core.logging.KeywordLogger</class>
  <method>logMessage</method>
  <thread>1</thread>
  <message>Finding Test Object with id &amp;apos;Object Repository/ucf88_or/frontend/betting/span_logout&amp;apos;</message>
  <nestedLevel>1</nestedLevel>
</record>
<record>
  <date>2018-11-22T16:26:31</date>
  <millis>1542875191670</millis>
  <sequence>59</sequence>
  <level>INFO</level>
  <class>com.kms.katalon.core.logging.KeywordLogger</class>
  <method>logMessage</method>
  <thread>1</thread>
  <message>Checking object</message>
  <nestedLevel>1</nestedLevel>
</record>
<record>
  <date>2018-11-22T16:26:31</date>
  <millis>1542875191670</millis>
  <sequence>60</sequence>
  <level>INFO</level>
  <class>com.kms.katalon.core.logging.KeywordLogger</class>
  <method>logMessage</method>
  <thread>1</thread>
  <message>Checking timeout</message>
  <nestedLevel>1</nestedLevel>
</record>
<record>
  <date>2018-11-22T16:26:31</date>
  <millis>1542875191670</millis>
  <sequence>61</sequence>
  <level>INFO</level>
  <class>com.kms.katalon.core.logging.KeywordLogger</class>
  <method>logMessage</method>
  <thread>1</thread>
  <message>Finding web element with id: &amp;apos;Object Repository/ucf88_or/frontend/betting/span_logout&amp;apos; located by &amp;apos;By.xpath: //span [contains (text(), &amp;apos;Logout&amp;apos;)]&amp;apos; in &amp;apos;3&amp;apos; second(s)</message>
  <nestedLevel>1</nestedLevel>
</record>
<record>
  <date>2018-11-22T16:26:32</date>
  <millis>1542875192209</millis>
  <sequence>62</sequence>
  <level>INFO</level>
  <class>com.kms.katalon.core.logging.KeywordLogger</class>
  <method>logMessage</method>
  <thread>1</thread>
  <message>Found 1 web elements with id: &amp;apos;Object Repository/ucf88_or/frontend/betting/span_logout&amp;apos; located by &amp;apos;By.xpath: //span [contains (text(), &amp;apos;Logout&amp;apos;)]&amp;apos; in &amp;apos;3&amp;apos; second(s)</message>
  <nestedLevel>1</nestedLevel>
</record>
<record>
  <date>2018-11-22T16:26:32</date>
  <millis>1542875192210</millis>
  <sequence>63</sequence>
  <level>PASSED</level>
  <class>com.kms.katalon.core.logging.KeywordLogger</class>
  <method>logMessage</method>
  <thread>1</thread>
  <message>Object &amp;apos;Object Repository/ucf88_or/frontend/betting/span_logout&amp;apos; is present</message>
  <nestedLevel>1</nestedLevel>
</record>
<record>
  <date>2018-11-22T16:26:32</date>
  <millis>1542875192211</millis>
  <sequence>64</sequence>
  <level>END</level>
  <class>com.kms.katalon.core.logging.KeywordLogger</class>
  <method>endKeyword</method>
  <thread>1</thread>
  <message>End action : verifyElementPresent</message>
  <nestedLevel>1</nestedLevel>
</record>
<record>
  <date>2018-11-22T16:26:32</date>
  <millis>1542875192212</millis>
  <sequence>65</sequence>
  <level>START</level>
  <class>com.kms.katalon.core.logging.KeywordLogger</class>
  <method>startKeyword</method>
  <thread>1</thread>
  <message>Start action : click</message>
  <nestedLevel>1</nestedLevel>
  <property name="startLine">20</property>
  <property name="stepIndex">3</property>
</record>
<record>
  <date>2018-11-22T16:26:32</date>
  <millis>1542875192214</millis>
  <sequence>66</sequence>
  <level>INFO</level>
  <class>com.kms.katalon.core.logging.KeywordLogger</class>
  <method>logMessage</method>
  <thread>1</thread>
  <message>Finding Test Object with id &amp;apos;Object Repository/ucf88_or/frontend/language/a_flagDrpdwn&amp;apos;</message>
  <nestedLevel>1</nestedLevel>
</record>
<record>
  <date>2018-11-22T16:26:32</date>
  <millis>1542875192214</millis>
  <sequence>67</sequence>
  <level>INFO</level>
  <class>com.kms.katalon.core.logging.KeywordLogger</class>
  <method>logMessage</method>
  <thread>1</thread>
  <message>Finding Test Object with id &amp;apos;Object Repository/ucf88_or/frontend/language/iframe_flagDrpdwn&amp;apos;</message>
  <nestedLevel>1</nestedLevel>
</record>
<record>
  <date>2018-11-22T16:26:32</date>
  <millis>1542875192234</millis>
  <sequence>68</sequence>
  <level>INFO</level>
  <class>com.kms.katalon.core.logging.KeywordLogger</class>
  <method>logMessage</method>
  <thread>1</thread>
  <message>Checking object</message>
  <nestedLevel>1</nestedLevel>
</record>
<record>
  <date>2018-11-22T16:26:32</date>
  <millis>1542875192235</millis>
  <sequence>69</sequence>
  <level>INFO</level>
  <class>com.kms.katalon.core.logging.KeywordLogger</class>
  <method>logMessage</method>
  <thread>1</thread>
  <message>Object: &amp;apos;Object Repository/ucf88_or/frontend/language/a_flagDrpdwn&amp;apos; has parent object(s)</message>
  <nestedLevel>1</nestedLevel>
</record>
<record>
  <date>2018-11-22T16:26:32</date>
  <millis>1542875192236</millis>
  <sequence>70</sequence>
  <level>INFO</level>
  <class>com.kms.katalon.core.logging.KeywordLogger</class>
  <method>logMessage</method>
  <thread>1</thread>
  <message>Switching to iframe: &amp;apos;Object Repository/ucf88_or/frontend/language/iframe_flagDrpdwn&amp;apos;</message>
  <nestedLevel>1</nestedLevel>
</record>
<record>
  <date>2018-11-22T16:26:32</date>
  <millis>1542875192237</millis>
  <sequence>71</sequence>
  <level>INFO</level>
  <class>com.kms.katalon.core.logging.KeywordLogger</class>
  <method>logMessage</method>
  <thread>1</thread>
  <message>Checking timeout</message>
  <nestedLevel>1</nestedLevel>
</record>
<record>
  <date>2018-11-22T16:26:32</date>
  <millis>1542875192238</millis>
  <sequence>72</sequence>
  <level>INFO</level>
  <class>com.kms.katalon.core.logging.KeywordLogger</class>
  <method>logMessage</method>
  <thread>1</thread>
  <message>Finding web element with id: &amp;apos;Object Repository/ucf88_or/frontend/language/iframe_flagDrpdwn&amp;apos; located by &amp;apos;By.xpath: //div[@id=&amp;apos;root&amp;apos;]/div/div/div[2]/section/div/iframe&amp;apos; in &amp;apos;30&amp;apos; second(s)</message>
  <nestedLevel>1</nestedLevel>
</record>
<record>
  <date>2018-11-22T16:26:32</date>
  <millis>1542875192968</millis>
  <sequence>73</sequence>
  <level>INFO</level>
  <class>com.kms.katalon.core.logging.KeywordLogger</class>
  <method>logMessage</method>
  <thread>1</thread>
  <message>Found 1 web elements with id: &amp;apos;Object Repository/ucf88_or/frontend/language/iframe_flagDrpdwn&amp;apos; located by &amp;apos;By.xpath: //div[@id=&amp;apos;root&amp;apos;]/div/div/div[2]/section/div/iframe&amp;apos; in &amp;apos;30&amp;apos; second(s)</message>
  <nestedLevel>1</nestedLevel>
</record>
<record>
  <date>2018-11-22T16:26:32</date>
  <millis>1542875192993</millis>
  <sequence>74</sequence>
  <level>INFO</level>
  <class>com.kms.katalon.core.logging.KeywordLogger</class>
  <method>logMessage</method>
  <thread>1</thread>
  <message>Switched to iframe: &amp;apos;Object Repository/ucf88_or/frontend/language/iframe_flagDrpdwn&amp;apos;</message>
  <nestedLevel>1</nestedLevel>
</record>
<record>
  <date>2018-11-22T16:26:32</date>
  <millis>1542875192994</millis>
  <sequence>75</sequence>
  <level>INFO</level>
  <class>com.kms.katalon.core.logging.KeywordLogger</class>
  <method>logMessage</method>
  <thread>1</thread>
  <message>Checking timeout</message>
  <nestedLevel>1</nestedLevel>
</record>
<record>
  <date>2018-11-22T16:26:32</date>
  <millis>1542875192994</millis>
  <sequence>76</sequence>
  <level>INFO</level>
  <class>com.kms.katalon.core.logging.KeywordLogger</class>
  <method>logMessage</method>
  <thread>1</thread>
  <message>Finding web element with id: &amp;apos;Object Repository/ucf88_or/frontend/language/a_flagDrpdwn&amp;apos; located by &amp;apos;By.xpath: //a [@class=\&amp;quot;dropdown-toggle\&amp;quot;]&amp;apos; in &amp;apos;30&amp;apos; second(s)</message>
  <nestedLevel>1</nestedLevel>
</record>
<record>
  <date>2018-11-22T16:27:00</date>
  <millis>1542875220679</millis>
  <sequence>77</sequence>
  <level>WARNING</level>
  <class>com.kms.katalon.core.logging.KeywordLogger</class>
  <method>logMessage</method>
  <thread>1</thread>
  <message>Switching to default content failed because of: org.openqa.selenium.WebDriverException: chrome not reachable\n  (Session info: chrome=70.0.3538.102)\n  (Driver info: chromedriver=2.43.600210 (68dcf5eebde37173d4027fa8635e332711d2874a),platform=Windows NT 10.0.10586 x86_64) (WARNING: The server did not provide any stacktrace information)\nCommand duration or timeout: 0 milliseconds\nBuild info: version: &amp;apos;3.7.1&amp;apos;, revision: &amp;apos;8a0099a&amp;apos;, time: &amp;apos;2017-11-06T21:07:36.161Z&amp;apos;\nSystem info: host: &amp;apos;J9&amp;apos;, ip: &amp;apos;172.16.8.107&amp;apos;, os.name: &amp;apos;Windows 10&amp;apos;, os.arch: &amp;apos;amd64&amp;apos;, os.version: &amp;apos;10.0&amp;apos;, java.version: &amp;apos;1.8.0_181&amp;apos;\nDriver info: com.kms.katalon.selenium.driver.CChromeDriver\nCapabilities {acceptInsecureCerts: false, acceptSslCerts: false, applicationCacheEnabled: false, browserConnectionEnabled: false, browserName: chrome, chrome: {chromedriverVersion: 2.43.600210 (68dcf5eebde371..., userDataDir: C:\\Users\\JANINE~1.BAU\\AppDa...}, cssSelectorsEnabled: true, databaseEnabled: false, goog:chromeOptions: {debuggerAddress: localhost:59459}, handlesAlerts: true, hasTouchScreen: false, javascriptEnabled: true, locationContextEnabled: true, mobileEmulationEnabled: false, nativeEvents: true, networkConnectionEnabled: false, pageLoadStrategy: normal, platform: XP, platformName: XP, rotatable: false, setWindowRect: true, takesHeapSnapshot: true, takesScreenshot: true, unexpectedAlertBehaviour: , unhandledPromptBehavior: , version: 70.0.3538.102, webStorageEnabled: true}\nSession ID: cd6bbe45af0456a3c582ac0b7401b701</message>
  <nestedLevel>1</nestedLevel>
</record>
<record>
  <date>2018-11-22T16:27:00</date>
  <millis>1542875220680</millis>
  <sequence>78</sequence>
  <level>FAILED</level>
  <class>com.kms.katalon.core.logging.KeywordLogger</class>
  <method>logMessage</method>
  <thread>1</thread>
  <message>Unable to click on object &amp;apos;Object Repository/ucf88_or/frontend/language/a_flagDrpdwn&amp;apos; (Root cause: org.openqa.selenium.WebDriverException: chrome not reachable\n  (Session info: chrome=70.0.3538.102)\n  (Driver info: chromedriver=2.43.600210 (68dcf5eebde37173d4027fa8635e332711d2874a),platform=Windows NT 10.0.10586 x86_64) (WARNING: The server did not provide any stacktrace information)\nCommand duration or timeout: 0 milliseconds\nBuild info: version: &amp;apos;3.7.1&amp;apos;, revision: &amp;apos;8a0099a&amp;apos;, time: &amp;apos;2017-11-06T21:07:36.161Z&amp;apos;\nSystem info: host: &amp;apos;J9&amp;apos;, ip: &amp;apos;172.16.8.107&amp;apos;, os.name: &amp;apos;Windows 10&amp;apos;, os.arch: &amp;apos;amd64&amp;apos;, os.version: &amp;apos;10.0&amp;apos;, java.version: &amp;apos;1.8.0_181&amp;apos;\nDriver info: com.kms.katalon.selenium.driver.CChromeDriver\nCapabilities {acceptInsecureCerts: false, acceptSslCerts: false, applicationCacheEnabled: false, browserConnectionEnabled: false, browserName: chrome, chrome: {chromedriverVersion: 2.43.600210 (68dcf5eebde371..., userDataDir: C:\\Users\\JANINE~1.BAU\\AppDa...}, cssSelectorsEnabled: true, databaseEnabled: false, goog:chromeOptions: {debuggerAddress: localhost:59459}, handlesAlerts: true, hasTouchScreen: false, javascriptEnabled: true, locationContextEnabled: true, mobileEmulationEnabled: false, nativeEvents: true, networkConnectionEnabled: false, pageLoadStrategy: normal, platform: XP, platformName: XP, rotatable: false, setWindowRect: true, takesHeapSnapshot: true, takesScreenshot: true, unexpectedAlertBehaviour: , unhandledPromptBehavior: , version: 70.0.3538.102, webStorageEnabled: true}\nSession ID: cd6bbe45af0456a3c582ac0b7401b701\n*** Element info: {Using=xpath, value=//a [@class=\&amp;quot;dropdown-toggle\&amp;quot;]})</message>
  <nestedLevel>1</nestedLevel>
</record>
<record>
  <date>2018-11-22T16:27:00</date>
  <millis>1542875220681</millis>
  <sequence>79</sequence>
  <level>END</level>
  <class>com.kms.katalon.core.logging.KeywordLogger</class>
  <method>endKeyword</method>
  <thread>1</thread>
  <message>End action : click</message>
  <nestedLevel>1</nestedLevel>
</record>
<record>
  <date>2018-11-22T16:27:00</date>
  <millis>1542875220682</millis>
  <sequence>80</sequence>
  <logger>com.kms.katalon.core.logging.KeywordLogger</logger>
  <level>FAILED</level>
  <class>com.kms.katalon.core.logging.KeywordLogger</class>
  <method>logMessage</method>
  <thread>1</thread>
  <message>Test Cases/ucf88_tc/frontend/language (P)/language FAILED because (of) (Stack trace: com.kms.katalon.core.exception.StepFailedException: Unable to click on object &amp;apos;Object Repository/ucf88_or/frontend/language/a_flagDrpdwn&amp;apos; (Root cause: org.openqa.selenium.WebDriverException: chrome not reachable\n  (Session info: chrome=70.0.3538.102)\n  (Driver info: chromedriver=2.43.600210 (68dcf5eebde37173d4027fa8635e332711d2874a),platform=Windows NT 10.0.10586 x86_64) (WARNING: The server did not provide any stacktrace information)\nCommand duration or timeout: 0 milliseconds\nBuild info: version: &amp;apos;3.7.1&amp;apos;, revision: &amp;apos;8a0099a&amp;apos;, time: &amp;apos;2017-11-06T21:07:36.161Z&amp;apos;\nSystem info: host: &amp;apos;J9&amp;apos;, ip: &amp;apos;172.16.8.107&amp;apos;, os.name: &amp;apos;Windows 10&amp;apos;, os.arch: &amp;apos;amd64&amp;apos;, os.version: &amp;apos;10.0&amp;apos;, java.version: &amp;apos;1.8.0_181&amp;apos;\nDriver info: com.kms.katalon.selenium.driver.CChromeDriver\nCapabilities {acceptInsecureCerts: false, acceptSslCerts: false, applicationCacheEnabled: false, browserConnectionEnabled: false, browserName: chrome, chrome: {chromedriverVersion: 2.43.600210 (68dcf5eebde371..., userDataDir: C:\\Users\\JANINE~1.BAU\\AppDa...}, cssSelectorsEnabled: true, databaseEnabled: false, goog:chromeOptions: {debuggerAddress: localhost:59459}, handlesAlerts: true, hasTouchScreen: false, javascriptEnabled: true, locationContextEnabled: true, mobileEmulationEnabled: false, nativeEvents: true, networkConnectionEnabled: false, pageLoadStrategy: normal, platform: XP, platformName: XP, rotatable: false, setWindowRect: true, takesHeapSnapshot: true, takesScreenshot: true, unexpectedAlertBehaviour: , unhandledPromptBehavior: , version: 70.0.3538.102, webStorageEnabled: true}\nSession ID: cd6bbe45af0456a3c582ac0b7401b701\n*** Element info: {Using=xpath, value=//a [@class=\&amp;quot;dropdown-toggle\&amp;quot;]})\r\n\tat com.kms.katalon.core.keyword.internal.KeywordMain.stepFailed(KeywordMain.groovy:36)\r\n\tat com.kms.katalon.core.webui.keyword.internal.WebUIKeywordMain.stepFailed(WebUIKeywordMain.groovy:65)\r\n\tat com.kms.katalon.core.webui.keyword.internal.WebUIKeywordMain.runKeyword(WebUIKeywordMain.groovy:27)\r\n\tat com.kms.katalon.core.webui.keyword.builtin.ClickKeyword.click(ClickKeyword.groovy:86)\r\n\tat com.kms.katalon.core.webui.keyword.builtin.ClickKeyword.execute(ClickKeyword.groovy:67)\r\n\tat com.kms.katalon.core.keyword.internal.KeywordExecutor.executeKeywordForPlatform(KeywordExecutor.groovy:53)\r\n\tat com.kms.katalon.core.webui.keyword.WebUiBuiltInKeywords.click(WebUiBuiltInKeywords.groovy:616)\r\n\tat com.kms.katalon.core.webui.keyword.WebUiBuiltInKeywords$click$6.call(Unknown Source)\r\n\tat org.codehaus.groovy.runtime.callsite.CallSiteArray.defaultCall(CallSiteArray.java:48)\r\n\tat org.codehaus.groovy.runtime.callsite.AbstractCallSite.call(AbstractCallSite.java:113)\r\n\tat org.codehaus.groovy.runtime.callsite.AbstractCallSite.call(AbstractCallSite.java:125)\r\n\tat Script1542690669253.run(Script1542690669253.groovy:20)\r\n\tat com.kms.katalon.core.main.ScriptEngine.run(ScriptEngine.java:183)\r\n\tat com.kms.katalon.core.main.ScriptEngine.runScriptAsRawText(ScriptEngine.java:108)\r\n\tat com.kms.katalon.core.main.TestCaseExecutor.runScript(TestCaseExecutor.java:294)\r\n\tat com.kms.katalon.core.main.TestCaseExecutor.doExecute(TestCaseExecutor.java:285)\r\n\tat com.kms.katalon.core.main.TestCaseExecutor.processExecutionPhase(TestCaseExecutor.java:264)\r\n\tat com.kms.katalon.core.main.TestCaseExecutor.accessMainPhase(TestCaseExecutor.java:256)\r\n\tat com.kms.katalon.core.main.TestCaseExecutor.execute(TestCaseExecutor.java:200)\r\n\tat com.kms.katalon.core.main.TestSuiteExecutor.accessTestCaseMainPhase(TestSuiteExecutor.java:129)\r\n\tat com.kms.katalon.core.main.TestSuiteExecutor.accessTestSuiteMainPhase(TestSuiteExecutor.java:112)\r\n\tat com.kms.katalon.core.main.TestSuiteExecutor.execute(TestSuiteExecutor.java:81)\r\n\tat com.kms.katalon.core.main.TestCaseMain.startTestSuite(TestCaseMain.java:142)\r\n\tat com.kms.katalon.core.main.TestCaseMain$startTestSuite$0.call(Unknown Source)\r\n\tat org.codehaus.groovy.runtime.callsite.CallSiteArray.defaultCall(CallSiteArray.java:48)\r\n\tat org.codehaus.groovy.runtime.callsite.AbstractCallSite.call(AbstractCallSite.java:113)\r\n\tat org.codehaus.groovy.runtime.callsite.AbstractCallSite.call(AbstractCallSite.java:141)\r\n\tat TempTestSuite1542875180086.run(TempTestSuite1542875180086.groovy:36)\r\n\tat groovy.lang.GroovyShell.runScriptOrMainOrTestOrRunnable(GroovyShell.java:263)\r\n\tat groovy.lang.GroovyShell.run(GroovyShell.java:518)\r\n\tat groovy.lang.GroovyShell.run(GroovyShell.java:507)\r\n\tat groovy.ui.GroovyMain.processOnce(GroovyMain.java:653)\r\n\tat groovy.ui.GroovyMain.run(GroovyMain.java:384)\r\n\tat groovy.ui.GroovyMain.process(GroovyMain.java:370)\r\n\tat groovy.ui.GroovyMain.processArgs(GroovyMain.java:129)\r\n\tat groovy.ui.GroovyMain.main(GroovyMain.java:109)\r\n\tat sun.reflect.NativeMethodAccessorImpl.invoke0(Native Method)\r\n\tat sun.reflect.NativeMethodAccessorImpl.invoke(NativeMethodAccessorImpl.java:62)\r\n\tat sun.reflect.DelegatingMethodAccessorImpl.invoke(DelegatingMethodAccessorImpl.java:43)\r\n\tat java.lang.reflect.Method.invoke(Method.java:498)\r\n\tat org.codehaus.groovy.tools.GroovyStarter.rootLoader(GroovyStarter.java:109)\r\n\tat org.codehaus.groovy.tools.GroovyStarter.main(GroovyStarter.java:131)\r\n)</message>
  <exception>
    <message>com.kms.katalon.core.exception.StepFailedException: Unable to click on object 'Object Repository/ucf88_or/frontend/language/a_flagDrpdwn' (Root cause: org.openqa.selenium.WebDriverException: chrome not reachable
  (Session info: chrome=70.0.3538.102)
  (Driver info: chromedriver=2.43.600210 (68dcf5eebde37173d4027fa8635e332711d2874a),platform=Windows NT 10.0.10586 x86_64) (WARNING: The server did not provide any stacktrace information)
Command duration or timeout: 0 milliseconds
Build info: version: '3.7.1', revision: '8a0099a', time: '2017-11-06T21:07:36.161Z'
System info: host: 'J9', ip: '172.16.8.107', os.name: 'Windows 10', os.arch: 'amd64', os.version: '10.0', java.version: '1.8.0_181'
Driver info: com.kms.katalon.selenium.driver.CChromeDriver
Capabilities {acceptInsecureCerts: false, acceptSslCerts: false, applicationCacheEnabled: false, browserConnectionEnabled: false, browserName: chrome, chrome: {chromedriverVersion: 2.43.600210 (68dcf5eebde371..., userDataDir: C:\Users\JANINE~1.BAU\AppDa...}, cssSelectorsEnabled: true, databaseEnabled: false, goog:chromeOptions: {debuggerAddress: localhost:59459}, handlesAlerts: true, hasTouchScreen: false, javascriptEnabled: true, locationContextEnabled: true, mobileEmulationEnabled: false, nativeEvents: true, networkConnectionEnabled: false, pageLoadStrategy: normal, platform: XP, platformName: XP, rotatable: false, setWindowRect: true, takesHeapSnapshot: true, takesScreenshot: true, unexpectedAlertBehaviour: , unhandledPromptBehavior: , version: 70.0.3538.102, webStorageEnabled: true}
Session ID: cd6bbe45af0456a3c582ac0b7401b701
*** Element info: {Using=xpath, value=//a [@class="dropdown-toggle"]})</message>
    <frame>
      <class>com.kms.katalon.core.keyword.internal.KeywordMain</class>
      <method>stepFailed</method>
      <line>36</line>
    </frame>
    <frame>
      <class>com.kms.katalon.core.webui.keyword.internal.WebUIKeywordMain</class>
      <method>stepFailed</method>
      <line>65</line>
    </frame>
    <frame>
      <class>com.kms.katalon.core.webui.keyword.internal.WebUIKeywordMain</class>
      <method>runKeyword</method>
      <line>27</line>
    </frame>
    <frame>
      <class>com.kms.katalon.core.webui.keyword.builtin.ClickKeyword</class>
      <method>click</method>
      <line>86</line>
    </frame>
    <frame>
      <class>com.kms.katalon.core.webui.keyword.builtin.ClickKeyword</class>
      <method>execute</method>
      <line>67</line>
    </frame>
    <frame>
      <class>com.kms.katalon.core.keyword.internal.KeywordExecutor</class>
      <method>executeKeywordForPlatform</method>
      <line>53</line>
    </frame>
    <frame>
      <class>com.kms.katalon.core.webui.keyword.WebUiBuiltInKeywords</class>
      <method>click</method>
      <line>616</line>
    </frame>
    <frame>
      <class>com.kms.katalon.core.webui.keyword.WebUiBuiltInKeywords$click$6</class>
      <method>call</method>
    </frame>
    <frame>
      <class>org.codehaus.groovy.runtime.callsite.CallSiteArray</class>
      <method>defaultCall</method>
      <line>48</line>
    </frame>
    <frame>
      <class>org.codehaus.groovy.runtime.callsite.AbstractCallSite</class>
      <method>call</method>
      <line>113</line>
    </frame>
    <frame>
      <class>org.codehaus.groovy.runtime.callsite.AbstractCallSite</class>
      <method>call</method>
      <line>125</line>
    </frame>
    <frame>
      <class>Script1542690669253</class>
      <method>run</method>
      <line>20</line>
    </frame>
    <frame>
      <class>com.kms.katalon.core.main.ScriptEngine</class>
      <method>run</method>
      <line>183</line>
    </frame>
    <frame>
      <class>com.kms.katalon.core.main.ScriptEngine</class>
      <method>runScriptAsRawText</method>
      <line>108</line>
    </frame>
    <frame>
      <class>com.kms.katalon.core.main.TestCaseExecutor</class>
      <method>runScript</method>
      <line>294</line>
    </frame>
    <frame>
      <class>com.kms.katalon.core.main.TestCaseExecutor</class>
      <method>doExecute</method>
      <line>285</line>
    </frame>
    <frame>
      <class>com.kms.katalon.core.main.TestCaseExecutor</class>
      <method>processExecutionPhase</method>
      <line>264</line>
    </frame>
    <frame>
      <class>com.kms.katalon.core.main.TestCaseExecutor</class>
      <method>accessMainPhase</method>
      <line>256</line>
    </frame>
    <frame>
      <class>com.kms.katalon.core.main.TestCaseExecutor</class>
      <method>execute</method>
      <line>200</line>
    </frame>
    <frame>
      <class>com.kms.katalon.core.main.TestSuiteExecutor</class>
      <method>accessTestCaseMainPhase</method>
      <line>129</line>
    </frame>
    <frame>
      <class>com.kms.katalon.core.main.TestSuiteExecutor</class>
      <method>accessTestSuiteMainPhase</method>
      <line>112</line>
    </frame>
    <frame>
      <class>com.kms.katalon.core.main.TestSuiteExecutor</class>
      <method>execute</method>
      <line>81</line>
    </frame>
    <frame>
      <class>com.kms.katalon.core.main.TestCaseMain</class>
      <method>startTestSuite</method>
      <line>142</line>
    </frame>
    <frame>
      <class>com.kms.katalon.core.main.TestCaseMain$startTestSuite$0</class>
      <method>call</method>
    </frame>
    <frame>
      <class>org.codehaus.groovy.runtime.callsite.CallSiteArray</class>
      <method>defaultCall</method>
      <line>48</line>
    </frame>
    <frame>
      <class>org.codehaus.groovy.runtime.callsite.AbstractCallSite</class>
      <method>call</method>
      <line>113</line>
    </frame>
    <frame>
      <class>org.codehaus.groovy.runtime.callsite.AbstractCallSite</class>
      <method>call</method>
      <line>141</line>
    </frame>
    <frame>
      <class>TempTestSuite1542875180086</class>
      <method>run</method>
      <line>36</line>
    </frame>
    <frame>
      <class>groovy.lang.GroovyShell</class>
      <method>runScriptOrMainOrTestOrRunnable</method>
      <line>263</line>
    </frame>
    <frame>
      <class>groovy.lang.GroovyShell</class>
      <method>run</method>
      <line>518</line>
    </frame>
    <frame>
      <class>groovy.lang.GroovyShell</class>
      <method>run</method>
      <line>507</line>
    </frame>
    <frame>
      <class>groovy.ui.GroovyMain</class>
      <method>processOnce</method>
      <line>653</line>
    </frame>
    <frame>
      <class>groovy.ui.GroovyMain</class>
      <method>run</method>
      <line>384</line>
    </frame>
    <frame>
      <class>groovy.ui.GroovyMain</class>
      <method>process</method>
      <line>370</line>
    </frame>
    <frame>
      <class>groovy.ui.GroovyMain</class>
      <method>processArgs</method>
      <line>129</line>
    </frame>
    <frame>
      <class>groovy.ui.GroovyMain</class>
      <method>main</method>
      <line>109</line>
    </frame>
    <frame>
      <class>sun.reflect.NativeMethodAccessorImpl</class>
      <method>invoke0</method>
    </frame>
    <frame>
      <class>sun.reflect.NativeMethodAccessorImpl</class>
      <method>invoke</method>
      <line>62</line>
    </frame>
    <frame>
      <class>sun.reflect.DelegatingMethodAccessorImpl</class>
      <method>invoke</method>
      <line>43</line>
    </frame>
    <frame>
      <class>java.lang.reflect.Method</class>
      <method>invoke</method>
      <line>498</line>
    </frame>
    <frame>
      <class>org.codehaus.groovy.tools.GroovyStarter</class>
      <method>rootLoader</method>
      <line>109</line>
    </frame>
    <frame>
      <class>org.codehaus.groovy.tools.GroovyStarter</class>
      <method>main</method>
      <line>131</line>
    </frame>
  </exception>
  <nestedLevel>0</nestedLevel>
</record>
<record>
  <date>2018-11-22T16:27:00</date>
  <millis>1542875220685</millis>
  <sequence>81</sequence>
  <level>END</level>
  <class>com.kms.katalon.core.logging.KeywordLogger</class>
  <method>endTest</method>
  <thread>1</thread>
  <message>End Test Case : Test Cases/ucf88_tc/frontend/language (P)/language</message>
  <nestedLevel>0</nestedLevel>
</record>
<record>
  <date>2018-11-22T16:27:01</date>
  <millis>1542875221243</millis>
  <sequence>82</sequence>
  <level>END</level>
  <class>com.kms.katalon.core.logging.KeywordLogger</class>
  <method>endSuite</method>
  <thread>1</thread>
  <message>End Test Suite : Test Suites/ucf88_ts/frontend/language (P)/language_ts</message>
  <nestedLevel>0</nestedLevel>
</record>
</log>