<?xml version="1.0" encoding="UTF-8" standalone="no"?>
<!DOCTYPE log SYSTEM "logger.dtd">
<log>
<record>
  <date>2018-10-29T18:27:25</date>
  <millis>1540808845571</millis>
  <sequence>0</sequence>
  <level>START</level>
  <class>com.kms.katalon.core.logging.KeywordLogger</class>
  <method>startSuite</method>
  <thread>1</thread>
  <message>Start Test Suite : Test Suites/ucf88_ts/backoffice/create_openMatch</message>
  <nestedLevel>0</nestedLevel>
  <property name="name">create_openMatch</property>
  <property name="description"></property>
  <property name="id">Test Suites/ucf88_ts/backoffice/create_openMatch</property>
</record>
<record>
  <date>2018-10-29T18:27:25</date>
  <millis>1540808845597</millis>
  <sequence>1</sequence>
  <level>RUN_DATA</level>
  <class>com.kms.katalon.core.logging.KeywordLogger</class>
  <method>logMessage</method>
  <thread>1</thread>
  <message>Logging run data &amp;apos;hostName&amp;apos; with value &amp;apos;janine.bautista - J9&amp;apos;</message>
  <nestedLevel>0</nestedLevel>
  <property name="hostName">janine.bautista - J9</property>
</record>
<record>
  <date>2018-10-29T18:27:25</date>
  <millis>1540808845598</millis>
  <sequence>2</sequence>
  <level>RUN_DATA</level>
  <class>com.kms.katalon.core.logging.KeywordLogger</class>
  <method>logMessage</method>
  <thread>1</thread>
  <message>Logging run data &amp;apos;os&amp;apos; with value &amp;apos;Windows 10 64bit&amp;apos;</message>
  <nestedLevel>0</nestedLevel>
  <property name="os">Windows 10 64bit</property>
</record>
<record>
  <date>2018-10-29T18:27:25</date>
  <millis>1540808845599</millis>
  <sequence>3</sequence>
  <level>RUN_DATA</level>
  <class>com.kms.katalon.core.logging.KeywordLogger</class>
  <method>logMessage</method>
  <thread>1</thread>
  <message>Logging run data &amp;apos;hostAddress&amp;apos; with value &amp;apos;172.16.8.107&amp;apos;</message>
  <nestedLevel>0</nestedLevel>
  <property name="hostAddress">172.16.8.107</property>
</record>
<record>
  <date>2018-10-29T18:27:25</date>
  <millis>1540808845600</millis>
  <sequence>4</sequence>
  <level>RUN_DATA</level>
  <class>com.kms.katalon.core.logging.KeywordLogger</class>
  <method>logMessage</method>
  <thread>1</thread>
  <message>Logging run data &amp;apos;katalonVersion&amp;apos; with value &amp;apos;5.8.3.2&amp;apos;</message>
  <nestedLevel>0</nestedLevel>
  <property name="katalonVersion">5.8.3.2</property>
</record>
<record>
  <date>2018-10-29T18:27:25</date>
  <millis>1540808845837</millis>
  <sequence>5</sequence>
  <level>START</level>
  <class>com.kms.katalon.core.logging.KeywordLogger</class>
  <method>startTest</method>
  <thread>1</thread>
  <message>Start Test Case : Test Cases/ucf88_tc/backoffice/login_tc</message>
  <nestedLevel>1</nestedLevel>
  <property name="name">Test Cases/ucf88_tc/backoffice/login_tc</property>
  <property name="description"></property>
  <property name="id">Test Cases/ucf88_tc/backoffice/login_tc</property>
  <property name="source">C:\\Users\\janine.bautista\\git\\CLICKPLAY\\Test Cases\\ucf88_tc\\backoffice\\login_tc.tc</property>
  <property name="isOptional">false</property>
</record>
<record>
  <date>2018-10-29T18:27:25</date>
  <millis>1540808845866</millis>
  <sequence>6</sequence>
  <level>INFO</level>
  <class>com.kms.katalon.core.logging.KeywordLogger</class>
  <method>logMessage</method>
  <thread>1</thread>
  <message>Evaluating variables for test case</message>
  <nestedLevel>1</nestedLevel>
</record>
<record>
  <date>2018-10-29T18:27:26</date>
  <millis>1540808846074</millis>
  <sequence>7</sequence>
  <level>START</level>
  <class>com.kms.katalon.core.logging.KeywordLogger</class>
  <method>startKeyword</method>
  <thread>1</thread>
  <message>Start action : openBrowser</message>
  <nestedLevel>1</nestedLevel>
  <property name="startLine">16</property>
  <property name="stepIndex">1</property>
</record>
<record>
  <date>2018-10-29T18:27:26</date>
  <millis>1540808846330</millis>
  <sequence>8</sequence>
  <level>INFO</level>
  <class>com.kms.katalon.core.logging.KeywordLogger</class>
  <method>logMessage</method>
  <thread>1</thread>
  <message>Opening browser</message>
  <nestedLevel>1</nestedLevel>
</record>
<record>
  <date>2018-10-29T18:27:26</date>
  <millis>1540808846337</millis>
  <sequence>9</sequence>
  <level>INFO</level>
  <class>com.kms.katalon.core.logging.KeywordLogger</class>
  <method>logMessage</method>
  <thread>1</thread>
  <message>Starting &amp;apos;Chrome&amp;apos; driver</message>
  <nestedLevel>1</nestedLevel>
</record>
<record>
  <date>2018-10-29T18:27:26</date>
  <millis>1540808846372</millis>
  <sequence>10</sequence>
  <level>INFO</level>
  <class>com.kms.katalon.core.logging.KeywordLogger</class>
  <method>logMessage</method>
  <thread>1</thread>
  <message>Action delay is set to 1 seconds</message>
  <nestedLevel>1</nestedLevel>
</record>
<record>
  <date>2018-10-29T18:27:29</date>
  <millis>1540808849803</millis>
  <sequence>12</sequence>
  <level>RUN_DATA</level>
  <class>com.kms.katalon.core.logging.KeywordLogger</class>
  <method>logMessage</method>
  <thread>1</thread>
  <message>Logging run data &amp;apos;sessionId&amp;apos; with value &amp;apos;8f4589d75cac359a7657b321c52f3851&amp;apos;</message>
  <nestedLevel>1</nestedLevel>
  <property name="sessionId">8f4589d75cac359a7657b321c52f3851</property>
</record>
<record>
  <date>2018-10-29T18:27:30</date>
  <millis>1540808850862</millis>
  <sequence>13</sequence>
  <level>RUN_DATA</level>
  <class>com.kms.katalon.core.logging.KeywordLogger</class>
  <method>logMessage</method>
  <thread>1</thread>
  <message>Logging run data &amp;apos;browser&amp;apos; with value &amp;apos;Chrome 69.0.3497.100&amp;apos;</message>
  <nestedLevel>1</nestedLevel>
  <property name="browser">Chrome 69.0.3497.100</property>
</record>
<record>
  <date>2018-10-29T18:27:30</date>
  <millis>1540808850863</millis>
  <sequence>14</sequence>
  <level>RUN_DATA</level>
  <class>com.kms.katalon.core.logging.KeywordLogger</class>
  <method>logMessage</method>
  <thread>1</thread>
  <message>Logging run data &amp;apos;platform&amp;apos; with value &amp;apos;Windows 10&amp;apos;</message>
  <nestedLevel>1</nestedLevel>
  <property name="platform">Windows 10</property>
</record>
<record>
  <date>2018-10-29T18:27:30</date>
  <millis>1540808850866</millis>
  <sequence>15</sequence>
  <level>RUN_DATA</level>
  <class>com.kms.katalon.core.logging.KeywordLogger</class>
  <method>logMessage</method>
  <thread>1</thread>
  <message>Logging run data &amp;apos;seleniumVersion&amp;apos; with value &amp;apos;3.7.1&amp;apos;</message>
  <nestedLevel>1</nestedLevel>
  <property name="seleniumVersion">3.7.1</property>
</record>
<record>
  <date>2018-10-29T18:27:30</date>
  <millis>1540808850868</millis>
  <sequence>16</sequence>
  <level>RUN_DATA</level>
  <class>com.kms.katalon.core.logging.KeywordLogger</class>
  <method>logMessage</method>
  <thread>1</thread>
  <message>Logging run data &amp;apos;proxyInformation&amp;apos; with value &amp;apos;ProxyInformation{proxyOption=NO_PROXY, proxyServerType=HTTP, password=, proxyServerAddress=, proxyServerPort=0}&amp;apos;</message>
  <nestedLevel>1</nestedLevel>
  <property name="proxyInformation">ProxyInformation{proxyOption=NO_PROXY, proxyServerType=HTTP, password=, proxyServerAddress=, proxyServerPort=0}</property>
</record>
<record>
  <date>2018-10-29T18:27:30</date>
  <millis>1540808850870</millis>
  <sequence>17</sequence>
  <level>PASSED</level>
  <class>com.kms.katalon.core.logging.KeywordLogger</class>
  <method>logMessage</method>
  <thread>1</thread>
  <message>Browser is opened with url: &amp;apos;&amp;apos;</message>
  <nestedLevel>1</nestedLevel>
</record>
<record>
  <date>2018-10-29T18:27:30</date>
  <millis>1540808850871</millis>
  <sequence>18</sequence>
  <level>END</level>
  <class>com.kms.katalon.core.logging.KeywordLogger</class>
  <method>endKeyword</method>
  <thread>1</thread>
  <message>End action : openBrowser</message>
  <nestedLevel>1</nestedLevel>
</record>
<record>
  <date>2018-10-29T18:27:30</date>
  <millis>1540808850872</millis>
  <sequence>19</sequence>
  <level>START</level>
  <class>com.kms.katalon.core.logging.KeywordLogger</class>
  <method>startKeyword</method>
  <thread>1</thread>
  <message>Start action : navigateToUrl</message>
  <nestedLevel>1</nestedLevel>
  <property name="startLine">18</property>
  <property name="stepIndex">2</property>
</record>
<record>
  <date>2018-10-29T18:27:30</date>
  <millis>1540808850885</millis>
  <sequence>20</sequence>
  <level>INFO</level>
  <class>com.kms.katalon.core.logging.KeywordLogger</class>
  <method>logMessage</method>
  <thread>1</thread>
  <message>Checking url</message>
  <nestedLevel>1</nestedLevel>
</record>
<record>
  <date>2018-10-29T18:27:30</date>
  <millis>1540808850887</millis>
  <sequence>21</sequence>
  <level>INFO</level>
  <class>com.kms.katalon.core.logging.KeywordLogger</class>
  <method>logMessage</method>
  <thread>1</thread>
  <message>Navigating to &amp;apos;http://dev-admin.ucf88.com/login&amp;apos;</message>
  <nestedLevel>1</nestedLevel>
</record>
<record>
  <date>2018-10-29T18:27:32</date>
  <millis>1540808852863</millis>
  <sequence>22</sequence>
  <level>PASSED</level>
  <class>com.kms.katalon.core.logging.KeywordLogger</class>
  <method>logMessage</method>
  <thread>1</thread>
  <message>Navigate to &amp;apos;http://dev-admin.ucf88.com/login&amp;apos; successfully</message>
  <nestedLevel>1</nestedLevel>
</record>
<record>
  <date>2018-10-29T18:27:32</date>
  <millis>1540808852864</millis>
  <sequence>23</sequence>
  <level>END</level>
  <class>com.kms.katalon.core.logging.KeywordLogger</class>
  <method>endKeyword</method>
  <thread>1</thread>
  <message>End action : navigateToUrl</message>
  <nestedLevel>1</nestedLevel>
</record>
<record>
  <date>2018-10-29T18:27:32</date>
  <millis>1540808852865</millis>
  <sequence>24</sequence>
  <level>START</level>
  <class>com.kms.katalon.core.logging.KeywordLogger</class>
  <method>startKeyword</method>
  <thread>1</thread>
  <message>Start action : maximizeWindow</message>
  <nestedLevel>1</nestedLevel>
  <property name="startLine">20</property>
  <property name="stepIndex">3</property>
</record>
<record>
  <date>2018-10-29T18:27:32</date>
  <millis>1540808852876</millis>
  <sequence>25</sequence>
  <level>INFO</level>
  <class>com.kms.katalon.core.logging.KeywordLogger</class>
  <method>logMessage</method>
  <thread>1</thread>
  <message>Maximizing current window</message>
  <nestedLevel>1</nestedLevel>
</record>
<record>
  <date>2018-10-29T18:27:35</date>
  <millis>1540808855011</millis>
  <sequence>26</sequence>
  <level>PASSED</level>
  <class>com.kms.katalon.core.logging.KeywordLogger</class>
  <method>logMessage</method>
  <thread>1</thread>
  <message>Current window maximized</message>
  <nestedLevel>1</nestedLevel>
</record>
<record>
  <date>2018-10-29T18:27:35</date>
  <millis>1540808855011</millis>
  <sequence>27</sequence>
  <level>END</level>
  <class>com.kms.katalon.core.logging.KeywordLogger</class>
  <method>endKeyword</method>
  <thread>1</thread>
  <message>End action : maximizeWindow</message>
  <nestedLevel>1</nestedLevel>
</record>
<record>
  <date>2018-10-29T18:27:35</date>
  <millis>1540808855012</millis>
  <sequence>28</sequence>
  <level>START</level>
  <class>com.kms.katalon.core.logging.KeywordLogger</class>
  <method>startKeyword</method>
  <thread>1</thread>
  <message>Start action : setText</message>
  <nestedLevel>1</nestedLevel>
  <property name="startLine">22</property>
  <property name="stepIndex">4</property>
</record>
<record>
  <date>2018-10-29T18:27:35</date>
  <millis>1540808855019</millis>
  <sequence>29</sequence>
  <level>INFO</level>
  <class>com.kms.katalon.core.logging.KeywordLogger</class>
  <method>logMessage</method>
  <thread>1</thread>
  <message>Finding Test Object with id &amp;apos;Object Repository/ucf88_or/backoffice/login_or/input_username&amp;apos;</message>
  <nestedLevel>1</nestedLevel>
</record>
<record>
  <date>2018-10-29T18:27:35</date>
  <millis>1540808855050</millis>
  <sequence>30</sequence>
  <level>INFO</level>
  <class>com.kms.katalon.core.logging.KeywordLogger</class>
  <method>logMessage</method>
  <thread>1</thread>
  <message>Checking object</message>
  <nestedLevel>1</nestedLevel>
</record>
<record>
  <date>2018-10-29T18:27:35</date>
  <millis>1540808855051</millis>
  <sequence>31</sequence>
  <level>INFO</level>
  <class>com.kms.katalon.core.logging.KeywordLogger</class>
  <method>logMessage</method>
  <thread>1</thread>
  <message>Checking text</message>
  <nestedLevel>1</nestedLevel>
</record>
<record>
  <date>2018-10-29T18:27:35</date>
  <millis>1540808855051</millis>
  <sequence>32</sequence>
  <level>INFO</level>
  <class>com.kms.katalon.core.logging.KeywordLogger</class>
  <method>logMessage</method>
  <thread>1</thread>
  <message>Checking timeout</message>
  <nestedLevel>1</nestedLevel>
</record>
<record>
  <date>2018-10-29T18:27:35</date>
  <millis>1540808855059</millis>
  <sequence>33</sequence>
  <level>INFO</level>
  <class>com.kms.katalon.core.logging.KeywordLogger</class>
  <method>logMessage</method>
  <thread>1</thread>
  <message>Finding web element with id: &amp;apos;Object Repository/ucf88_or/backoffice/login_or/input_username&amp;apos; located by &amp;apos;By.xpath: id(\&amp;quot;username\&amp;quot;)[count(. | //input[@type = &amp;apos;text&amp;apos; and @placeholder = &amp;apos;Username&amp;apos; and @name = &amp;apos;name&amp;apos; and @id = &amp;apos;username&amp;apos;]) = count(//input[@type = &amp;apos;text&amp;apos; and @placeholder = &amp;apos;Username&amp;apos; and @name = &amp;apos;name&amp;apos; and @id = &amp;apos;username&amp;apos;])]&amp;apos; in &amp;apos;7&amp;apos; second(s)</message>
  <nestedLevel>1</nestedLevel>
</record>
<record>
  <date>2018-10-29T18:27:36</date>
  <millis>1540808856106</millis>
  <sequence>34</sequence>
  <level>INFO</level>
  <class>com.kms.katalon.core.logging.KeywordLogger</class>
  <method>logMessage</method>
  <thread>1</thread>
  <message>Found 1 web elements with id: &amp;apos;Object Repository/ucf88_or/backoffice/login_or/input_username&amp;apos; located by &amp;apos;By.xpath: id(\&amp;quot;username\&amp;quot;)[count(. | //input[@type = &amp;apos;text&amp;apos; and @placeholder = &amp;apos;Username&amp;apos; and @name = &amp;apos;name&amp;apos; and @id = &amp;apos;username&amp;apos;]) = count(//input[@type = &amp;apos;text&amp;apos; and @placeholder = &amp;apos;Username&amp;apos; and @name = &amp;apos;name&amp;apos; and @id = &amp;apos;username&amp;apos;])]&amp;apos; in &amp;apos;7&amp;apos; second(s)</message>
  <nestedLevel>1</nestedLevel>
</record>
<record>
  <date>2018-10-29T18:27:36</date>
  <millis>1540808856107</millis>
  <sequence>35</sequence>
  <level>INFO</level>
  <class>com.kms.katalon.core.logging.KeywordLogger</class>
  <method>logMessage</method>
  <thread>1</thread>
  <message>Clearing text of object &amp;apos;Object Repository/ucf88_or/backoffice/login_or/input_username&amp;apos;</message>
  <nestedLevel>1</nestedLevel>
</record>
<record>
  <date>2018-10-29T18:27:37</date>
  <millis>1540808857128</millis>
  <sequence>36</sequence>
  <level>INFO</level>
  <class>com.kms.katalon.core.logging.KeywordLogger</class>
  <method>logMessage</method>
  <thread>1</thread>
  <message>Checking timeout</message>
  <nestedLevel>1</nestedLevel>
</record>
<record>
  <date>2018-10-29T18:27:37</date>
  <millis>1540808857128</millis>
  <sequence>37</sequence>
  <level>INFO</level>
  <class>com.kms.katalon.core.logging.KeywordLogger</class>
  <method>logMessage</method>
  <thread>1</thread>
  <message>Finding web element with id: &amp;apos;Object Repository/ucf88_or/backoffice/login_or/input_username&amp;apos; located by &amp;apos;By.xpath: id(\&amp;quot;username\&amp;quot;)[count(. | //input[@type = &amp;apos;text&amp;apos; and @placeholder = &amp;apos;Username&amp;apos; and @name = &amp;apos;name&amp;apos; and @id = &amp;apos;username&amp;apos;]) = count(//input[@type = &amp;apos;text&amp;apos; and @placeholder = &amp;apos;Username&amp;apos; and @name = &amp;apos;name&amp;apos; and @id = &amp;apos;username&amp;apos;])]&amp;apos; in &amp;apos;7&amp;apos; second(s)</message>
  <nestedLevel>1</nestedLevel>
</record>
<record>
  <date>2018-10-29T18:27:38</date>
  <millis>1540808858139</millis>
  <sequence>38</sequence>
  <level>INFO</level>
  <class>com.kms.katalon.core.logging.KeywordLogger</class>
  <method>logMessage</method>
  <thread>1</thread>
  <message>Found 1 web elements with id: &amp;apos;Object Repository/ucf88_or/backoffice/login_or/input_username&amp;apos; located by &amp;apos;By.xpath: id(\&amp;quot;username\&amp;quot;)[count(. | //input[@type = &amp;apos;text&amp;apos; and @placeholder = &amp;apos;Username&amp;apos; and @name = &amp;apos;name&amp;apos; and @id = &amp;apos;username&amp;apos;]) = count(//input[@type = &amp;apos;text&amp;apos; and @placeholder = &amp;apos;Username&amp;apos; and @name = &amp;apos;name&amp;apos; and @id = &amp;apos;username&amp;apos;])]&amp;apos; in &amp;apos;7&amp;apos; second(s)</message>
  <nestedLevel>1</nestedLevel>
</record>
<record>
  <date>2018-10-29T18:27:38</date>
  <millis>1540808858143</millis>
  <sequence>39</sequence>
  <level>INFO</level>
  <class>com.kms.katalon.core.logging.KeywordLogger</class>
  <method>logMessage</method>
  <thread>1</thread>
  <message>Setting text of object &amp;apos;Object Repository/ucf88_or/backoffice/login_or/input_username&amp;apos; to value &amp;apos;admin&amp;apos;</message>
  <nestedLevel>1</nestedLevel>
</record>
<record>
  <date>2018-10-29T18:27:39</date>
  <millis>1540808859191</millis>
  <sequence>40</sequence>
  <level>PASSED</level>
  <class>com.kms.katalon.core.logging.KeywordLogger</class>
  <method>logMessage</method>
  <thread>1</thread>
  <message>Text &amp;apos;admin&amp;apos; is set on object &amp;apos;Object Repository/ucf88_or/backoffice/login_or/input_username&amp;apos;</message>
  <nestedLevel>1</nestedLevel>
</record>
<record>
  <date>2018-10-29T18:27:39</date>
  <millis>1540808859192</millis>
  <sequence>41</sequence>
  <level>END</level>
  <class>com.kms.katalon.core.logging.KeywordLogger</class>
  <method>endKeyword</method>
  <thread>1</thread>
  <message>End action : setText</message>
  <nestedLevel>1</nestedLevel>
</record>
<record>
  <date>2018-10-29T18:27:39</date>
  <millis>1540808859192</millis>
  <sequence>42</sequence>
  <level>START</level>
  <class>com.kms.katalon.core.logging.KeywordLogger</class>
  <method>startKeyword</method>
  <thread>1</thread>
  <message>Start action : setEncryptedText</message>
  <nestedLevel>1</nestedLevel>
  <property name="startLine">24</property>
  <property name="stepIndex">5</property>
</record>
<record>
  <date>2018-10-29T18:27:39</date>
  <millis>1540808859192</millis>
  <sequence>43</sequence>
  <level>INFO</level>
  <class>com.kms.katalon.core.logging.KeywordLogger</class>
  <method>logMessage</method>
  <thread>1</thread>
  <message>Finding Test Object with id &amp;apos;Object Repository/ucf88_or/backoffice/login_or/input_password&amp;apos;</message>
  <nestedLevel>1</nestedLevel>
</record>
<record>
  <date>2018-10-29T18:27:39</date>
  <millis>1540808859205</millis>
  <sequence>44</sequence>
  <level>INFO</level>
  <class>com.kms.katalon.core.logging.KeywordLogger</class>
  <method>logMessage</method>
  <thread>1</thread>
  <message>Checking object</message>
  <nestedLevel>1</nestedLevel>
</record>
<record>
  <date>2018-10-29T18:27:39</date>
  <millis>1540808859205</millis>
  <sequence>45</sequence>
  <level>INFO</level>
  <class>com.kms.katalon.core.logging.KeywordLogger</class>
  <method>logMessage</method>
  <thread>1</thread>
  <message>Checking text</message>
  <nestedLevel>1</nestedLevel>
</record>
<record>
  <date>2018-10-29T18:27:39</date>
  <millis>1540808859261</millis>
  <sequence>46</sequence>
  <level>INFO</level>
  <class>com.kms.katalon.core.logging.KeywordLogger</class>
  <method>logMessage</method>
  <thread>1</thread>
  <message>Checking timeout</message>
  <nestedLevel>1</nestedLevel>
</record>
<record>
  <date>2018-10-29T18:27:39</date>
  <millis>1540808859263</millis>
  <sequence>47</sequence>
  <level>INFO</level>
  <class>com.kms.katalon.core.logging.KeywordLogger</class>
  <method>logMessage</method>
  <thread>1</thread>
  <message>Finding web element with id: &amp;apos;Object Repository/ucf88_or/backoffice/login_or/input_password&amp;apos; located by &amp;apos;By.xpath: id(\&amp;quot;password\&amp;quot;)[count(. | //input[@type = &amp;apos;password&amp;apos; and @placeholder = &amp;apos;Password&amp;apos; and @name = &amp;apos;password&amp;apos; and @id = &amp;apos;password&amp;apos;]) = count(//input[@type = &amp;apos;password&amp;apos; and @placeholder = &amp;apos;Password&amp;apos; and @name = &amp;apos;password&amp;apos; and @id = &amp;apos;password&amp;apos;])]&amp;apos; in &amp;apos;7&amp;apos; second(s)</message>
  <nestedLevel>1</nestedLevel>
</record>
<record>
  <date>2018-10-29T18:27:40</date>
  <millis>1540808860305</millis>
  <sequence>48</sequence>
  <level>INFO</level>
  <class>com.kms.katalon.core.logging.KeywordLogger</class>
  <method>logMessage</method>
  <thread>1</thread>
  <message>Found 1 web elements with id: &amp;apos;Object Repository/ucf88_or/backoffice/login_or/input_password&amp;apos; located by &amp;apos;By.xpath: id(\&amp;quot;password\&amp;quot;)[count(. | //input[@type = &amp;apos;password&amp;apos; and @placeholder = &amp;apos;Password&amp;apos; and @name = &amp;apos;password&amp;apos; and @id = &amp;apos;password&amp;apos;]) = count(//input[@type = &amp;apos;password&amp;apos; and @placeholder = &amp;apos;Password&amp;apos; and @name = &amp;apos;password&amp;apos; and @id = &amp;apos;password&amp;apos;])]&amp;apos; in &amp;apos;7&amp;apos; second(s)</message>
  <nestedLevel>1</nestedLevel>
</record>
<record>
  <date>2018-10-29T18:27:40</date>
  <millis>1540808860307</millis>
  <sequence>49</sequence>
  <level>INFO</level>
  <class>com.kms.katalon.core.logging.KeywordLogger</class>
  <method>logMessage</method>
  <thread>1</thread>
  <message>Clearing text of object &amp;apos;Object Repository/ucf88_or/backoffice/login_or/input_password&amp;apos;</message>
  <nestedLevel>1</nestedLevel>
</record>
<record>
  <date>2018-10-29T18:27:41</date>
  <millis>1540808861344</millis>
  <sequence>50</sequence>
  <level>INFO</level>
  <class>com.kms.katalon.core.logging.KeywordLogger</class>
  <method>logMessage</method>
  <thread>1</thread>
  <message>Setting  text of object &amp;apos;Object Repository/ucf88_or/backoffice/login_or/input_password&amp;apos; to value ******</message>
  <nestedLevel>1</nestedLevel>
</record>
<record>
  <date>2018-10-29T18:27:42</date>
  <millis>1540808862450</millis>
  <sequence>51</sequence>
  <level>PASSED</level>
  <class>com.kms.katalon.core.logging.KeywordLogger</class>
  <method>logMessage</method>
  <thread>1</thread>
  <message>Text ****** has been set on object &amp;apos;Object Repository/ucf88_or/backoffice/login_or/input_password&amp;apos;</message>
  <nestedLevel>1</nestedLevel>
</record>
<record>
  <date>2018-10-29T18:27:42</date>
  <millis>1540808862450</millis>
  <sequence>52</sequence>
  <level>END</level>
  <class>com.kms.katalon.core.logging.KeywordLogger</class>
  <method>endKeyword</method>
  <thread>1</thread>
  <message>End action : setEncryptedText</message>
  <nestedLevel>1</nestedLevel>
</record>
<record>
  <date>2018-10-29T18:27:42</date>
  <millis>1540808862451</millis>
  <sequence>53</sequence>
  <level>START</level>
  <class>com.kms.katalon.core.logging.KeywordLogger</class>
  <method>startKeyword</method>
  <thread>1</thread>
  <message>Start action : click</message>
  <nestedLevel>1</nestedLevel>
  <property name="startLine">26</property>
  <property name="stepIndex">6</property>
</record>
<record>
  <date>2018-10-29T18:27:42</date>
  <millis>1540808862452</millis>
  <sequence>54</sequence>
  <level>INFO</level>
  <class>com.kms.katalon.core.logging.KeywordLogger</class>
  <method>logMessage</method>
  <thread>1</thread>
  <message>Finding Test Object with id &amp;apos;Object Repository/ucf88_or/backoffice/login_or/button_Login&amp;apos;</message>
  <nestedLevel>1</nestedLevel>
</record>
<record>
  <date>2018-10-29T18:27:42</date>
  <millis>1540808862468</millis>
  <sequence>55</sequence>
  <level>INFO</level>
  <class>com.kms.katalon.core.logging.KeywordLogger</class>
  <method>logMessage</method>
  <thread>1</thread>
  <message>Checking object</message>
  <nestedLevel>1</nestedLevel>
</record>
<record>
  <date>2018-10-29T18:27:42</date>
  <millis>1540808862469</millis>
  <sequence>56</sequence>
  <level>INFO</level>
  <class>com.kms.katalon.core.logging.KeywordLogger</class>
  <method>logMessage</method>
  <thread>1</thread>
  <message>Checking timeout</message>
  <nestedLevel>1</nestedLevel>
</record>
<record>
  <date>2018-10-29T18:27:42</date>
  <millis>1540808862469</millis>
  <sequence>57</sequence>
  <level>INFO</level>
  <class>com.kms.katalon.core.logging.KeywordLogger</class>
  <method>logMessage</method>
  <thread>1</thread>
  <message>Finding web element with id: &amp;apos;Object Repository/ucf88_or/backoffice/login_or/button_Login&amp;apos; located by &amp;apos;By.xpath: //button[@type=&amp;apos;submit&amp;apos;]&amp;apos; in &amp;apos;7&amp;apos; second(s)</message>
  <nestedLevel>1</nestedLevel>
</record>
<record>
  <date>2018-10-29T18:27:43</date>
  <millis>1540808863511</millis>
  <sequence>58</sequence>
  <level>INFO</level>
  <class>com.kms.katalon.core.logging.KeywordLogger</class>
  <method>logMessage</method>
  <thread>1</thread>
  <message>Found 1 web elements with id: &amp;apos;Object Repository/ucf88_or/backoffice/login_or/button_Login&amp;apos; located by &amp;apos;By.xpath: //button[@type=&amp;apos;submit&amp;apos;]&amp;apos; in &amp;apos;7&amp;apos; second(s)</message>
  <nestedLevel>1</nestedLevel>
</record>
<record>
  <date>2018-10-29T18:27:43</date>
  <millis>1540808863512</millis>
  <sequence>59</sequence>
  <level>INFO</level>
  <class>com.kms.katalon.core.logging.KeywordLogger</class>
  <method>logMessage</method>
  <thread>1</thread>
  <message>Clicking on object: &amp;apos;Object Repository/ucf88_or/backoffice/login_or/button_Login&amp;apos;</message>
  <nestedLevel>1</nestedLevel>
</record>
<record>
  <date>2018-10-29T18:27:46</date>
  <millis>1540808866662</millis>
  <sequence>60</sequence>
  <level>PASSED</level>
  <class>com.kms.katalon.core.logging.KeywordLogger</class>
  <method>logMessage</method>
  <thread>1</thread>
  <message>Object: &amp;apos;Object Repository/ucf88_or/backoffice/login_or/button_Login&amp;apos; is clicked on</message>
  <nestedLevel>1</nestedLevel>
</record>
<record>
  <date>2018-10-29T18:27:46</date>
  <millis>1540808866662</millis>
  <sequence>61</sequence>
  <level>END</level>
  <class>com.kms.katalon.core.logging.KeywordLogger</class>
  <method>endKeyword</method>
  <thread>1</thread>
  <message>End action : click</message>
  <nestedLevel>1</nestedLevel>
</record>
<record>
  <date>2018-10-29T18:27:46</date>
  <millis>1540808866663</millis>
  <sequence>62</sequence>
  <level>START</level>
  <class>com.kms.katalon.core.logging.KeywordLogger</class>
  <method>startKeyword</method>
  <thread>1</thread>
  <message>Start action : verifyElementPresent</message>
  <nestedLevel>1</nestedLevel>
  <property name="startLine">28</property>
  <property name="stepIndex">7</property>
</record>
<record>
  <date>2018-10-29T18:27:46</date>
  <millis>1540808866663</millis>
  <sequence>63</sequence>
  <level>INFO</level>
  <class>com.kms.katalon.core.logging.KeywordLogger</class>
  <method>logMessage</method>
  <thread>1</thread>
  <message>Finding Test Object with id &amp;apos;Object Repository/ucf88_or/backoffice/header_or/span_admin&amp;apos;</message>
  <nestedLevel>1</nestedLevel>
</record>
<record>
  <date>2018-10-29T18:27:46</date>
  <millis>1540808866673</millis>
  <sequence>64</sequence>
  <level>INFO</level>
  <class>com.kms.katalon.core.logging.KeywordLogger</class>
  <method>logMessage</method>
  <thread>1</thread>
  <message>Checking object</message>
  <nestedLevel>1</nestedLevel>
</record>
<record>
  <date>2018-10-29T18:27:46</date>
  <millis>1540808866673</millis>
  <sequence>65</sequence>
  <level>INFO</level>
  <class>com.kms.katalon.core.logging.KeywordLogger</class>
  <method>logMessage</method>
  <thread>1</thread>
  <message>Checking timeout</message>
  <nestedLevel>1</nestedLevel>
</record>
<record>
  <date>2018-10-29T18:27:46</date>
  <millis>1540808866676</millis>
  <sequence>66</sequence>
  <level>INFO</level>
  <class>com.kms.katalon.core.logging.KeywordLogger</class>
  <method>logMessage</method>
  <thread>1</thread>
  <message>Finding web element with id: &amp;apos;Object Repository/ucf88_or/backoffice/header_or/span_admin&amp;apos; located by &amp;apos;By.xpath: /html[1]/body[@class=\&amp;quot;page-header-fixed page-container-bg-solid\&amp;quot;]/div[@class=\&amp;quot;page-wrapper\&amp;quot;]/div[@class=\&amp;quot;page-wrapper-row\&amp;quot;]/div[@class=\&amp;quot;page-wrapper-top\&amp;quot;]/div[@class=\&amp;quot;page-header navbar-fixed-top\&amp;quot;]/div[@class=\&amp;quot;page-header-top\&amp;quot;]/div[@class=\&amp;quot;container-fluid\&amp;quot;]/div[@class=\&amp;quot;top-menu\&amp;quot;]/ul[@class=\&amp;quot;nav navbar-nav pull-right\&amp;quot;]/li[@class=\&amp;quot;dropdown dropdown-user dropdown-dark\&amp;quot;]/a[@class=\&amp;quot;dropdown-toggle\&amp;quot;]/span[@class=\&amp;quot;username username-hide-mobile\&amp;quot;][count(. | //span[(text() = &amp;apos; admin &amp;apos; or . = &amp;apos; admin &amp;apos;)]) = count(//span[(text() = &amp;apos; admin &amp;apos; or . = &amp;apos; admin &amp;apos;)])]&amp;apos; in &amp;apos;3&amp;apos; second(s)</message>
  <nestedLevel>1</nestedLevel>
</record>
<record>
  <date>2018-10-29T18:27:47</date>
  <millis>1540808867717</millis>
  <sequence>67</sequence>
  <level>INFO</level>
  <class>com.kms.katalon.core.logging.KeywordLogger</class>
  <method>logMessage</method>
  <thread>1</thread>
  <message>Found 1 web elements with id: &amp;apos;Object Repository/ucf88_or/backoffice/header_or/span_admin&amp;apos; located by &amp;apos;By.xpath: /html[1]/body[@class=\&amp;quot;page-header-fixed page-container-bg-solid\&amp;quot;]/div[@class=\&amp;quot;page-wrapper\&amp;quot;]/div[@class=\&amp;quot;page-wrapper-row\&amp;quot;]/div[@class=\&amp;quot;page-wrapper-top\&amp;quot;]/div[@class=\&amp;quot;page-header navbar-fixed-top\&amp;quot;]/div[@class=\&amp;quot;page-header-top\&amp;quot;]/div[@class=\&amp;quot;container-fluid\&amp;quot;]/div[@class=\&amp;quot;top-menu\&amp;quot;]/ul[@class=\&amp;quot;nav navbar-nav pull-right\&amp;quot;]/li[@class=\&amp;quot;dropdown dropdown-user dropdown-dark\&amp;quot;]/a[@class=\&amp;quot;dropdown-toggle\&amp;quot;]/span[@class=\&amp;quot;username username-hide-mobile\&amp;quot;][count(. | //span[(text() = &amp;apos; admin &amp;apos; or . = &amp;apos; admin &amp;apos;)]) = count(//span[(text() = &amp;apos; admin &amp;apos; or . = &amp;apos; admin &amp;apos;)])]&amp;apos; in &amp;apos;3&amp;apos; second(s)</message>
  <nestedLevel>1</nestedLevel>
</record>
<record>
  <date>2018-10-29T18:27:47</date>
  <millis>1540808867718</millis>
  <sequence>68</sequence>
  <level>PASSED</level>
  <class>com.kms.katalon.core.logging.KeywordLogger</class>
  <method>logMessage</method>
  <thread>1</thread>
  <message>Object &amp;apos;Object Repository/ucf88_or/backoffice/header_or/span_admin&amp;apos; is present</message>
  <nestedLevel>1</nestedLevel>
</record>
<record>
  <date>2018-10-29T18:27:47</date>
  <millis>1540808867718</millis>
  <sequence>69</sequence>
  <level>END</level>
  <class>com.kms.katalon.core.logging.KeywordLogger</class>
  <method>endKeyword</method>
  <thread>1</thread>
  <message>End action : verifyElementPresent</message>
  <nestedLevel>1</nestedLevel>
</record>
<record>
  <date>2018-10-29T18:27:47</date>
  <millis>1540808867718</millis>
  <sequence>70</sequence>
  <level>PASSED</level>
  <class>com.kms.katalon.core.logging.KeywordLogger</class>
  <method>logMessage</method>
  <thread>1</thread>
  <message>Test Cases/ucf88_tc/backoffice/login_tc</message>
  <nestedLevel>1</nestedLevel>
</record>
<record>
  <date>2018-10-29T18:27:47</date>
  <millis>1540808867719</millis>
  <sequence>71</sequence>
  <level>END</level>
  <class>com.kms.katalon.core.logging.KeywordLogger</class>
  <method>endTest</method>
  <thread>1</thread>
  <message>End Test Case : Test Cases/ucf88_tc/backoffice/login_tc</message>
  <nestedLevel>0</nestedLevel>
</record>
<record>
  <date>2018-10-29T18:27:47</date>
  <millis>1540808867719</millis>
  <sequence>72</sequence>
  <level>START</level>
  <class>com.kms.katalon.core.logging.KeywordLogger</class>
  <method>startTest</method>
  <thread>1</thread>
  <message>Start Test Case : Test Cases/ucf88_tc/backoffice/createArena_tc</message>
  <nestedLevel>1</nestedLevel>
  <property name="name">Test Cases/ucf88_tc/backoffice/createArena_tc</property>
  <property name="description"></property>
  <property name="id">Test Cases/ucf88_tc/backoffice/createArena_tc</property>
  <property name="source">C:\\Users\\janine.bautista\\git\\CLICKPLAY\\Test Cases\\ucf88_tc\\backoffice\\createArena_tc.tc</property>
  <property name="isOptional">false</property>
</record>
<record>
  <date>2018-10-29T18:27:47</date>
  <millis>1540808867719</millis>
  <sequence>73</sequence>
  <level>INFO</level>
  <class>com.kms.katalon.core.logging.KeywordLogger</class>
  <method>logMessage</method>
  <thread>1</thread>
  <message>Evaluating variables for test case</message>
  <nestedLevel>1</nestedLevel>
</record>
<record>
  <date>2018-10-29T18:27:47</date>
  <millis>1540808867773</millis>
  <sequence>74</sequence>
  <level>INFO</level>
  <class>com.kms.katalon.core.logging.KeywordLogger</class>
  <method>logMessage</method>
  <thread>1</thread>
  <message>Variable &amp;apos;arenaName&amp;apos; is set to  as default</message>
  <nestedLevel>1</nestedLevel>
</record>
<record>
  <date>2018-10-29T18:27:47</date>
  <millis>1540808867773</millis>
  <sequence>75</sequence>
  <level>INFO</level>
  <class>com.kms.katalon.core.logging.KeywordLogger</class>
  <method>logMessage</method>
  <thread>1</thread>
  <message>Variable &amp;apos;eventName&amp;apos; is set to F1</message>
  <nestedLevel>1</nestedLevel>
</record>
<record>
  <date>2018-10-29T18:27:47</date>
  <millis>1540808867773</millis>
  <sequence>76</sequence>
  <level>INFO</level>
  <class>com.kms.katalon.core.logging.KeywordLogger</class>
  <method>logMessage</method>
  <thread>1</thread>
  <message>Variable &amp;apos;acronym&amp;apos; is set to A1</message>
  <nestedLevel>1</nestedLevel>
</record>
<record>
  <date>2018-10-29T18:27:47</date>
  <millis>1540808867774</millis>
  <sequence>77</sequence>
  <level>INFO</level>
  <class>com.kms.katalon.core.logging.KeywordLogger</class>
  <method>logMessage</method>
  <thread>1</thread>
  <message>Variable &amp;apos;profitMargin&amp;apos; is set to 10</message>
  <nestedLevel>1</nestedLevel>
</record>
<record>
  <date>2018-10-29T18:27:47</date>
  <millis>1540808867900</millis>
  <sequence>78</sequence>
  <level>START</level>
  <class>com.kms.katalon.core.logging.KeywordLogger</class>
  <method>startKeyword</method>
  <thread>1</thread>
  <message>Start action : mouseOver</message>
  <nestedLevel>1</nestedLevel>
  <property name="startLine">16</property>
  <property name="stepIndex">1</property>
</record>
<record>
  <date>2018-10-29T18:27:47</date>
  <millis>1540808867902</millis>
  <sequence>79</sequence>
  <level>INFO</level>
  <class>com.kms.katalon.core.logging.KeywordLogger</class>
  <method>logMessage</method>
  <thread>1</thread>
  <message>Finding Test Object with id &amp;apos;Object Repository/ucf88_or/backoffice/header_or/span_Betting&amp;apos;</message>
  <nestedLevel>1</nestedLevel>
</record>
<record>
  <date>2018-10-29T18:27:47</date>
  <millis>1540808867911</millis>
  <sequence>80</sequence>
  <level>INFO</level>
  <class>com.kms.katalon.core.logging.KeywordLogger</class>
  <method>logMessage</method>
  <thread>1</thread>
  <message>Checking object</message>
  <nestedLevel>1</nestedLevel>
</record>
<record>
  <date>2018-10-29T18:27:47</date>
  <millis>1540808867911</millis>
  <sequence>81</sequence>
  <level>INFO</level>
  <class>com.kms.katalon.core.logging.KeywordLogger</class>
  <method>logMessage</method>
  <thread>1</thread>
  <message>Checking timeout</message>
  <nestedLevel>1</nestedLevel>
</record>
<record>
  <date>2018-10-29T18:27:47</date>
  <millis>1540808867911</millis>
  <sequence>82</sequence>
  <level>INFO</level>
  <class>com.kms.katalon.core.logging.KeywordLogger</class>
  <method>logMessage</method>
  <thread>1</thread>
  <message>Finding web element with id: &amp;apos;Object Repository/ucf88_or/backoffice/header_or/span_Betting&amp;apos; located by &amp;apos;By.xpath: id(\&amp;quot;nav_Betting\&amp;quot;)/span[1][count(. | //span[(text() = &amp;apos;Betting&amp;apos; or . = &amp;apos;Betting&amp;apos;)]) = count(//span[(text() = &amp;apos;Betting&amp;apos; or . = &amp;apos;Betting&amp;apos;)])]&amp;apos; in &amp;apos;7&amp;apos; second(s)</message>
  <nestedLevel>1</nestedLevel>
</record>
<record>
  <date>2018-10-29T18:27:48</date>
  <millis>1540808868948</millis>
  <sequence>83</sequence>
  <level>INFO</level>
  <class>com.kms.katalon.core.logging.KeywordLogger</class>
  <method>logMessage</method>
  <thread>1</thread>
  <message>Found 1 web elements with id: &amp;apos;Object Repository/ucf88_or/backoffice/header_or/span_Betting&amp;apos; located by &amp;apos;By.xpath: id(\&amp;quot;nav_Betting\&amp;quot;)/span[1][count(. | //span[(text() = &amp;apos;Betting&amp;apos; or . = &amp;apos;Betting&amp;apos;)]) = count(//span[(text() = &amp;apos;Betting&amp;apos; or . = &amp;apos;Betting&amp;apos;)])]&amp;apos; in &amp;apos;7&amp;apos; second(s)</message>
  <nestedLevel>1</nestedLevel>
</record>
<record>
  <date>2018-10-29T18:27:48</date>
  <millis>1540808868949</millis>
  <sequence>84</sequence>
  <level>INFO</level>
  <class>com.kms.katalon.core.logging.KeywordLogger</class>
  <method>logMessage</method>
  <thread>1</thread>
  <message>Moving mouse over object: &amp;apos;Object Repository/ucf88_or/backoffice/header_or/span_Betting&amp;apos;</message>
  <nestedLevel>1</nestedLevel>
</record>
<record>
  <date>2018-10-29T18:27:51</date>
  <millis>1540808871003</millis>
  <sequence>85</sequence>
  <level>PASSED</level>
  <class>com.kms.katalon.core.logging.KeywordLogger</class>
  <method>logMessage</method>
  <thread>1</thread>
  <message>Object: &amp;apos;Object Repository/ucf88_or/backoffice/header_or/span_Betting&amp;apos; is hovered</message>
  <nestedLevel>1</nestedLevel>
</record>
<record>
  <date>2018-10-29T18:27:51</date>
  <millis>1540808871004</millis>
  <sequence>86</sequence>
  <level>END</level>
  <class>com.kms.katalon.core.logging.KeywordLogger</class>
  <method>endKeyword</method>
  <thread>1</thread>
  <message>End action : mouseOver</message>
  <nestedLevel>1</nestedLevel>
</record>
<record>
  <date>2018-10-29T18:27:51</date>
  <millis>1540808871004</millis>
  <sequence>87</sequence>
  <level>START</level>
  <class>com.kms.katalon.core.logging.KeywordLogger</class>
  <method>startKeyword</method>
  <thread>1</thread>
  <message>Start action : verifyElementPresent</message>
  <nestedLevel>1</nestedLevel>
  <property name="startLine">18</property>
  <property name="stepIndex">2</property>
</record>
<record>
  <date>2018-10-29T18:27:51</date>
  <millis>1540808871005</millis>
  <sequence>88</sequence>
  <level>INFO</level>
  <class>com.kms.katalon.core.logging.KeywordLogger</class>
  <method>logMessage</method>
  <thread>1</thread>
  <message>Finding Test Object with id &amp;apos;Object Repository/ucf88_or/backoffice/header_or/span_Arena&amp;apos;</message>
  <nestedLevel>1</nestedLevel>
</record>
<record>
  <date>2018-10-29T18:27:51</date>
  <millis>1540808871011</millis>
  <sequence>89</sequence>
  <level>INFO</level>
  <class>com.kms.katalon.core.logging.KeywordLogger</class>
  <method>logMessage</method>
  <thread>1</thread>
  <message>Checking object</message>
  <nestedLevel>1</nestedLevel>
</record>
<record>
  <date>2018-10-29T18:27:51</date>
  <millis>1540808871012</millis>
  <sequence>90</sequence>
  <level>INFO</level>
  <class>com.kms.katalon.core.logging.KeywordLogger</class>
  <method>logMessage</method>
  <thread>1</thread>
  <message>Checking timeout</message>
  <nestedLevel>1</nestedLevel>
</record>
<record>
  <date>2018-10-29T18:27:51</date>
  <millis>1540808871012</millis>
  <sequence>91</sequence>
  <level>INFO</level>
  <class>com.kms.katalon.core.logging.KeywordLogger</class>
  <method>logMessage</method>
  <thread>1</thread>
  <message>Finding web element with id: &amp;apos;Object Repository/ucf88_or/backoffice/header_or/span_Arena&amp;apos; located by &amp;apos;By.xpath: id(\&amp;quot;nav_Arena\&amp;quot;)/span[1][count(. | //span[(text() = &amp;apos;Arena&amp;apos; or . = &amp;apos;Arena&amp;apos;)]) = count(//span[(text() = &amp;apos;Arena&amp;apos; or . = &amp;apos;Arena&amp;apos;)])]&amp;apos; in &amp;apos;2&amp;apos; second(s)</message>
  <nestedLevel>1</nestedLevel>
</record>
<record>
  <date>2018-10-29T18:27:52</date>
  <millis>1540808872054</millis>
  <sequence>92</sequence>
  <level>INFO</level>
  <class>com.kms.katalon.core.logging.KeywordLogger</class>
  <method>logMessage</method>
  <thread>1</thread>
  <message>Found 1 web elements with id: &amp;apos;Object Repository/ucf88_or/backoffice/header_or/span_Arena&amp;apos; located by &amp;apos;By.xpath: id(\&amp;quot;nav_Arena\&amp;quot;)/span[1][count(. | //span[(text() = &amp;apos;Arena&amp;apos; or . = &amp;apos;Arena&amp;apos;)]) = count(//span[(text() = &amp;apos;Arena&amp;apos; or . = &amp;apos;Arena&amp;apos;)])]&amp;apos; in &amp;apos;2&amp;apos; second(s)</message>
  <nestedLevel>1</nestedLevel>
</record>
<record>
  <date>2018-10-29T18:27:52</date>
  <millis>1540808872055</millis>
  <sequence>93</sequence>
  <level>PASSED</level>
  <class>com.kms.katalon.core.logging.KeywordLogger</class>
  <method>logMessage</method>
  <thread>1</thread>
  <message>Object &amp;apos;Object Repository/ucf88_or/backoffice/header_or/span_Arena&amp;apos; is present</message>
  <nestedLevel>1</nestedLevel>
</record>
<record>
  <date>2018-10-29T18:27:52</date>
  <millis>1540808872056</millis>
  <sequence>94</sequence>
  <level>END</level>
  <class>com.kms.katalon.core.logging.KeywordLogger</class>
  <method>endKeyword</method>
  <thread>1</thread>
  <message>End action : verifyElementPresent</message>
  <nestedLevel>1</nestedLevel>
</record>
<record>
  <date>2018-10-29T18:27:52</date>
  <millis>1540808872056</millis>
  <sequence>95</sequence>
  <level>START</level>
  <class>com.kms.katalon.core.logging.KeywordLogger</class>
  <method>startKeyword</method>
  <thread>1</thread>
  <message>Start action : click</message>
  <nestedLevel>1</nestedLevel>
  <property name="startLine">20</property>
  <property name="stepIndex">3</property>
</record>
<record>
  <date>2018-10-29T18:27:52</date>
  <millis>1540808872056</millis>
  <sequence>96</sequence>
  <level>INFO</level>
  <class>com.kms.katalon.core.logging.KeywordLogger</class>
  <method>logMessage</method>
  <thread>1</thread>
  <message>Finding Test Object with id &amp;apos;Object Repository/ucf88_or/backoffice/header_or/span_Arena&amp;apos;</message>
  <nestedLevel>1</nestedLevel>
</record>
<record>
  <date>2018-10-29T18:27:52</date>
  <millis>1540808872056</millis>
  <sequence>97</sequence>
  <level>INFO</level>
  <class>com.kms.katalon.core.logging.KeywordLogger</class>
  <method>logMessage</method>
  <thread>1</thread>
  <message>Checking object</message>
  <nestedLevel>1</nestedLevel>
</record>
<record>
  <date>2018-10-29T18:27:52</date>
  <millis>1540808872056</millis>
  <sequence>98</sequence>
  <level>INFO</level>
  <class>com.kms.katalon.core.logging.KeywordLogger</class>
  <method>logMessage</method>
  <thread>1</thread>
  <message>Checking timeout</message>
  <nestedLevel>1</nestedLevel>
</record>
<record>
  <date>2018-10-29T18:27:52</date>
  <millis>1540808872056</millis>
  <sequence>99</sequence>
  <level>INFO</level>
  <class>com.kms.katalon.core.logging.KeywordLogger</class>
  <method>logMessage</method>
  <thread>1</thread>
  <message>Finding web element with id: &amp;apos;Object Repository/ucf88_or/backoffice/header_or/span_Arena&amp;apos; located by &amp;apos;By.xpath: id(\&amp;quot;nav_Arena\&amp;quot;)/span[1][count(. | //span[(text() = &amp;apos;Arena&amp;apos; or . = &amp;apos;Arena&amp;apos;)]) = count(//span[(text() = &amp;apos;Arena&amp;apos; or . = &amp;apos;Arena&amp;apos;)])]&amp;apos; in &amp;apos;7&amp;apos; second(s)</message>
  <nestedLevel>1</nestedLevel>
</record>
<record>
  <date>2018-10-29T18:27:53</date>
  <millis>1540808873080</millis>
  <sequence>100</sequence>
  <level>INFO</level>
  <class>com.kms.katalon.core.logging.KeywordLogger</class>
  <method>logMessage</method>
  <thread>1</thread>
  <message>Found 1 web elements with id: &amp;apos;Object Repository/ucf88_or/backoffice/header_or/span_Arena&amp;apos; located by &amp;apos;By.xpath: id(\&amp;quot;nav_Arena\&amp;quot;)/span[1][count(. | //span[(text() = &amp;apos;Arena&amp;apos; or . = &amp;apos;Arena&amp;apos;)]) = count(//span[(text() = &amp;apos;Arena&amp;apos; or . = &amp;apos;Arena&amp;apos;)])]&amp;apos; in &amp;apos;7&amp;apos; second(s)</message>
  <nestedLevel>1</nestedLevel>
</record>
<record>
  <date>2018-10-29T18:27:53</date>
  <millis>1540808873081</millis>
  <sequence>101</sequence>
  <level>INFO</level>
  <class>com.kms.katalon.core.logging.KeywordLogger</class>
  <method>logMessage</method>
  <thread>1</thread>
  <message>Clicking on object: &amp;apos;Object Repository/ucf88_or/backoffice/header_or/span_Arena&amp;apos;</message>
  <nestedLevel>1</nestedLevel>
</record>
<record>
  <date>2018-10-29T18:27:54</date>
  <millis>1540808874953</millis>
  <sequence>102</sequence>
  <level>PASSED</level>
  <class>com.kms.katalon.core.logging.KeywordLogger</class>
  <method>logMessage</method>
  <thread>1</thread>
  <message>Object: &amp;apos;Object Repository/ucf88_or/backoffice/header_or/span_Arena&amp;apos; is clicked on</message>
  <nestedLevel>1</nestedLevel>
</record>
<record>
  <date>2018-10-29T18:27:54</date>
  <millis>1540808874953</millis>
  <sequence>103</sequence>
  <level>END</level>
  <class>com.kms.katalon.core.logging.KeywordLogger</class>
  <method>endKeyword</method>
  <thread>1</thread>
  <message>End action : click</message>
  <nestedLevel>1</nestedLevel>
</record>
<record>
  <date>2018-10-29T18:27:54</date>
  <millis>1540808874954</millis>
  <sequence>104</sequence>
  <level>START</level>
  <class>com.kms.katalon.core.logging.KeywordLogger</class>
  <method>startKeyword</method>
  <thread>1</thread>
  <message>Start action : verifyElementPresent</message>
  <nestedLevel>1</nestedLevel>
  <property name="startLine">22</property>
  <property name="stepIndex">4</property>
</record>
<record>
  <date>2018-10-29T18:27:54</date>
  <millis>1540808874954</millis>
  <sequence>105</sequence>
  <level>INFO</level>
  <class>com.kms.katalon.core.logging.KeywordLogger</class>
  <method>logMessage</method>
  <thread>1</thread>
  <message>Finding Test Object with id &amp;apos;Object Repository/ucf88_or/backoffice/createArena_or/button_createArena&amp;apos;</message>
  <nestedLevel>1</nestedLevel>
</record>
<record>
  <date>2018-10-29T18:27:54</date>
  <millis>1540808874957</millis>
  <sequence>106</sequence>
  <level>INFO</level>
  <class>com.kms.katalon.core.logging.KeywordLogger</class>
  <method>logMessage</method>
  <thread>1</thread>
  <message>Checking object</message>
  <nestedLevel>1</nestedLevel>
</record>
<record>
  <date>2018-10-29T18:27:54</date>
  <millis>1540808874958</millis>
  <sequence>107</sequence>
  <level>INFO</level>
  <class>com.kms.katalon.core.logging.KeywordLogger</class>
  <method>logMessage</method>
  <thread>1</thread>
  <message>Checking timeout</message>
  <nestedLevel>1</nestedLevel>
</record>
<record>
  <date>2018-10-29T18:27:54</date>
  <millis>1540808874958</millis>
  <sequence>108</sequence>
  <level>INFO</level>
  <class>com.kms.katalon.core.logging.KeywordLogger</class>
  <method>logMessage</method>
  <thread>1</thread>
  <message>Finding web element with id: &amp;apos;Object Repository/ucf88_or/backoffice/createArena_or/button_createArena&amp;apos; located by &amp;apos;By.xpath: id(\&amp;quot;sports\&amp;quot;)/div[@class=\&amp;quot;portlet light\&amp;quot;]/div[@class=\&amp;quot;actions left\&amp;quot;]/button[@class=\&amp;quot;btn btn-success btn-xs btn-circle\&amp;quot;][count(. | //button[@href = &amp;apos;#add-arena&amp;apos; and (text() = &amp;apos; \n                                     Create Arena\n                                &amp;apos; or . = &amp;apos; \n                                     Create Arena\n                                &amp;apos;)]) = count(//button[@href = &amp;apos;#add-arena&amp;apos; and (text() = &amp;apos; \n                                     Create Arena\n                                &amp;apos; or . = &amp;apos; \n                                     Create Arena\n                                &amp;apos;)])]&amp;apos; in &amp;apos;2&amp;apos; second(s)</message>
  <nestedLevel>1</nestedLevel>
</record>
<record>
  <date>2018-10-29T18:27:58</date>
  <millis>1540808878022</millis>
  <sequence>109</sequence>
  <level>INFO</level>
  <class>com.kms.katalon.core.logging.KeywordLogger</class>
  <method>logMessage</method>
  <thread>1</thread>
  <message>Unable to find the element located by &amp;apos;By.xpath: id(\&amp;quot;sports\&amp;quot;)/div[@class=\&amp;quot;portlet light\&amp;quot;]/div[@class=\&amp;quot;actions left\&amp;quot;]/button[@class=\&amp;quot;btn btn-success btn-xs btn-circle\&amp;quot;][count(. | //button[@href = &amp;apos;#add-arena&amp;apos; and (text() = &amp;apos; \n                                     Create Arena\n                                &amp;apos; or . = &amp;apos; \n                                     Create Arena\n                                &amp;apos;)]) = count(//button[@href = &amp;apos;#add-arena&amp;apos; and (text() = &amp;apos; \n                                     Create Arena\n                                &amp;apos; or . = &amp;apos; \n                                     Create Arena\n                                &amp;apos;)])]&amp;apos;. Please recheck the objects properties to make sure the desired element is located. </message>
  <nestedLevel>1</nestedLevel>
</record>
